<?xml version="1.0" encoding="utf-8"?>
<CoverageSession xmlns:xsd="http://www.w3.org/2001/XMLSchema" xmlns:xsi="http://www.w3.org/2001/XMLSchema-instance" Version="4.6.0.0">
  <Summary numSequencePoints="311" visitedSequencePoints="159" numBranchPoints="86" visitedBranchPoints="28" sequenceCoverage="51.13" branchCoverage="32.56" maxCyclomaticComplexity="6" minCyclomaticComplexity="1" maxCrapScore="30" minCrapScore="1" visitedClasses="5" numClasses="5" visitedMethods="17" numMethods="34" />
  <Modules>
    <Module hash="6B-E7-D9-E3-AA-0D-42-F0-CA-A8-CF-D3-98-C0-DF-41-8A-B3-CB-BC">
      <Summary numSequencePoints="23" visitedSequencePoints="8" numBranchPoints="5" visitedBranchPoints="2" sequenceCoverage="34.78" branchCoverage="40" maxCyclomaticComplexity="1" minCyclomaticComplexity="1" maxCrapScore="2" minCrapScore="1" visitedClasses="1" numClasses="1" visitedMethods="2" numMethods="5" />
      <ModulePath>C:\Users\migue\Documents\Visual Studio 2017\Projects\KnowResult\LogicaTest\bin\Debug\LogicaTest.dll</ModulePath>
      <ModuleTime>2017-11-13T19:30:13.6190466Z</ModuleTime>
      <ModuleName>LogicaTest</ModuleName>
      <Files>
        <File uid="1" fullPath="C:\Users\migue\Documents\Visual Studio 2017\Projects\KnowResult\LogicaTest\DBPruebasTest.cs" />
      </Files>
      <Classes>
        <Class>
          <Summary numSequencePoints="23" visitedSequencePoints="8" numBranchPoints="5" visitedBranchPoints="2" sequenceCoverage="34.78" branchCoverage="40" maxCyclomaticComplexity="1" minCyclomaticComplexity="1" maxCrapScore="2" minCrapScore="1" visitedClasses="1" numClasses="1" visitedMethods="2" numMethods="5" />
          <FullName>LogicaTest.DBPruebasTest</FullName>
          <Methods>
            <Method visited="true" cyclomaticComplexity="1" nPathComplexity="0" sequenceCoverage="100" branchCoverage="100" crapScore="1" isConstructor="false" isStatic="false" isGetter="false" isSetter="false">
              <Summary numSequencePoints="3" visitedSequencePoints="3" numBranchPoints="1" visitedBranchPoints="1" sequenceCoverage="100" branchCoverage="100" maxCyclomaticComplexity="1" minCyclomaticComplexity="1" maxCrapScore="1" minCrapScore="1" visitedClasses="0" numClasses="0" visitedMethods="1" numMethods="1" />
              <MetadataToken>100663297</MetadataToken>
              <Name>System.Void LogicaTest.DBPruebasTest::inicializar()</Name>
              <FileRef uid="1" />
              <SequencePoints>
                <SequencePoint vc="1" uspid="1" ordinal="0" offset="0" sl="19" sc="9" el="19" ec="10" bec="0" bev="0" fileid="1" />
                <SequencePoint vc="1" uspid="2" ordinal="1" offset="1" sl="20" sc="13" el="20" ec="38" bec="0" bev="0" fileid="1" />
                <SequencePoint vc="1" uspid="3" ordinal="2" offset="12" sl="21" sc="9" el="21" ec="10" bec="0" bev="0" fileid="1" />
              </SequencePoints>
              <BranchPoints />
              <MethodPoint xsi:type="SequencePoint" vc="1" uspid="1" ordinal="0" offset="0" sl="19" sc="9" el="19" ec="10" bec="0" bev="0" fileid="1" />
            </Method>
            <Method visited="false" cyclomaticComplexity="1" nPathComplexity="0" sequenceCoverage="0" branchCoverage="0" crapScore="2" isConstructor="false" isStatic="false" isGetter="false" isSetter="false">
              <Summary numSequencePoints="7" visitedSequencePoints="0" numBranchPoints="1" visitedBranchPoints="0" sequenceCoverage="0" branchCoverage="0" maxCyclomaticComplexity="1" minCyclomaticComplexity="1" maxCrapScore="2" minCrapScore="2" visitedClasses="0" numClasses="0" visitedMethods="0" numMethods="1" />
              <MetadataToken>100663298</MetadataToken>
              <Name>System.Void LogicaTest.DBPruebasTest::TestCargaDatosIniciales()</Name>
              <FileRef uid="1" />
              <SequencePoints>
                <SequencePoint vc="0" uspid="4" ordinal="0" offset="0" sl="25" sc="9" el="25" ec="10" bec="0" bev="0" fileid="1" />
                <SequencePoint vc="0" uspid="5" ordinal="1" offset="1" sl="26" sc="13" el="26" ec="57" bec="0" bev="0" fileid="1" />
                <SequencePoint vc="0" uspid="6" ordinal="2" offset="18" sl="27" sc="13" el="27" ec="66" bec="0" bev="0" fileid="1" />
                <SequencePoint vc="0" uspid="7" ordinal="3" offset="41" sl="28" sc="13" el="28" ec="65" bec="0" bev="0" fileid="1" />
                <SequencePoint vc="0" uspid="8" ordinal="4" offset="65" sl="29" sc="13" el="29" ec="62" bec="0" bev="0" fileid="1" />
                <SequencePoint vc="0" uspid="9" ordinal="5" offset="88" sl="30" sc="13" el="30" ec="73" bec="0" bev="0" fileid="1" />
                <SequencePoint vc="0" uspid="10" ordinal="6" offset="116" sl="31" sc="9" el="31" ec="10" bec="0" bev="0" fileid="1" />
              </SequencePoints>
              <BranchPoints />
              <MethodPoint xsi:type="SequencePoint" vc="0" uspid="4" ordinal="0" offset="0" sl="25" sc="9" el="25" ec="10" bec="0" bev="0" fileid="1" />
            </Method>
            <Method visited="false" cyclomaticComplexity="1" nPathComplexity="0" sequenceCoverage="0" branchCoverage="0" crapScore="2" isConstructor="false" isStatic="false" isGetter="false" isSetter="false">
              <Summary numSequencePoints="5" visitedSequencePoints="0" numBranchPoints="1" visitedBranchPoints="0" sequenceCoverage="0" branchCoverage="0" maxCyclomaticComplexity="1" minCyclomaticComplexity="1" maxCrapScore="2" minCrapScore="2" visitedClasses="0" numClasses="0" visitedMethods="0" numMethods="1" />
              <MetadataToken>100663299</MetadataToken>
              <Name>System.Void LogicaTest.DBPruebasTest::TestcomprobarContraseña()</Name>
              <FileRef uid="1" />
              <SequencePoints>
                <SequencePoint vc="0" uspid="11" ordinal="0" offset="0" sl="35" sc="9" el="35" ec="10" bec="0" bev="0" fileid="1" />
                <SequencePoint vc="0" uspid="12" ordinal="1" offset="1" sl="36" sc="13" el="36" ec="73" bec="0" bev="0" fileid="1" />
                <SequencePoint vc="0" uspid="13" ordinal="2" offset="28" sl="37" sc="13" el="37" ec="74" bec="0" bev="0" fileid="1" />
                <SequencePoint vc="0" uspid="14" ordinal="3" offset="55" sl="38" sc="13" el="38" ec="71" bec="0" bev="0" fileid="1" />
                <SequencePoint vc="0" uspid="15" ordinal="4" offset="82" sl="39" sc="9" el="39" ec="10" bec="0" bev="0" fileid="1" />
              </SequencePoints>
              <BranchPoints />
              <MethodPoint xsi:type="SequencePoint" vc="0" uspid="11" ordinal="0" offset="0" sl="35" sc="9" el="35" ec="10" bec="0" bev="0" fileid="1" />
            </Method>
            <Method visited="false" cyclomaticComplexity="1" nPathComplexity="0" sequenceCoverage="0" branchCoverage="0" crapScore="2" isConstructor="false" isStatic="false" isGetter="false" isSetter="false">
              <Summary numSequencePoints="3" visitedSequencePoints="0" numBranchPoints="1" visitedBranchPoints="0" sequenceCoverage="0" branchCoverage="0" maxCyclomaticComplexity="1" minCyclomaticComplexity="1" maxCrapScore="2" minCrapScore="2" visitedClasses="0" numClasses="0" visitedMethods="0" numMethods="1" />
              <MetadataToken>100663300</MetadataToken>
              <Name>System.Void LogicaTest.DBPruebasTest::TestleeUsuario()</Name>
              <FileRef uid="1" />
              <SequencePoints>
                <SequencePoint vc="0" uspid="16" ordinal="0" offset="0" sl="43" sc="9" el="43" ec="10" bec="0" bev="0" fileid="1" />
                <SequencePoint vc="0" uspid="17" ordinal="1" offset="1" sl="44" sc="13" el="44" ec="77" bec="0" bev="0" fileid="1" />
                <SequencePoint vc="0" uspid="18" ordinal="2" offset="33" sl="45" sc="9" el="45" ec="10" bec="0" bev="0" fileid="1" />
              </SequencePoints>
              <BranchPoints />
              <MethodPoint xsi:type="SequencePoint" vc="0" uspid="16" ordinal="0" offset="0" sl="43" sc="9" el="43" ec="10" bec="0" bev="0" fileid="1" />
            </Method>
            <Method visited="true" cyclomaticComplexity="1" nPathComplexity="0" sequenceCoverage="100" branchCoverage="100" crapScore="1" isConstructor="false" isStatic="false" isGetter="false" isSetter="false">
              <Summary numSequencePoints="5" visitedSequencePoints="5" numBranchPoints="1" visitedBranchPoints="1" sequenceCoverage="100" branchCoverage="100" maxCyclomaticComplexity="1" minCyclomaticComplexity="1" maxCrapScore="1" minCrapScore="1" visitedClasses="0" numClasses="0" visitedMethods="1" numMethods="1" />
              <MetadataToken>100663301</MetadataToken>
              <Name>System.Void LogicaTest.DBPruebasTest::TestañadeUsuario()</Name>
              <FileRef uid="1" />
              <SequencePoints>
                <SequencePoint vc="1" uspid="19" ordinal="0" offset="0" sl="49" sc="9" el="49" ec="10" bec="0" bev="0" fileid="1">
                  <TrackedMethodRefs>
                    <TrackedMethodRef uid="4" vc="1" />
                  </TrackedMethodRefs>
                </SequencePoint>
                <SequencePoint vc="1" uspid="20" ordinal="1" offset="1" sl="50" sc="13" el="50" ec="42" bec="0" bev="0" fileid="1">
                  <TrackedMethodRefs>
                    <TrackedMethodRef uid="4" vc="1" />
                  </TrackedMethodRefs>
                </SequencePoint>
                <SequencePoint vc="1" uspid="21" ordinal="2" offset="13" sl="51" sc="13" el="51" ec="144" bec="0" bev="0" fileid="1">
                  <TrackedMethodRefs>
                    <TrackedMethodRef uid="4" vc="1" />
                  </TrackedMethodRefs>
                </SequencePoint>
                <SequencePoint vc="1" uspid="22" ordinal="3" offset="56" sl="52" sc="13" el="52" ec="65" bec="0" bev="0" fileid="1">
                  <TrackedMethodRefs>
                    <TrackedMethodRef uid="4" vc="1" />
                  </TrackedMethodRefs>
                </SequencePoint>
                <SequencePoint vc="1" uspid="23" ordinal="4" offset="80" sl="53" sc="9" el="53" ec="10" bec="0" bev="0" fileid="1">
                  <TrackedMethodRefs>
                    <TrackedMethodRef uid="4" vc="1" />
                  </TrackedMethodRefs>
                </SequencePoint>
              </SequencePoints>
              <BranchPoints />
              <MethodPoint xsi:type="SequencePoint" vc="1" uspid="19" ordinal="0" offset="0" sl="49" sc="9" el="49" ec="10" bec="0" bev="0" fileid="1">
                <TrackedMethodRefs>
                  <TrackedMethodRef uid="4" vc="1" />
                </TrackedMethodRefs>
              </MethodPoint>
            </Method>
            <Method visited="false" cyclomaticComplexity="1" nPathComplexity="0" sequenceCoverage="0" branchCoverage="0" crapScore="2" isConstructor="true" isStatic="false" isGetter="false" isSetter="false">
              <Summary numSequencePoints="0" visitedSequencePoints="0" numBranchPoints="0" visitedBranchPoints="0" sequenceCoverage="0" branchCoverage="0" maxCyclomaticComplexity="1" minCyclomaticComplexity="1" maxCrapScore="2" minCrapScore="2" visitedClasses="0" numClasses="0" visitedMethods="0" numMethods="0" />
              <MetadataToken>100663302</MetadataToken>
              <Name>System.Void LogicaTest.DBPruebasTest::.ctor()</Name>
              <SequencePoints />
              <BranchPoints />
              <MethodPoint vc="0" uspid="24" ordinal="0" offset="0" />
            </Method>
          </Methods>
        </Class>
      </Classes>
      <TrackedMethods>
        <TrackedMethod uid="1" token="100663298" name="System.Void LogicaTest.DBPruebasTest::TestCargaDatosIniciales()" strategy="MSTestTest" />
        <TrackedMethod uid="2" token="100663299" name="System.Void LogicaTest.DBPruebasTest::TestcomprobarContraseña()" strategy="MSTestTest" />
        <TrackedMethod uid="3" token="100663300" name="System.Void LogicaTest.DBPruebasTest::TestleeUsuario()" strategy="MSTestTest" />
        <TrackedMethod uid="4" token="100663301" name="System.Void LogicaTest.DBPruebasTest::TestañadeUsuario()" strategy="MSTestTest" />
      </TrackedMethods>
    </Module>
    <Module hash="07-24-2A-F6-E0-4A-FA-38-EF-24-A7-45-5D-1D-F4-82-B7-E1-80-80">
      <Summary numSequencePoints="255" visitedSequencePoints="118" numBranchPoints="75" visitedBranchPoints="20" sequenceCoverage="46.27" branchCoverage="26.67" maxCyclomaticComplexity="6" minCyclomaticComplexity="1" maxCrapScore="30" minCrapScore="1" visitedClasses="1" numClasses="1" visitedMethods="9" numMethods="23" />
      <ModulePath>C:\Users\migue\Documents\Visual Studio 2017\Projects\KnowResult\LogicaTest\bin\Debug\Logica.dll</ModulePath>
      <ModuleTime>2017-11-12T18:43:42.0296371Z</ModuleTime>
      <ModuleName>Logica</ModuleName>
      <Files>
        <File uid="3" fullPath="C:\Users\migue\Documents\Visual Studio 2017\Projects\KnowResult\Logica\DBPruebas.cs" />
      </Files>
      <Classes>
        <Class>
          <Summary numSequencePoints="255" visitedSequencePoints="118" numBranchPoints="75" visitedBranchPoints="20" sequenceCoverage="46.27" branchCoverage="26.67" maxCyclomaticComplexity="6" minCyclomaticComplexity="1" maxCrapScore="30" minCrapScore="1" visitedClasses="1" numClasses="1" visitedMethods="9" numMethods="23" />
          <FullName>Logica.DBPruebas</FullName>
          <Methods>
            <Method visited="true" cyclomaticComplexity="1" nPathComplexity="0" sequenceCoverage="100" branchCoverage="100" crapScore="1" isConstructor="true" isStatic="false" isGetter="false" isSetter="false">
              <Summary numSequencePoints="4" visitedSequencePoints="4" numBranchPoints="1" visitedBranchPoints="1" sequenceCoverage="100" branchCoverage="100" maxCyclomaticComplexity="1" minCyclomaticComplexity="1" maxCrapScore="1" minCrapScore="1" visitedClasses="0" numClasses="0" visitedMethods="1" numMethods="1" />
              <MetadataToken>100663297</MetadataToken>
              <Name>System.Void Logica.DBPruebas::.ctor()</Name>
              <FileRef uid="3" />
              <SequencePoints>
                <SequencePoint vc="1" uspid="25" ordinal="0" offset="0" sl="17" sc="9" el="17" ec="27" bec="0" bev="0" fileid="3" />
                <SequencePoint vc="1" uspid="26" ordinal="1" offset="7" sl="18" sc="9" el="18" ec="10" bec="0" bev="0" fileid="3" />
                <SequencePoint vc="1" uspid="27" ordinal="2" offset="8" sl="19" sc="13" el="19" ec="35" bec="0" bev="0" fileid="3" />
                <SequencePoint vc="1" uspid="28" ordinal="3" offset="15" sl="20" sc="9" el="20" ec="10" bec="0" bev="0" fileid="3" />
              </SequencePoints>
              <BranchPoints />
              <MethodPoint xsi:type="SequencePoint" vc="1" uspid="25" ordinal="0" offset="0" sl="17" sc="9" el="17" ec="27" bec="0" bev="0" fileid="3" />
            </Method>
            <Method visited="false" cyclomaticComplexity="3" nPathComplexity="2" sequenceCoverage="0" branchCoverage="0" crapScore="12" isConstructor="false" isStatic="false" isGetter="false" isSetter="false">
              <Summary numSequencePoints="6" visitedSequencePoints="0" numBranchPoints="3" visitedBranchPoints="0" sequenceCoverage="0" branchCoverage="0" maxCyclomaticComplexity="3" minCyclomaticComplexity="3" maxCrapScore="12" minCrapScore="12" visitedClasses="0" numClasses="0" visitedMethods="0" numMethods="1" />
              <MetadataToken>100663298</MetadataToken>
              <Name>System.Boolean Logica.DBPruebas::comprobarContraseña(System.String,System.String)</Name>
              <FileRef uid="3" />
              <SequencePoints>
                <SequencePoint vc="0" uspid="29" ordinal="0" offset="0" sl="23" sc="9" el="23" ec="10" bec="0" bev="0" fileid="3" />
                <SequencePoint vc="0" uspid="30" ordinal="1" offset="1" sl="24" sc="13" el="24" ec="45" bec="0" bev="0" fileid="3" />
                <SequencePoint vc="0" uspid="31" ordinal="2" offset="9" sl="25" sc="13" el="25" ec="59" bec="2" bev="0" fileid="3" />
                <SequencePoint vc="0" uspid="32" ordinal="3" offset="31" sl="26" sc="17" el="26" ec="29" bec="0" bev="0" fileid="3" />
                <SequencePoint vc="0" uspid="33" ordinal="4" offset="35" sl="27" sc="13" el="27" ec="26" bec="0" bev="0" fileid="3" />
                <SequencePoint vc="0" uspid="34" ordinal="5" offset="39" sl="28" sc="9" el="28" ec="10" bec="0" bev="0" fileid="3" />
              </SequencePoints>
              <BranchPoints>
                <BranchPoint vc="0" uspid="37" ordinal="2" offset="29" sl="25" path="0" offsetend="31" fileid="3" />
                <BranchPoint vc="0" uspid="38" ordinal="3" offset="29" sl="25" path="1" offsetend="35" fileid="3" />
              </BranchPoints>
              <MethodPoint xsi:type="SequencePoint" vc="0" uspid="29" ordinal="0" offset="0" sl="23" sc="9" el="23" ec="10" bec="0" bev="0" fileid="3" />
            </Method>
            <Method visited="true" cyclomaticComplexity="1" nPathComplexity="0" sequenceCoverage="100" branchCoverage="100" crapScore="1" isConstructor="false" isStatic="false" isGetter="false" isSetter="false">
              <Summary numSequencePoints="52" visitedSequencePoints="52" numBranchPoints="1" visitedBranchPoints="1" sequenceCoverage="100" branchCoverage="100" maxCyclomaticComplexity="1" minCyclomaticComplexity="1" maxCrapScore="1" minCrapScore="1" visitedClasses="0" numClasses="0" visitedMethods="1" numMethods="1" />
              <MetadataToken>100663299</MetadataToken>
              <Name>System.Boolean Logica.DBPruebas::cargaDatosIniciales()</Name>
              <FileRef uid="3" />
              <SequencePoints>
                <SequencePoint vc="2" uspid="39" ordinal="0" offset="0" sl="31" sc="9" el="31" ec="10" bec="0" bev="0" fileid="3">
                  <TrackedMethodRefs>
                    <TrackedMethodRef uid="4" vc="1" />
                  </TrackedMethodRefs>
                </SequencePoint>
                <SequencePoint vc="2" uspid="40" ordinal="1" offset="1" sl="32" sc="13" el="32" ec="60" bec="0" bev="0" fileid="3">
                  <TrackedMethodRefs>
                    <TrackedMethodRef uid="4" vc="1" />
                  </TrackedMethodRefs>
                </SequencePoint>
                <SequencePoint vc="2" uspid="41" ordinal="2" offset="12" sl="33" sc="13" el="33" ec="58" bec="0" bev="0" fileid="3">
                  <TrackedMethodRefs>
                    <TrackedMethodRef uid="4" vc="1" />
                  </TrackedMethodRefs>
                </SequencePoint>
                <SequencePoint vc="2" uspid="42" ordinal="3" offset="23" sl="34" sc="13" el="34" ec="71" bec="0" bev="0" fileid="3">
                  <TrackedMethodRefs>
                    <TrackedMethodRef uid="4" vc="1" />
                  </TrackedMethodRefs>
                </SequencePoint>
                <SequencePoint vc="2" uspid="43" ordinal="4" offset="34" sl="35" sc="13" el="35" ec="26" bec="0" bev="0" fileid="3">
                  <TrackedMethodRefs>
                    <TrackedMethodRef uid="4" vc="1" />
                  </TrackedMethodRefs>
                </SequencePoint>
                <SequencePoint vc="2" uspid="44" ordinal="5" offset="41" sl="36" sc="13" el="36" ec="26" bec="0" bev="0" fileid="3">
                  <TrackedMethodRefs>
                    <TrackedMethodRef uid="4" vc="1" />
                  </TrackedMethodRefs>
                </SequencePoint>
                <SequencePoint vc="2" uspid="45" ordinal="6" offset="48" sl="38" sc="13" el="38" ec="124" bec="0" bev="0" fileid="3">
                  <TrackedMethodRefs>
                    <TrackedMethodRef uid="4" vc="1" />
                  </TrackedMethodRefs>
                </SequencePoint>
                <SequencePoint vc="2" uspid="46" ordinal="7" offset="81" sl="40" sc="13" el="40" ec="112" bec="0" bev="0" fileid="3">
                  <TrackedMethodRefs>
                    <TrackedMethodRef uid="4" vc="1" />
                  </TrackedMethodRefs>
                </SequencePoint>
                <SequencePoint vc="2" uspid="47" ordinal="8" offset="114" sl="41" sc="13" el="41" ec="116" bec="0" bev="0" fileid="3">
                  <TrackedMethodRefs>
                    <TrackedMethodRef uid="4" vc="1" />
                  </TrackedMethodRefs>
                </SequencePoint>
                <SequencePoint vc="2" uspid="48" ordinal="9" offset="147" sl="43" sc="13" el="43" ec="118" bec="0" bev="0" fileid="3">
                  <TrackedMethodRefs>
                    <TrackedMethodRef uid="4" vc="1" />
                  </TrackedMethodRefs>
                </SequencePoint>
                <SequencePoint vc="2" uspid="49" ordinal="10" offset="180" sl="44" sc="13" el="44" ec="124" bec="0" bev="0" fileid="3">
                  <TrackedMethodRefs>
                    <TrackedMethodRef uid="4" vc="1" />
                  </TrackedMethodRefs>
                </SequencePoint>
                <SequencePoint vc="2" uspid="50" ordinal="11" offset="213" sl="45" sc="13" el="45" ec="122" bec="0" bev="0" fileid="3">
                  <TrackedMethodRefs>
                    <TrackedMethodRef uid="4" vc="1" />
                  </TrackedMethodRefs>
                </SequencePoint>
                <SequencePoint vc="2" uspid="51" ordinal="12" offset="246" sl="46" sc="13" el="46" ec="117" bec="0" bev="0" fileid="3">
                  <TrackedMethodRefs>
                    <TrackedMethodRef uid="4" vc="1" />
                  </TrackedMethodRefs>
                </SequencePoint>
                <SequencePoint vc="2" uspid="52" ordinal="13" offset="279" sl="47" sc="13" el="47" ec="117" bec="0" bev="0" fileid="3">
                  <TrackedMethodRefs>
                    <TrackedMethodRef uid="4" vc="1" />
                  </TrackedMethodRefs>
                </SequencePoint>
                <SequencePoint vc="2" uspid="53" ordinal="14" offset="312" sl="48" sc="13" el="48" ec="127" bec="0" bev="0" fileid="3">
                  <TrackedMethodRefs>
                    <TrackedMethodRef uid="4" vc="1" />
                  </TrackedMethodRefs>
                </SequencePoint>
                <SequencePoint vc="2" uspid="54" ordinal="15" offset="345" sl="49" sc="13" el="49" ec="124" bec="0" bev="0" fileid="3">
                  <TrackedMethodRefs>
                    <TrackedMethodRef uid="4" vc="1" />
                  </TrackedMethodRefs>
                </SequencePoint>
                <SequencePoint vc="2" uspid="55" ordinal="16" offset="378" sl="50" sc="13" el="50" ec="122" bec="0" bev="0" fileid="3">
                  <TrackedMethodRefs>
                    <TrackedMethodRef uid="4" vc="1" />
                  </TrackedMethodRefs>
                </SequencePoint>
                <SequencePoint vc="2" uspid="56" ordinal="17" offset="411" sl="51" sc="13" el="51" ec="115" bec="0" bev="0" fileid="3">
                  <TrackedMethodRefs>
                    <TrackedMethodRef uid="4" vc="1" />
                  </TrackedMethodRefs>
                </SequencePoint>
                <SequencePoint vc="2" uspid="57" ordinal="18" offset="444" sl="54" sc="13" el="54" ec="68" bec="0" bev="0" fileid="3">
                  <TrackedMethodRefs>
                    <TrackedMethodRef uid="4" vc="1" />
                  </TrackedMethodRefs>
                </SequencePoint>
                <SequencePoint vc="2" uspid="58" ordinal="19" offset="461" sl="55" sc="13" el="55" ec="68" bec="0" bev="0" fileid="3">
                  <TrackedMethodRefs>
                    <TrackedMethodRef uid="4" vc="1" />
                  </TrackedMethodRefs>
                </SequencePoint>
                <SequencePoint vc="2" uspid="59" ordinal="20" offset="478" sl="56" sc="13" el="56" ec="63" bec="0" bev="0" fileid="3">
                  <TrackedMethodRefs>
                    <TrackedMethodRef uid="4" vc="1" />
                  </TrackedMethodRefs>
                </SequencePoint>
                <SequencePoint vc="2" uspid="60" ordinal="21" offset="495" sl="57" sc="13" el="57" ec="63" bec="0" bev="0" fileid="3">
                  <TrackedMethodRefs>
                    <TrackedMethodRef uid="4" vc="1" />
                  </TrackedMethodRefs>
                </SequencePoint>
                <SequencePoint vc="2" uspid="61" ordinal="22" offset="512" sl="58" sc="13" el="58" ec="68" bec="0" bev="0" fileid="3">
                  <TrackedMethodRefs>
                    <TrackedMethodRef uid="4" vc="1" />
                  </TrackedMethodRefs>
                </SequencePoint>
                <SequencePoint vc="2" uspid="62" ordinal="23" offset="529" sl="61" sc="13" el="61" ec="44" bec="0" bev="0" fileid="3">
                  <TrackedMethodRefs>
                    <TrackedMethodRef uid="4" vc="1" />
                  </TrackedMethodRefs>
                </SequencePoint>
                <SequencePoint vc="2" uspid="63" ordinal="24" offset="542" sl="62" sc="13" el="62" ec="46" bec="0" bev="0" fileid="3">
                  <TrackedMethodRefs>
                    <TrackedMethodRef uid="4" vc="1" />
                  </TrackedMethodRefs>
                </SequencePoint>
                <SequencePoint vc="2" uspid="64" ordinal="25" offset="555" sl="63" sc="13" el="63" ec="46" bec="0" bev="0" fileid="3">
                  <TrackedMethodRefs>
                    <TrackedMethodRef uid="4" vc="1" />
                  </TrackedMethodRefs>
                </SequencePoint>
                <SequencePoint vc="2" uspid="65" ordinal="26" offset="568" sl="64" sc="13" el="64" ec="44" bec="0" bev="0" fileid="3">
                  <TrackedMethodRefs>
                    <TrackedMethodRef uid="4" vc="1" />
                  </TrackedMethodRefs>
                </SequencePoint>
                <SequencePoint vc="2" uspid="66" ordinal="27" offset="581" sl="65" sc="13" el="65" ec="45" bec="0" bev="0" fileid="3">
                  <TrackedMethodRefs>
                    <TrackedMethodRef uid="4" vc="1" />
                  </TrackedMethodRefs>
                </SequencePoint>
                <SequencePoint vc="2" uspid="67" ordinal="28" offset="594" sl="67" sc="13" el="67" ec="46" bec="0" bev="0" fileid="3">
                  <TrackedMethodRefs>
                    <TrackedMethodRef uid="4" vc="1" />
                  </TrackedMethodRefs>
                </SequencePoint>
                <SequencePoint vc="2" uspid="68" ordinal="29" offset="607" sl="68" sc="13" el="68" ec="47" bec="0" bev="0" fileid="3">
                  <TrackedMethodRefs>
                    <TrackedMethodRef uid="4" vc="1" />
                  </TrackedMethodRefs>
                </SequencePoint>
                <SequencePoint vc="2" uspid="69" ordinal="30" offset="620" sl="69" sc="13" el="69" ec="45" bec="0" bev="0" fileid="3">
                  <TrackedMethodRefs>
                    <TrackedMethodRef uid="4" vc="1" />
                  </TrackedMethodRefs>
                </SequencePoint>
                <SequencePoint vc="2" uspid="70" ordinal="31" offset="633" sl="70" sc="13" el="70" ec="44" bec="0" bev="0" fileid="3">
                  <TrackedMethodRefs>
                    <TrackedMethodRef uid="4" vc="1" />
                  </TrackedMethodRefs>
                </SequencePoint>
                <SequencePoint vc="2" uspid="71" ordinal="32" offset="646" sl="72" sc="13" el="72" ec="44" bec="0" bev="0" fileid="3">
                  <TrackedMethodRefs>
                    <TrackedMethodRef uid="4" vc="1" />
                  </TrackedMethodRefs>
                </SequencePoint>
                <SequencePoint vc="2" uspid="72" ordinal="33" offset="659" sl="73" sc="13" el="73" ec="46" bec="0" bev="0" fileid="3">
                  <TrackedMethodRefs>
                    <TrackedMethodRef uid="4" vc="1" />
                  </TrackedMethodRefs>
                </SequencePoint>
                <SequencePoint vc="2" uspid="73" ordinal="34" offset="672" sl="74" sc="13" el="74" ec="45" bec="0" bev="0" fileid="3">
                  <TrackedMethodRefs>
                    <TrackedMethodRef uid="4" vc="1" />
                  </TrackedMethodRefs>
                </SequencePoint>
                <SequencePoint vc="2" uspid="74" ordinal="35" offset="685" sl="75" sc="13" el="75" ec="47" bec="0" bev="0" fileid="3">
                  <TrackedMethodRefs>
                    <TrackedMethodRef uid="4" vc="1" />
                  </TrackedMethodRefs>
                </SequencePoint>
                <SequencePoint vc="2" uspid="75" ordinal="36" offset="698" sl="76" sc="13" el="76" ec="44" bec="0" bev="0" fileid="3">
                  <TrackedMethodRefs>
                    <TrackedMethodRef uid="4" vc="1" />
                  </TrackedMethodRefs>
                </SequencePoint>
                <SequencePoint vc="2" uspid="76" ordinal="37" offset="711" sl="78" sc="13" el="78" ec="46" bec="0" bev="0" fileid="3">
                  <TrackedMethodRefs>
                    <TrackedMethodRef uid="4" vc="1" />
                  </TrackedMethodRefs>
                </SequencePoint>
                <SequencePoint vc="2" uspid="77" ordinal="38" offset="724" sl="79" sc="13" el="79" ec="44" bec="0" bev="0" fileid="3">
                  <TrackedMethodRefs>
                    <TrackedMethodRef uid="4" vc="1" />
                  </TrackedMethodRefs>
                </SequencePoint>
                <SequencePoint vc="2" uspid="78" ordinal="39" offset="737" sl="80" sc="13" el="80" ec="46" bec="0" bev="0" fileid="3">
                  <TrackedMethodRefs>
                    <TrackedMethodRef uid="4" vc="1" />
                  </TrackedMethodRefs>
                </SequencePoint>
                <SequencePoint vc="2" uspid="79" ordinal="40" offset="750" sl="81" sc="13" el="81" ec="45" bec="0" bev="0" fileid="3">
                  <TrackedMethodRefs>
                    <TrackedMethodRef uid="4" vc="1" />
                  </TrackedMethodRefs>
                </SequencePoint>
                <SequencePoint vc="2" uspid="80" ordinal="41" offset="763" sl="83" sc="13" el="83" ec="44" bec="0" bev="0" fileid="3">
                  <TrackedMethodRefs>
                    <TrackedMethodRef uid="4" vc="1" />
                  </TrackedMethodRefs>
                </SequencePoint>
                <SequencePoint vc="2" uspid="81" ordinal="42" offset="776" sl="84" sc="13" el="84" ec="46" bec="0" bev="0" fileid="3">
                  <TrackedMethodRefs>
                    <TrackedMethodRef uid="4" vc="1" />
                  </TrackedMethodRefs>
                </SequencePoint>
                <SequencePoint vc="2" uspid="82" ordinal="43" offset="789" sl="85" sc="13" el="85" ec="46" bec="0" bev="0" fileid="3">
                  <TrackedMethodRefs>
                    <TrackedMethodRef uid="4" vc="1" />
                  </TrackedMethodRefs>
                </SequencePoint>
                <SequencePoint vc="2" uspid="83" ordinal="44" offset="802" sl="86" sc="13" el="86" ec="44" bec="0" bev="0" fileid="3">
                  <TrackedMethodRefs>
                    <TrackedMethodRef uid="4" vc="1" />
                  </TrackedMethodRefs>
                </SequencePoint>
                <SequencePoint vc="2" uspid="84" ordinal="45" offset="815" sl="87" sc="13" el="87" ec="45" bec="0" bev="0" fileid="3">
                  <TrackedMethodRefs>
                    <TrackedMethodRef uid="4" vc="1" />
                  </TrackedMethodRefs>
                </SequencePoint>
                <SequencePoint vc="2" uspid="85" ordinal="46" offset="828" sl="88" sc="13" el="88" ec="46" bec="0" bev="0" fileid="3">
                  <TrackedMethodRefs>
                    <TrackedMethodRef uid="4" vc="1" />
                  </TrackedMethodRefs>
                </SequencePoint>
                <SequencePoint vc="2" uspid="86" ordinal="47" offset="841" sl="89" sc="13" el="89" ec="47" bec="0" bev="0" fileid="3">
                  <TrackedMethodRefs>
                    <TrackedMethodRef uid="4" vc="1" />
                  </TrackedMethodRefs>
                </SequencePoint>
                <SequencePoint vc="2" uspid="87" ordinal="48" offset="854" sl="90" sc="13" el="90" ec="45" bec="0" bev="0" fileid="3">
                  <TrackedMethodRefs>
                    <TrackedMethodRef uid="4" vc="1" />
                  </TrackedMethodRefs>
                </SequencePoint>
                <SequencePoint vc="2" uspid="88" ordinal="49" offset="867" sl="91" sc="13" el="91" ec="44" bec="0" bev="0" fileid="3">
                  <TrackedMethodRefs>
                    <TrackedMethodRef uid="4" vc="1" />
                  </TrackedMethodRefs>
                </SequencePoint>
                <SequencePoint vc="2" uspid="89" ordinal="50" offset="880" sl="93" sc="13" el="93" ec="25" bec="0" bev="0" fileid="3">
                  <TrackedMethodRefs>
                    <TrackedMethodRef uid="4" vc="1" />
                  </TrackedMethodRefs>
                </SequencePoint>
                <SequencePoint vc="2" uspid="90" ordinal="51" offset="884" sl="94" sc="9" el="94" ec="10" bec="0" bev="0" fileid="3">
                  <TrackedMethodRefs>
                    <TrackedMethodRef uid="4" vc="1" />
                  </TrackedMethodRefs>
                </SequencePoint>
              </SequencePoints>
              <BranchPoints />
              <MethodPoint xsi:type="SequencePoint" vc="2" uspid="39" ordinal="0" offset="0" sl="31" sc="9" el="31" ec="10" bec="0" bev="0" fileid="3">
                <TrackedMethodRefs>
                  <TrackedMethodRef uid="4" vc="1" />
                </TrackedMethodRefs>
              </MethodPoint>
            </Method>
            <Method visited="true" cyclomaticComplexity="4" nPathComplexity="2" sequenceCoverage="100" branchCoverage="100" crapScore="4" isConstructor="false" isStatic="false" isGetter="false" isSetter="false">
              <Summary numSequencePoints="9" visitedSequencePoints="9" numBranchPoints="3" visitedBranchPoints="3" sequenceCoverage="100" branchCoverage="100" maxCyclomaticComplexity="4" minCyclomaticComplexity="4" maxCrapScore="4" minCrapScore="4" visitedClasses="0" numClasses="0" visitedMethods="1" numMethods="1" />
              <MetadataToken>100663300</MetadataToken>
              <Name>Datos.Usuario Logica.DBPruebas::leeUsuario(System.String)</Name>
              <FileRef uid="3" />
              <SequencePoints>
                <SequencePoint vc="89" uspid="91" ordinal="0" offset="0" sl="97" sc="9" el="97" ec="10" bec="0" bev="0" fileid="3">
                  <TrackedMethodRefs>
                    <TrackedMethodRef uid="4" vc="45" />
                  </TrackedMethodRefs>
                </SequencePoint>
                <SequencePoint vc="89" uspid="92" ordinal="1" offset="1" sl="98" sc="13" el="98" ec="20" bec="0" bev="0" fileid="3">
                  <TrackedMethodRefs>
                    <TrackedMethodRef uid="4" vc="45" />
                  </TrackedMethodRefs>
                </SequencePoint>
                <SequencePoint vc="89" uspid="93" ordinal="2" offset="2" sl="98" sc="35" el="98" ec="50" bec="0" bev="0" fileid="3">
                  <TrackedMethodRefs>
                    <TrackedMethodRef uid="4" vc="45" />
                  </TrackedMethodRefs>
                </SequencePoint>
                <SequencePoint vc="578" uspid="94" ordinal="3" offset="21" sl="98" sc="22" el="98" ec="31" bec="0" bev="0" fileid="3">
                  <TrackedMethodRefs>
                    <TrackedMethodRef uid="4" vc="293" />
                  </TrackedMethodRefs>
                </SequencePoint>
                <SequencePoint vc="578" uspid="95" ordinal="4" offset="28" sl="99" sc="17" el="99" ec="41" bec="2" bev="2" fileid="3">
                  <TrackedMethodRefs>
                    <TrackedMethodRef uid="4" vc="293" />
                  </TrackedMethodRefs>
                </SequencePoint>
                <SequencePoint vc="65" uspid="96" ordinal="5" offset="44" sl="100" sc="21" el="100" ec="30" bec="0" bev="0" fileid="3">
                  <TrackedMethodRefs>
                    <TrackedMethodRef uid="4" vc="33" />
                  </TrackedMethodRefs>
                </SequencePoint>
                <SequencePoint vc="602" uspid="97" ordinal="6" offset="48" sl="98" sc="32" el="98" ec="34" bec="0" bev="0" fileid="3">
                  <TrackedMethodRefs>
                    <TrackedMethodRef uid="4" vc="305" />
                  </TrackedMethodRefs>
                </SequencePoint>
                <SequencePoint vc="24" uspid="98" ordinal="7" offset="69" sl="101" sc="13" el="101" ec="25" bec="0" bev="0" fileid="3">
                  <TrackedMethodRefs>
                    <TrackedMethodRef uid="4" vc="12" />
                  </TrackedMethodRefs>
                </SequencePoint>
                <SequencePoint vc="89" uspid="99" ordinal="8" offset="73" sl="102" sc="9" el="102" ec="10" bec="0" bev="0" fileid="3">
                  <TrackedMethodRefs>
                    <TrackedMethodRef uid="4" vc="45" />
                  </TrackedMethodRefs>
                </SequencePoint>
              </SequencePoints>
              <BranchPoints>
                <BranchPoint vc="65" uspid="100" ordinal="0" offset="42" sl="99" path="0" offsetend="44" fileid="3">
                  <TrackedMethodRefs>
                    <TrackedMethodRef uid="4" vc="33" />
                  </TrackedMethodRefs>
                </BranchPoint>
                <BranchPoint vc="513" uspid="101" ordinal="1" offset="42" sl="99" path="1" offsetend="48" fileid="3">
                  <TrackedMethodRefs>
                    <TrackedMethodRef uid="4" vc="260" />
                  </TrackedMethodRefs>
                </BranchPoint>
              </BranchPoints>
              <MethodPoint xsi:type="SequencePoint" vc="89" uspid="91" ordinal="0" offset="0" sl="97" sc="9" el="97" ec="10" bec="0" bev="0" fileid="3">
                <TrackedMethodRefs>
                  <TrackedMethodRef uid="4" vc="45" />
                </TrackedMethodRefs>
              </MethodPoint>
            </Method>
            <Method visited="true" cyclomaticComplexity="2" nPathComplexity="2" sequenceCoverage="80" branchCoverage="66.67" crapScore="2.03" isConstructor="false" isStatic="false" isGetter="false" isSetter="false">
              <Summary numSequencePoints="5" visitedSequencePoints="4" numBranchPoints="3" visitedBranchPoints="2" sequenceCoverage="80" branchCoverage="66.67" maxCyclomaticComplexity="2" minCyclomaticComplexity="2" maxCrapScore="2.03" minCrapScore="2.03" visitedClasses="0" numClasses="0" visitedMethods="1" numMethods="1" />
              <MetadataToken>100663301</MetadataToken>
              <Name>Datos.Prueba Logica.DBPruebas::leePrueba(System.Int32)</Name>
              <FileRef uid="3" />
              <SequencePoints>
                <SequencePoint vc="54" uspid="104" ordinal="0" offset="0" sl="105" sc="9" el="105" ec="10" bec="0" bev="0" fileid="3">
                  <TrackedMethodRefs>
                    <TrackedMethodRef uid="4" vc="27" />
                  </TrackedMethodRefs>
                </SequencePoint>
                <SequencePoint vc="54" uspid="105" ordinal="1" offset="1" sl="106" sc="13" el="106" ec="48" bec="2" bev="1" fileid="3">
                  <TrackedMethodRefs>
                    <TrackedMethodRef uid="4" vc="27" />
                  </TrackedMethodRefs>
                </SequencePoint>
                <SequencePoint vc="54" uspid="106" ordinal="2" offset="17" sl="107" sc="17" el="107" ec="43" bec="0" bev="0" fileid="3">
                  <TrackedMethodRefs>
                    <TrackedMethodRef uid="4" vc="27" />
                  </TrackedMethodRefs>
                </SequencePoint>
                <SequencePoint vc="0" uspid="107" ordinal="3" offset="32" sl="108" sc="13" el="108" ec="25" bec="0" bev="0" fileid="3" />
                <SequencePoint vc="54" uspid="108" ordinal="4" offset="36" sl="109" sc="9" el="109" ec="10" bec="0" bev="0" fileid="3">
                  <TrackedMethodRefs>
                    <TrackedMethodRef uid="4" vc="27" />
                  </TrackedMethodRefs>
                </SequencePoint>
              </SequencePoints>
              <BranchPoints>
                <BranchPoint vc="54" uspid="109" ordinal="0" offset="15" sl="106" path="0" offsetend="17" fileid="3">
                  <TrackedMethodRefs>
                    <TrackedMethodRef uid="4" vc="27" />
                  </TrackedMethodRefs>
                </BranchPoint>
                <BranchPoint vc="0" uspid="110" ordinal="1" offset="15" sl="106" path="1" offsetend="32" fileid="3" />
              </BranchPoints>
              <MethodPoint xsi:type="SequencePoint" vc="54" uspid="104" ordinal="0" offset="0" sl="105" sc="9" el="105" ec="10" bec="0" bev="0" fileid="3">
                <TrackedMethodRefs>
                  <TrackedMethodRef uid="4" vc="27" />
                </TrackedMethodRefs>
              </MethodPoint>
            </Method>
            <Method visited="true" cyclomaticComplexity="5" nPathComplexity="2" sequenceCoverage="88.89" branchCoverage="66.67" crapScore="5.03" isConstructor="false" isStatic="false" isGetter="false" isSetter="false">
              <Summary numSequencePoints="9" visitedSequencePoints="8" numBranchPoints="3" visitedBranchPoints="2" sequenceCoverage="88.89" branchCoverage="66.67" maxCyclomaticComplexity="5" minCyclomaticComplexity="5" maxCrapScore="5.03" minCrapScore="5.03" visitedClasses="0" numClasses="0" visitedMethods="1" numMethods="1" />
              <MetadataToken>100663302</MetadataToken>
              <Name>Datos.Calificacion Logica.DBPruebas::leeCalificacion(System.Int32,System.String)</Name>
              <FileRef uid="3" />
              <SequencePoints>
                <SequencePoint vc="54" uspid="111" ordinal="0" offset="0" sl="112" sc="9" el="112" ec="10" bec="0" bev="0" fileid="3">
                  <TrackedMethodRefs>
                    <TrackedMethodRef uid="4" vc="27" />
                  </TrackedMethodRefs>
                </SequencePoint>
                <SequencePoint vc="54" uspid="112" ordinal="1" offset="1" sl="113" sc="13" el="113" ec="20" bec="0" bev="0" fileid="3">
                  <TrackedMethodRefs>
                    <TrackedMethodRef uid="4" vc="27" />
                  </TrackedMethodRefs>
                </SequencePoint>
                <SequencePoint vc="54" uspid="113" ordinal="2" offset="2" sl="113" sc="41" el="113" ec="62" bec="0" bev="0" fileid="3">
                  <TrackedMethodRefs>
                    <TrackedMethodRef uid="4" vc="27" />
                  </TrackedMethodRefs>
                </SequencePoint>
                <SequencePoint vc="702" uspid="114" ordinal="3" offset="21" sl="113" sc="22" el="113" ec="37" bec="0" bev="0" fileid="3">
                  <TrackedMethodRefs>
                    <TrackedMethodRef uid="4" vc="351" />
                  </TrackedMethodRefs>
                </SequencePoint>
                <SequencePoint vc="702" uspid="115" ordinal="4" offset="28" sl="114" sc="17" el="114" ec="101" bec="2" bev="1" fileid="3">
                  <TrackedMethodRefs>
                    <TrackedMethodRef uid="4" vc="351" />
                  </TrackedMethodRefs>
                </SequencePoint>
                <SequencePoint vc="0" uspid="116" ordinal="5" offset="74" sl="115" sc="21" el="115" ec="31" bec="0" bev="0" fileid="3" />
                <SequencePoint vc="756" uspid="117" ordinal="6" offset="79" sl="113" sc="38" el="113" ec="40" bec="0" bev="0" fileid="3">
                  <TrackedMethodRefs>
                    <TrackedMethodRef uid="4" vc="378" />
                  </TrackedMethodRefs>
                </SequencePoint>
                <SequencePoint vc="54" uspid="118" ordinal="7" offset="100" sl="116" sc="13" el="116" ec="25" bec="0" bev="0" fileid="3">
                  <TrackedMethodRefs>
                    <TrackedMethodRef uid="4" vc="27" />
                  </TrackedMethodRefs>
                </SequencePoint>
                <SequencePoint vc="54" uspid="119" ordinal="8" offset="105" sl="117" sc="9" el="117" ec="10" bec="0" bev="0" fileid="3">
                  <TrackedMethodRefs>
                    <TrackedMethodRef uid="4" vc="27" />
                  </TrackedMethodRefs>
                </SequencePoint>
              </SequencePoints>
              <BranchPoints>
                <BranchPoint vc="0" uspid="122" ordinal="2" offset="72" sl="114" path="0" offsetend="74" fileid="3" />
                <BranchPoint vc="702" uspid="123" ordinal="3" offset="72" sl="114" path="1" offsetend="79" fileid="3">
                  <TrackedMethodRefs>
                    <TrackedMethodRef uid="4" vc="351" />
                  </TrackedMethodRefs>
                </BranchPoint>
              </BranchPoints>
              <MethodPoint xsi:type="SequencePoint" vc="54" uspid="111" ordinal="0" offset="0" sl="112" sc="9" el="112" ec="10" bec="0" bev="0" fileid="3">
                <TrackedMethodRefs>
                  <TrackedMethodRef uid="4" vc="27" />
                </TrackedMethodRefs>
              </MethodPoint>
            </Method>
            <Method visited="true" cyclomaticComplexity="2" nPathComplexity="2" sequenceCoverage="100" branchCoverage="100" crapScore="2" isConstructor="false" isStatic="false" isGetter="false" isSetter="false">
              <Summary numSequencePoints="9" visitedSequencePoints="9" numBranchPoints="3" visitedBranchPoints="3" sequenceCoverage="100" branchCoverage="100" maxCyclomaticComplexity="2" minCyclomaticComplexity="2" maxCrapScore="2" minCrapScore="2" visitedClasses="0" numClasses="0" visitedMethods="1" numMethods="1" />
              <MetadataToken>100663303</MetadataToken>
              <Name>System.Boolean Logica.DBPruebas::añadeUsuario(System.String,System.String,System.String,Datos.Roles,System.String,System.String)</Name>
              <FileRef uid="3" />
              <SequencePoints>
                <SequencePoint vc="25" uspid="126" ordinal="0" offset="0" sl="120" sc="9" el="120" ec="10" bec="0" bev="0" fileid="3">
                  <TrackedMethodRefs>
                    <TrackedMethodRef uid="4" vc="13" />
                  </TrackedMethodRefs>
                </SequencePoint>
                <SequencePoint vc="25" uspid="127" ordinal="1" offset="1" sl="121" sc="13" el="121" ec="45" bec="0" bev="0" fileid="3">
                  <TrackedMethodRefs>
                    <TrackedMethodRef uid="4" vc="13" />
                  </TrackedMethodRefs>
                </SequencePoint>
                <SequencePoint vc="25" uspid="128" ordinal="2" offset="9" sl="122" sc="13" el="122" ec="27" bec="2" bev="2" fileid="3">
                  <TrackedMethodRefs>
                    <TrackedMethodRef uid="4" vc="13" />
                  </TrackedMethodRefs>
                </SequencePoint>
                <SequencePoint vc="24" uspid="129" ordinal="3" offset="17" sl="123" sc="13" el="123" ec="14" bec="0" bev="0" fileid="3">
                  <TrackedMethodRefs>
                    <TrackedMethodRef uid="4" vc="12" />
                  </TrackedMethodRefs>
                </SequencePoint>
                <SequencePoint vc="24" uspid="130" ordinal="4" offset="18" sl="124" sc="17" el="124" ec="95" bec="0" bev="0" fileid="3">
                  <TrackedMethodRefs>
                    <TrackedMethodRef uid="4" vc="12" />
                  </TrackedMethodRefs>
                </SequencePoint>
                <SequencePoint vc="24" uspid="131" ordinal="5" offset="50" sl="125" sc="17" el="125" ec="50" bec="0" bev="0" fileid="3">
                  <TrackedMethodRefs>
                    <TrackedMethodRef uid="4" vc="12" />
                  </TrackedMethodRefs>
                </SequencePoint>
                <SequencePoint vc="24" uspid="132" ordinal="6" offset="69" sl="126" sc="17" el="126" ec="29" bec="0" bev="0" fileid="3">
                  <TrackedMethodRefs>
                    <TrackedMethodRef uid="4" vc="12" />
                  </TrackedMethodRefs>
                </SequencePoint>
                <SequencePoint vc="1" uspid="133" ordinal="7" offset="73" sl="128" sc="13" el="128" ec="26" bec="0" bev="0" fileid="3">
                  <TrackedMethodRefs>
                    <TrackedMethodRef uid="4" vc="1" />
                  </TrackedMethodRefs>
                </SequencePoint>
                <SequencePoint vc="25" uspid="134" ordinal="8" offset="77" sl="129" sc="9" el="129" ec="10" bec="0" bev="0" fileid="3">
                  <TrackedMethodRefs>
                    <TrackedMethodRef uid="4" vc="13" />
                  </TrackedMethodRefs>
                </SequencePoint>
              </SequencePoints>
              <BranchPoints>
                <BranchPoint vc="24" uspid="135" ordinal="0" offset="15" sl="122" path="0" offsetend="17" fileid="3">
                  <TrackedMethodRefs>
                    <TrackedMethodRef uid="4" vc="12" />
                  </TrackedMethodRefs>
                </BranchPoint>
                <BranchPoint vc="1" uspid="136" ordinal="1" offset="15" sl="122" path="1" offsetend="73" fileid="3">
                  <TrackedMethodRefs>
                    <TrackedMethodRef uid="4" vc="1" />
                  </TrackedMethodRefs>
                </BranchPoint>
              </BranchPoints>
              <MethodPoint xsi:type="SequencePoint" vc="25" uspid="126" ordinal="0" offset="0" sl="120" sc="9" el="120" ec="10" bec="0" bev="0" fileid="3">
                <TrackedMethodRefs>
                  <TrackedMethodRef uid="4" vc="13" />
                </TrackedMethodRefs>
              </MethodPoint>
            </Method>
            <Method visited="false" cyclomaticComplexity="2" nPathComplexity="2" sequenceCoverage="0" branchCoverage="0" crapScore="6" isConstructor="false" isStatic="false" isGetter="false" isSetter="false">
              <Summary numSequencePoints="8" visitedSequencePoints="0" numBranchPoints="3" visitedBranchPoints="0" sequenceCoverage="0" branchCoverage="0" maxCyclomaticComplexity="2" minCyclomaticComplexity="2" maxCrapScore="6" minCrapScore="6" visitedClasses="0" numClasses="0" visitedMethods="0" numMethods="1" />
              <MetadataToken>100663304</MetadataToken>
              <Name>System.Boolean Logica.DBPruebas::borraUsuario(System.String)</Name>
              <FileRef uid="3" />
              <SequencePoints>
                <SequencePoint vc="0" uspid="137" ordinal="0" offset="0" sl="132" sc="9" el="132" ec="10" bec="0" bev="0" fileid="3" />
                <SequencePoint vc="0" uspid="138" ordinal="1" offset="1" sl="133" sc="13" el="133" ec="45" bec="0" bev="0" fileid="3" />
                <SequencePoint vc="0" uspid="139" ordinal="2" offset="9" sl="134" sc="13" el="134" ec="27" bec="2" bev="0" fileid="3" />
                <SequencePoint vc="0" uspid="140" ordinal="3" offset="17" sl="135" sc="13" el="135" ec="14" bec="0" bev="0" fileid="3" />
                <SequencePoint vc="0" uspid="141" ordinal="4" offset="18" sl="136" sc="17" el="136" ec="50" bec="0" bev="0" fileid="3" />
                <SequencePoint vc="0" uspid="142" ordinal="5" offset="36" sl="137" sc="17" el="137" ec="29" bec="0" bev="0" fileid="3" />
                <SequencePoint vc="0" uspid="143" ordinal="6" offset="40" sl="139" sc="13" el="139" ec="26" bec="0" bev="0" fileid="3" />
                <SequencePoint vc="0" uspid="144" ordinal="7" offset="44" sl="140" sc="9" el="140" ec="10" bec="0" bev="0" fileid="3" />
              </SequencePoints>
              <BranchPoints>
                <BranchPoint vc="0" uspid="145" ordinal="0" offset="15" sl="134" path="0" offsetend="17" fileid="3" />
                <BranchPoint vc="0" uspid="146" ordinal="1" offset="15" sl="134" path="1" offsetend="40" fileid="3" />
              </BranchPoints>
              <MethodPoint xsi:type="SequencePoint" vc="0" uspid="137" ordinal="0" offset="0" sl="132" sc="9" el="132" ec="10" bec="0" bev="0" fileid="3" />
            </Method>
            <Method visited="false" cyclomaticComplexity="2" nPathComplexity="2" sequenceCoverage="0" branchCoverage="0" crapScore="6" isConstructor="false" isStatic="false" isGetter="false" isSetter="false">
              <Summary numSequencePoints="12" visitedSequencePoints="0" numBranchPoints="3" visitedBranchPoints="0" sequenceCoverage="0" branchCoverage="0" maxCyclomaticComplexity="2" minCyclomaticComplexity="2" maxCrapScore="6" minCrapScore="6" visitedClasses="0" numClasses="0" visitedMethods="0" numMethods="1" />
              <MetadataToken>100663305</MetadataToken>
              <Name>System.Boolean Logica.DBPruebas::modificaUsuario(System.String,System.String,System.String,Datos.Roles,System.String,System.String)</Name>
              <FileRef uid="3" />
              <SequencePoints>
                <SequencePoint vc="0" uspid="147" ordinal="0" offset="0" sl="143" sc="9" el="143" ec="10" bec="0" bev="0" fileid="3" />
                <SequencePoint vc="0" uspid="148" ordinal="1" offset="1" sl="144" sc="13" el="144" ec="45" bec="0" bev="0" fileid="3" />
                <SequencePoint vc="0" uspid="149" ordinal="2" offset="9" sl="145" sc="13" el="145" ec="27" bec="2" bev="0" fileid="3" />
                <SequencePoint vc="0" uspid="150" ordinal="3" offset="17" sl="146" sc="13" el="146" ec="14" bec="0" bev="0" fileid="3" />
                <SequencePoint vc="0" uspid="151" ordinal="4" offset="18" sl="147" sc="17" el="147" ec="36" bec="0" bev="0" fileid="3" />
                <SequencePoint vc="0" uspid="152" ordinal="5" offset="26" sl="148" sc="17" el="148" ec="42" bec="0" bev="0" fileid="3" />
                <SequencePoint vc="0" uspid="153" ordinal="6" offset="34" sl="149" sc="17" el="149" ec="30" bec="0" bev="0" fileid="3" />
                <SequencePoint vc="0" uspid="154" ordinal="7" offset="43" sl="150" sc="17" el="150" ec="34" bec="0" bev="0" fileid="3" />
                <SequencePoint vc="0" uspid="155" ordinal="8" offset="52" sl="151" sc="17" el="151" ec="40" bec="0" bev="0" fileid="3" />
                <SequencePoint vc="0" uspid="156" ordinal="9" offset="61" sl="152" sc="17" el="152" ec="29" bec="0" bev="0" fileid="3" />
                <SequencePoint vc="0" uspid="157" ordinal="10" offset="65" sl="154" sc="13" el="154" ec="26" bec="0" bev="0" fileid="3" />
                <SequencePoint vc="0" uspid="158" ordinal="11" offset="69" sl="155" sc="9" el="155" ec="10" bec="0" bev="0" fileid="3" />
              </SequencePoints>
              <BranchPoints>
                <BranchPoint vc="0" uspid="159" ordinal="0" offset="15" sl="145" path="0" offsetend="17" fileid="3" />
                <BranchPoint vc="0" uspid="160" ordinal="1" offset="15" sl="145" path="1" offsetend="65" fileid="3" />
              </BranchPoints>
              <MethodPoint xsi:type="SequencePoint" vc="0" uspid="147" ordinal="0" offset="0" sl="143" sc="9" el="143" ec="10" bec="0" bev="0" fileid="3" />
            </Method>
            <Method visited="true" cyclomaticComplexity="6" nPathComplexity="4" sequenceCoverage="86.67" branchCoverage="60" crapScore="6.09" isConstructor="false" isStatic="false" isGetter="false" isSetter="false">
              <Summary numSequencePoints="15" visitedSequencePoints="13" numBranchPoints="5" visitedBranchPoints="3" sequenceCoverage="86.67" branchCoverage="60" maxCyclomaticComplexity="6" minCyclomaticComplexity="6" maxCrapScore="6.09" minCrapScore="6.09" visitedClasses="0" numClasses="0" visitedMethods="1" numMethods="1" />
              <MetadataToken>100663306</MetadataToken>
              <Name>System.Boolean Logica.DBPruebas::añadePrueba(System.String,System.String)</Name>
              <FileRef uid="3" />
              <SequencePoints>
                <SequencePoint vc="10" uspid="161" ordinal="0" offset="0" sl="158" sc="9" el="158" ec="10" bec="0" bev="0" fileid="3">
                  <TrackedMethodRefs>
                    <TrackedMethodRef uid="4" vc="5" />
                  </TrackedMethodRefs>
                </SequencePoint>
                <SequencePoint vc="10" uspid="162" ordinal="1" offset="1" sl="159" sc="13" el="159" ec="53" bec="0" bev="0" fileid="3">
                  <TrackedMethodRefs>
                    <TrackedMethodRef uid="4" vc="5" />
                  </TrackedMethodRefs>
                </SequencePoint>
                <SequencePoint vc="10" uspid="163" ordinal="2" offset="9" sl="160" sc="13" el="160" ec="71" bec="2" bev="1" fileid="3">
                  <TrackedMethodRefs>
                    <TrackedMethodRef uid="4" vc="5" />
                  </TrackedMethodRefs>
                </SequencePoint>
                <SequencePoint vc="10" uspid="164" ordinal="3" offset="28" sl="161" sc="13" el="161" ec="14" bec="0" bev="0" fileid="3">
                  <TrackedMethodRefs>
                    <TrackedMethodRef uid="4" vc="5" />
                  </TrackedMethodRefs>
                </SequencePoint>
                <SequencePoint vc="10" uspid="165" ordinal="4" offset="29" sl="162" sc="17" el="162" ec="24" bec="0" bev="0" fileid="3">
                  <TrackedMethodRefs>
                    <TrackedMethodRef uid="4" vc="5" />
                  </TrackedMethodRefs>
                </SequencePoint>
                <SequencePoint vc="10" uspid="166" ordinal="5" offset="30" sl="162" sc="38" el="162" ec="52" bec="0" bev="0" fileid="3">
                  <TrackedMethodRefs>
                    <TrackedMethodRef uid="4" vc="5" />
                  </TrackedMethodRefs>
                </SequencePoint>
                <SequencePoint vc="20" uspid="167" ordinal="6" offset="49" sl="162" sc="26" el="162" ec="34" bec="0" bev="0" fileid="3">
                  <TrackedMethodRefs>
                    <TrackedMethodRef uid="4" vc="10" />
                  </TrackedMethodRefs>
                </SequencePoint>
                <SequencePoint vc="20" uspid="168" ordinal="7" offset="57" sl="163" sc="21" el="163" ec="50" bec="2" bev="1" fileid="3">
                  <TrackedMethodRefs>
                    <TrackedMethodRef uid="4" vc="10" />
                  </TrackedMethodRefs>
                </SequencePoint>
                <SequencePoint vc="0" uspid="169" ordinal="8" offset="76" sl="164" sc="25" el="164" ec="38" bec="0" bev="0" fileid="3" />
                <SequencePoint vc="30" uspid="170" ordinal="9" offset="81" sl="162" sc="35" el="162" ec="37" bec="0" bev="0" fileid="3">
                  <TrackedMethodRefs>
                    <TrackedMethodRef uid="4" vc="15" />
                  </TrackedMethodRefs>
                </SequencePoint>
                <SequencePoint vc="10" uspid="171" ordinal="10" offset="102" sl="165" sc="17" el="165" ec="71" bec="0" bev="0" fileid="3">
                  <TrackedMethodRefs>
                    <TrackedMethodRef uid="4" vc="5" />
                  </TrackedMethodRefs>
                </SequencePoint>
                <SequencePoint vc="10" uspid="172" ordinal="11" offset="130" sl="166" sc="17" el="166" ec="59" bec="0" bev="0" fileid="3">
                  <TrackedMethodRefs>
                    <TrackedMethodRef uid="4" vc="5" />
                  </TrackedMethodRefs>
                </SequencePoint>
                <SequencePoint vc="10" uspid="173" ordinal="12" offset="149" sl="167" sc="17" el="167" ec="29" bec="0" bev="0" fileid="3">
                  <TrackedMethodRefs>
                    <TrackedMethodRef uid="4" vc="5" />
                  </TrackedMethodRefs>
                </SequencePoint>
                <SequencePoint vc="0" uspid="174" ordinal="13" offset="154" sl="169" sc="13" el="169" ec="26" bec="0" bev="0" fileid="3" />
                <SequencePoint vc="10" uspid="175" ordinal="14" offset="159" sl="170" sc="9" el="170" ec="10" bec="0" bev="0" fileid="3">
                  <TrackedMethodRefs>
                    <TrackedMethodRef uid="4" vc="5" />
                  </TrackedMethodRefs>
                </SequencePoint>
              </SequencePoints>
              <BranchPoints>
                <BranchPoint vc="10" uspid="178" ordinal="2" offset="26" sl="160" path="0" offsetend="28" fileid="3">
                  <TrackedMethodRefs>
                    <TrackedMethodRef uid="4" vc="5" />
                  </TrackedMethodRefs>
                </BranchPoint>
                <BranchPoint vc="0" uspid="179" ordinal="3" offset="26" sl="160" path="1" offsetend="154" fileid="3" />
                <BranchPoint vc="0" uspid="180" ordinal="4" offset="74" sl="163" path="0" offsetend="76" fileid="3" />
                <BranchPoint vc="20" uspid="181" ordinal="5" offset="74" sl="163" path="1" offsetend="81" fileid="3">
                  <TrackedMethodRefs>
                    <TrackedMethodRef uid="4" vc="10" />
                  </TrackedMethodRefs>
                </BranchPoint>
              </BranchPoints>
              <MethodPoint xsi:type="SequencePoint" vc="10" uspid="161" ordinal="0" offset="0" sl="158" sc="9" el="158" ec="10" bec="0" bev="0" fileid="3">
                <TrackedMethodRefs>
                  <TrackedMethodRef uid="4" vc="5" />
                </TrackedMethodRefs>
              </MethodPoint>
            </Method>
            <Method visited="false" cyclomaticComplexity="2" nPathComplexity="2" sequenceCoverage="0" branchCoverage="0" crapScore="6" isConstructor="false" isStatic="false" isGetter="false" isSetter="false">
              <Summary numSequencePoints="7" visitedSequencePoints="0" numBranchPoints="3" visitedBranchPoints="0" sequenceCoverage="0" branchCoverage="0" maxCyclomaticComplexity="2" minCyclomaticComplexity="2" maxCrapScore="6" minCrapScore="6" visitedClasses="0" numClasses="0" visitedMethods="0" numMethods="1" />
              <MetadataToken>100663307</MetadataToken>
              <Name>System.Boolean Logica.DBPruebas::borraPrueba(System.Int32)</Name>
              <FileRef uid="3" />
              <SequencePoints>
                <SequencePoint vc="0" uspid="184" ordinal="0" offset="0" sl="173" sc="9" el="173" ec="10" bec="0" bev="0" fileid="3" />
                <SequencePoint vc="0" uspid="185" ordinal="1" offset="1" sl="174" sc="13" el="174" ec="48" bec="2" bev="0" fileid="3" />
                <SequencePoint vc="0" uspid="186" ordinal="2" offset="17" sl="175" sc="13" el="175" ec="14" bec="0" bev="0" fileid="3" />
                <SequencePoint vc="0" uspid="187" ordinal="3" offset="18" sl="176" sc="17" el="176" ec="43" bec="0" bev="0" fileid="3" />
                <SequencePoint vc="0" uspid="188" ordinal="4" offset="31" sl="177" sc="17" el="177" ec="29" bec="0" bev="0" fileid="3" />
                <SequencePoint vc="0" uspid="189" ordinal="5" offset="35" sl="179" sc="13" el="179" ec="26" bec="0" bev="0" fileid="3" />
                <SequencePoint vc="0" uspid="190" ordinal="6" offset="39" sl="180" sc="9" el="180" ec="10" bec="0" bev="0" fileid="3" />
              </SequencePoints>
              <BranchPoints>
                <BranchPoint vc="0" uspid="191" ordinal="0" offset="15" sl="174" path="0" offsetend="17" fileid="3" />
                <BranchPoint vc="0" uspid="192" ordinal="1" offset="15" sl="174" path="1" offsetend="35" fileid="3" />
              </BranchPoints>
              <MethodPoint xsi:type="SequencePoint" vc="0" uspid="184" ordinal="0" offset="0" sl="173" sc="9" el="173" ec="10" bec="0" bev="0" fileid="3" />
            </Method>
            <Method visited="false" cyclomaticComplexity="4" nPathComplexity="2" sequenceCoverage="0" branchCoverage="0" crapScore="20" isConstructor="false" isStatic="false" isGetter="false" isSetter="false">
              <Summary numSequencePoints="9" visitedSequencePoints="0" numBranchPoints="3" visitedBranchPoints="0" sequenceCoverage="0" branchCoverage="0" maxCyclomaticComplexity="4" minCyclomaticComplexity="4" maxCrapScore="20" minCrapScore="20" visitedClasses="0" numClasses="0" visitedMethods="0" numMethods="1" />
              <MetadataToken>100663308</MetadataToken>
              <Name>System.Boolean Logica.DBPruebas::modificaPrueba(System.Int32,System.String,System.String)</Name>
              <FileRef uid="3" />
              <SequencePoints>
                <SequencePoint vc="0" uspid="193" ordinal="0" offset="0" sl="183" sc="9" el="183" ec="10" bec="0" bev="0" fileid="3" />
                <SequencePoint vc="0" uspid="194" ordinal="1" offset="1" sl="184" sc="13" el="184" ec="53" bec="0" bev="0" fileid="3" />
                <SequencePoint vc="0" uspid="195" ordinal="2" offset="9" sl="185" sc="13" el="185" ec="105" bec="2" bev="0" fileid="3" />
                <SequencePoint vc="0" uspid="196" ordinal="3" offset="42" sl="186" sc="13" el="186" ec="14" bec="0" bev="0" fileid="3" />
                <SequencePoint vc="0" uspid="197" ordinal="4" offset="43" sl="187" sc="17" el="187" ec="53" bec="0" bev="0" fileid="3" />
                <SequencePoint vc="0" uspid="198" ordinal="5" offset="62" sl="188" sc="17" el="188" ec="58" bec="0" bev="0" fileid="3" />
                <SequencePoint vc="0" uspid="199" ordinal="6" offset="81" sl="189" sc="17" el="189" ec="29" bec="0" bev="0" fileid="3" />
                <SequencePoint vc="0" uspid="200" ordinal="7" offset="85" sl="191" sc="13" el="191" ec="26" bec="0" bev="0" fileid="3" />
                <SequencePoint vc="0" uspid="201" ordinal="8" offset="89" sl="192" sc="9" el="192" ec="10" bec="0" bev="0" fileid="3" />
              </SequencePoints>
              <BranchPoints>
                <BranchPoint vc="0" uspid="206" ordinal="4" offset="40" sl="185" path="0" offsetend="42" fileid="3" />
                <BranchPoint vc="0" uspid="207" ordinal="5" offset="40" sl="185" path="1" offsetend="85" fileid="3" />
              </BranchPoints>
              <MethodPoint xsi:type="SequencePoint" vc="0" uspid="193" ordinal="0" offset="0" sl="183" sc="9" el="183" ec="10" bec="0" bev="0" fileid="3" />
            </Method>
            <Method visited="true" cyclomaticComplexity="5" nPathComplexity="2" sequenceCoverage="90" branchCoverage="66.67" crapScore="5.02" isConstructor="false" isStatic="false" isGetter="false" isSetter="false">
              <Summary numSequencePoints="10" visitedSequencePoints="9" numBranchPoints="3" visitedBranchPoints="2" sequenceCoverage="90" branchCoverage="66.67" maxCyclomaticComplexity="5" minCyclomaticComplexity="5" maxCrapScore="5.02" minCrapScore="5.02" visitedClasses="0" numClasses="0" visitedMethods="1" numMethods="1" />
              <MetadataToken>100663309</MetadataToken>
              <Name>System.Boolean Logica.DBPruebas::añadeCalificacion(System.Int32,System.String)</Name>
              <FileRef uid="3" />
              <SequencePoints>
                <SequencePoint vc="54" uspid="208" ordinal="0" offset="0" sl="195" sc="9" el="195" ec="10" bec="0" bev="0" fileid="3">
                  <TrackedMethodRefs>
                    <TrackedMethodRef uid="4" vc="27" />
                  </TrackedMethodRefs>
                </SequencePoint>
                <SequencePoint vc="54" uspid="209" ordinal="1" offset="1" sl="196" sc="13" el="196" ec="50" bec="0" bev="0" fileid="3">
                  <TrackedMethodRefs>
                    <TrackedMethodRef uid="4" vc="27" />
                  </TrackedMethodRefs>
                </SequencePoint>
                <SequencePoint vc="54" uspid="210" ordinal="2" offset="9" sl="197" sc="13" el="197" ec="62" bec="0" bev="0" fileid="3">
                  <TrackedMethodRefs>
                    <TrackedMethodRef uid="4" vc="27" />
                  </TrackedMethodRefs>
                </SequencePoint>
                <SequencePoint vc="54" uspid="211" ordinal="3" offset="17" sl="198" sc="13" el="198" ec="150" bec="2" bev="1" fileid="3">
                  <TrackedMethodRefs>
                    <TrackedMethodRef uid="4" vc="27" />
                  </TrackedMethodRefs>
                </SequencePoint>
                <SequencePoint vc="54" uspid="212" ordinal="4" offset="69" sl="199" sc="13" el="199" ec="14" bec="0" bev="0" fileid="3">
                  <TrackedMethodRefs>
                    <TrackedMethodRef uid="4" vc="27" />
                  </TrackedMethodRefs>
                </SequencePoint>
                <SequencePoint vc="54" uspid="213" ordinal="5" offset="70" sl="200" sc="17" el="200" ec="70" bec="0" bev="0" fileid="3">
                  <TrackedMethodRefs>
                    <TrackedMethodRef uid="4" vc="27" />
                  </TrackedMethodRefs>
                </SequencePoint>
                <SequencePoint vc="54" uspid="214" ordinal="6" offset="79" sl="201" sc="17" el="201" ec="56" bec="0" bev="0" fileid="3">
                  <TrackedMethodRefs>
                    <TrackedMethodRef uid="4" vc="27" />
                  </TrackedMethodRefs>
                </SequencePoint>
                <SequencePoint vc="54" uspid="215" ordinal="7" offset="100" sl="202" sc="17" el="202" ec="29" bec="0" bev="0" fileid="3">
                  <TrackedMethodRefs>
                    <TrackedMethodRef uid="4" vc="27" />
                  </TrackedMethodRefs>
                </SequencePoint>
                <SequencePoint vc="0" uspid="216" ordinal="8" offset="105" sl="204" sc="13" el="204" ec="26" bec="0" bev="0" fileid="3" />
                <SequencePoint vc="54" uspid="217" ordinal="9" offset="110" sl="205" sc="9" el="205" ec="10" bec="0" bev="0" fileid="3">
                  <TrackedMethodRefs>
                    <TrackedMethodRef uid="4" vc="27" />
                  </TrackedMethodRefs>
                </SequencePoint>
              </SequencePoints>
              <BranchPoints>
                <BranchPoint vc="54" uspid="224" ordinal="6" offset="67" sl="198" path="0" offsetend="69" fileid="3">
                  <TrackedMethodRefs>
                    <TrackedMethodRef uid="4" vc="27" />
                  </TrackedMethodRefs>
                </BranchPoint>
                <BranchPoint vc="0" uspid="225" ordinal="7" offset="67" sl="198" path="1" offsetend="105" fileid="3" />
              </BranchPoints>
              <MethodPoint xsi:type="SequencePoint" vc="54" uspid="208" ordinal="0" offset="0" sl="195" sc="9" el="195" ec="10" bec="0" bev="0" fileid="3">
                <TrackedMethodRefs>
                  <TrackedMethodRef uid="4" vc="27" />
                </TrackedMethodRefs>
              </MethodPoint>
            </Method>
            <Method visited="false" cyclomaticComplexity="2" nPathComplexity="2" sequenceCoverage="0" branchCoverage="0" crapScore="6" isConstructor="false" isStatic="false" isGetter="false" isSetter="false">
              <Summary numSequencePoints="8" visitedSequencePoints="0" numBranchPoints="3" visitedBranchPoints="0" sequenceCoverage="0" branchCoverage="0" maxCyclomaticComplexity="2" minCyclomaticComplexity="2" maxCrapScore="6" minCrapScore="6" visitedClasses="0" numClasses="0" visitedMethods="0" numMethods="1" />
              <MetadataToken>100663310</MetadataToken>
              <Name>System.Boolean Logica.DBPruebas::borraCalificacion(System.Int32,System.String)</Name>
              <FileRef uid="3" />
              <SequencePoints>
                <SequencePoint vc="0" uspid="226" ordinal="0" offset="0" sl="208" sc="9" el="208" ec="10" bec="0" bev="0" fileid="3" />
                <SequencePoint vc="0" uspid="227" ordinal="1" offset="1" sl="210" sc="13" el="210" ec="62" bec="0" bev="0" fileid="3" />
                <SequencePoint vc="0" uspid="228" ordinal="2" offset="10" sl="211" sc="13" el="211" ec="27" bec="2" bev="0" fileid="3" />
                <SequencePoint vc="0" uspid="229" ordinal="3" offset="18" sl="212" sc="13" el="212" ec="14" bec="0" bev="0" fileid="3" />
                <SequencePoint vc="0" uspid="230" ordinal="4" offset="19" sl="213" sc="17" el="213" ec="56" bec="0" bev="0" fileid="3" />
                <SequencePoint vc="0" uspid="231" ordinal="5" offset="37" sl="214" sc="17" el="214" ec="29" bec="0" bev="0" fileid="3" />
                <SequencePoint vc="0" uspid="232" ordinal="6" offset="41" sl="216" sc="13" el="216" ec="26" bec="0" bev="0" fileid="3" />
                <SequencePoint vc="0" uspid="233" ordinal="7" offset="45" sl="217" sc="9" el="217" ec="10" bec="0" bev="0" fileid="3" />
              </SequencePoints>
              <BranchPoints>
                <BranchPoint vc="0" uspid="234" ordinal="0" offset="16" sl="211" path="0" offsetend="18" fileid="3" />
                <BranchPoint vc="0" uspid="235" ordinal="1" offset="16" sl="211" path="1" offsetend="41" fileid="3" />
              </BranchPoints>
              <MethodPoint xsi:type="SequencePoint" vc="0" uspid="226" ordinal="0" offset="0" sl="208" sc="9" el="208" ec="10" bec="0" bev="0" fileid="3" />
            </Method>
            <Method visited="false" cyclomaticComplexity="2" nPathComplexity="2" sequenceCoverage="0" branchCoverage="0" crapScore="6" isConstructor="false" isStatic="false" isGetter="false" isSetter="false">
              <Summary numSequencePoints="9" visitedSequencePoints="0" numBranchPoints="3" visitedBranchPoints="0" sequenceCoverage="0" branchCoverage="0" maxCyclomaticComplexity="2" minCyclomaticComplexity="2" maxCrapScore="6" minCrapScore="6" visitedClasses="0" numClasses="0" visitedMethods="0" numMethods="1" />
              <MetadataToken>100663311</MetadataToken>
              <Name>System.Boolean Logica.DBPruebas::modificaCalificacion(System.Int32,System.String,System.Double)</Name>
              <FileRef uid="3" />
              <SequencePoints>
                <SequencePoint vc="0" uspid="236" ordinal="0" offset="0" sl="220" sc="9" el="220" ec="10" bec="0" bev="0" fileid="3" />
                <SequencePoint vc="0" uspid="237" ordinal="1" offset="1" sl="221" sc="13" el="221" ec="75" bec="0" bev="0" fileid="3" />
                <SequencePoint vc="0" uspid="238" ordinal="2" offset="10" sl="222" sc="13" el="222" ec="27" bec="2" bev="0" fileid="3" />
                <SequencePoint vc="0" uspid="239" ordinal="3" offset="18" sl="223" sc="13" el="223" ec="14" bec="0" bev="0" fileid="3" />
                <SequencePoint vc="0" uspid="240" ordinal="4" offset="19" sl="224" sc="17" el="224" ec="32" bec="0" bev="0" fileid="3" />
                <SequencePoint vc="0" uspid="241" ordinal="5" offset="27" sl="225" sc="17" el="225" ec="37" bec="0" bev="0" fileid="3" />
                <SequencePoint vc="0" uspid="242" ordinal="6" offset="35" sl="226" sc="17" el="226" ec="29" bec="0" bev="0" fileid="3" />
                <SequencePoint vc="0" uspid="243" ordinal="7" offset="39" sl="228" sc="13" el="228" ec="26" bec="0" bev="0" fileid="3" />
                <SequencePoint vc="0" uspid="244" ordinal="8" offset="43" sl="229" sc="9" el="229" ec="10" bec="0" bev="0" fileid="3" />
              </SequencePoints>
              <BranchPoints>
                <BranchPoint vc="0" uspid="245" ordinal="0" offset="16" sl="222" path="0" offsetend="18" fileid="3" />
                <BranchPoint vc="0" uspid="246" ordinal="1" offset="16" sl="222" path="1" offsetend="39" fileid="3" />
              </BranchPoints>
              <MethodPoint xsi:type="SequencePoint" vc="0" uspid="236" ordinal="0" offset="0" sl="220" sc="9" el="220" ec="10" bec="0" bev="0" fileid="3" />
            </Method>
            <Method visited="false" cyclomaticComplexity="5" nPathComplexity="4" sequenceCoverage="0" branchCoverage="0" crapScore="30" isConstructor="false" isStatic="false" isGetter="false" isSetter="false">
              <Summary numSequencePoints="12" visitedSequencePoints="0" numBranchPoints="5" visitedBranchPoints="0" sequenceCoverage="0" branchCoverage="0" maxCyclomaticComplexity="5" minCyclomaticComplexity="5" maxCrapScore="30" minCrapScore="30" visitedClasses="0" numClasses="0" visitedMethods="0" numMethods="1" />
              <MetadataToken>100663312</MetadataToken>
              <Name>System.Collections.Generic.List`1&lt;Datos.Prueba&gt; Logica.DBPruebas::pruebasAspirante(System.String)</Name>
              <FileRef uid="3" />
              <SequencePoints>
                <SequencePoint vc="0" uspid="247" ordinal="0" offset="0" sl="232" sc="9" el="232" ec="10" bec="0" bev="0" fileid="3" />
                <SequencePoint vc="0" uspid="248" ordinal="1" offset="1" sl="233" sc="13" el="233" ec="55" bec="0" bev="0" fileid="3" />
                <SequencePoint vc="0" uspid="249" ordinal="2" offset="7" sl="234" sc="13" el="234" ec="45" bec="0" bev="0" fileid="3" />
                <SequencePoint vc="0" uspid="250" ordinal="3" offset="15" sl="235" sc="13" el="235" ec="27" bec="2" bev="0" fileid="3" />
                <SequencePoint vc="0" uspid="251" ordinal="4" offset="23" sl="236" sc="17" el="236" ec="24" bec="0" bev="0" fileid="3" />
                <SequencePoint vc="0" uspid="252" ordinal="5" offset="24" sl="236" sc="45" el="236" ec="66" bec="0" bev="0" fileid="3" />
                <SequencePoint vc="0" uspid="253" ordinal="6" offset="43" sl="236" sc="26" el="236" ec="41" bec="0" bev="0" fileid="3" />
                <SequencePoint vc="0" uspid="254" ordinal="7" offset="51" sl="237" sc="21" el="237" ec="43" bec="2" bev="0" fileid="3" />
                <SequencePoint vc="0" uspid="255" ordinal="8" offset="67" sl="238" sc="25" el="238" ec="48" bec="0" bev="0" fileid="3" />
                <SequencePoint vc="0" uspid="256" ordinal="9" offset="81" sl="236" sc="42" el="236" ec="44" bec="0" bev="0" fileid="3" />
                <SequencePoint vc="0" uspid="257" ordinal="10" offset="102" sl="239" sc="13" el="239" ec="28" bec="0" bev="0" fileid="3" />
                <SequencePoint vc="0" uspid="258" ordinal="11" offset="107" sl="240" sc="9" el="240" ec="10" bec="0" bev="0" fileid="3" />
              </SequencePoints>
              <BranchPoints>
                <BranchPoint vc="0" uspid="259" ordinal="0" offset="21" sl="235" path="0" offsetend="23" fileid="3" />
                <BranchPoint vc="0" uspid="260" ordinal="1" offset="21" sl="235" path="1" offsetend="102" fileid="3" />
                <BranchPoint vc="0" uspid="261" ordinal="2" offset="65" sl="237" path="0" offsetend="67" fileid="3" />
                <BranchPoint vc="0" uspid="262" ordinal="3" offset="65" sl="237" path="1" offsetend="81" fileid="3" />
              </BranchPoints>
              <MethodPoint xsi:type="SequencePoint" vc="0" uspid="247" ordinal="0" offset="0" sl="232" sc="9" el="232" ec="10" bec="0" bev="0" fileid="3" />
            </Method>
            <Method visited="false" cyclomaticComplexity="5" nPathComplexity="4" sequenceCoverage="0" branchCoverage="0" crapScore="30" isConstructor="false" isStatic="false" isGetter="false" isSetter="false">
              <Summary numSequencePoints="12" visitedSequencePoints="0" numBranchPoints="5" visitedBranchPoints="0" sequenceCoverage="0" branchCoverage="0" maxCyclomaticComplexity="5" minCyclomaticComplexity="5" maxCrapScore="30" minCrapScore="30" visitedClasses="0" numClasses="0" visitedMethods="0" numMethods="1" />
              <MetadataToken>100663313</MetadataToken>
              <Name>System.Collections.Generic.List`1&lt;Datos.Calificacion&gt; Logica.DBPruebas::calificacionesAspirante(System.String)</Name>
              <FileRef uid="3" />
              <SequencePoints>
                <SequencePoint vc="0" uspid="265" ordinal="0" offset="0" sl="243" sc="9" el="243" ec="10" bec="0" bev="0" fileid="3" />
                <SequencePoint vc="0" uspid="266" ordinal="1" offset="1" sl="244" sc="13" el="244" ec="67" bec="0" bev="0" fileid="3" />
                <SequencePoint vc="0" uspid="267" ordinal="2" offset="7" sl="245" sc="13" el="245" ec="45" bec="0" bev="0" fileid="3" />
                <SequencePoint vc="0" uspid="268" ordinal="3" offset="15" sl="246" sc="13" el="246" ec="27" bec="2" bev="0" fileid="3" />
                <SequencePoint vc="0" uspid="269" ordinal="4" offset="23" sl="247" sc="17" el="247" ec="24" bec="0" bev="0" fileid="3" />
[...]
              <MetadataToken>100663306</MetadataToken>
              <Name>System.String Datos.Prueba::get_Nombre()</Name>
              <FileRef uid="6" />
              <SequencePoints />
              <BranchPoints />
            </Method>
            <Method skippedDueTo="AutoImplementedProperty" visited="false" cyclomaticComplexity="1" nPathComplexity="0" sequenceCoverage="0" branchCoverage="0" crapScore="0" isConstructor="false" isStatic="false" isGetter="false" isSetter="true">
              <MetadataToken>100663307</MetadataToken>
              <Name>System.Void Datos.Prueba::set_Nombre(System.String)</Name>
              <FileRef uid="6" />
              <SequencePoints />
              <BranchPoints />
            </Method>
            <Method skippedDueTo="AutoImplementedProperty" visited="false" cyclomaticComplexity="1" nPathComplexity="0" sequenceCoverage="0" branchCoverage="0" crapScore="0" isConstructor="false" isStatic="false" isGetter="true" isSetter="false">
              <MetadataToken>100663308</MetadataToken>
              <Name>Datos.Usuario Datos.Prueba::get_Evaluador()</Name>
              <FileRef uid="6" />
              <SequencePoints />
              <BranchPoints />
            </Method>
            <Method skippedDueTo="AutoImplementedProperty" visited="false" cyclomaticComplexity="1" nPathComplexity="0" sequenceCoverage="0" branchCoverage="0" crapScore="0" isConstructor="false" isStatic="false" isGetter="false" isSetter="true">
              <MetadataToken>100663309</MetadataToken>
              <Name>System.Void Datos.Prueba::set_Evaluador(Datos.Usuario)</Name>
              <FileRef uid="6" />
              <SequencePoints />
              <BranchPoints />
            </Method>
            <Method visited="true" cyclomaticComplexity="1" nPathComplexity="0" sequenceCoverage="100" branchCoverage="100" crapScore="1" isConstructor="true" isStatic="false" isGetter="false" isSetter="false">
              <Summary numSequencePoints="6" visitedSequencePoints="6" numBranchPoints="1" visitedBranchPoints="1" sequenceCoverage="100" branchCoverage="100" maxCyclomaticComplexity="1" minCyclomaticComplexity="1" maxCrapScore="1" minCrapScore="1" visitedClasses="0" numClasses="0" visitedMethods="1" numMethods="1" />
              <MetadataToken>100663310</MetadataToken>
              <Name>System.Void Datos.Prueba::.ctor(System.Int32,System.String,Datos.Usuario)</Name>
              <FileRef uid="6" />
              <SequencePoints>
                <SequencePoint vc="10" uspid="379" ordinal="0" offset="0" sl="16" sc="9" el="16" ec="73" bec="0" bev="0" fileid="6">
                  <TrackedMethodRefs>
                    <TrackedMethodRef uid="4" vc="5" />
                  </TrackedMethodRefs>
                </SequencePoint>
                <SequencePoint vc="10" uspid="380" ordinal="1" offset="7" sl="17" sc="9" el="17" ec="10" bec="0" bev="0" fileid="6">
                  <TrackedMethodRefs>
                    <TrackedMethodRef uid="4" vc="5" />
                  </TrackedMethodRefs>
                </SequencePoint>
                <SequencePoint vc="10" uspid="381" ordinal="2" offset="8" sl="18" sc="13" el="18" ec="39" bec="0" bev="0" fileid="6">
                  <TrackedMethodRefs>
                    <TrackedMethodRef uid="4" vc="5" />
                  </TrackedMethodRefs>
                </SequencePoint>
                <SequencePoint vc="10" uspid="382" ordinal="3" offset="15" sl="19" sc="13" el="19" ec="35" bec="0" bev="0" fileid="6">
                  <TrackedMethodRefs>
                    <TrackedMethodRef uid="4" vc="5" />
                  </TrackedMethodRefs>
                </SequencePoint>
                <SequencePoint vc="10" uspid="383" ordinal="4" offset="23" sl="20" sc="13" el="20" ec="41" bec="0" bev="0" fileid="6">
                  <TrackedMethodRefs>
                    <TrackedMethodRef uid="4" vc="5" />
                  </TrackedMethodRefs>
                </SequencePoint>
                <SequencePoint vc="10" uspid="384" ordinal="5" offset="31" sl="21" sc="9" el="21" ec="10" bec="0" bev="0" fileid="6">
                  <TrackedMethodRefs>
                    <TrackedMethodRef uid="4" vc="5" />
                  </TrackedMethodRefs>
                </SequencePoint>
              </SequencePoints>
              <BranchPoints />
              <MethodPoint xsi:type="SequencePoint" vc="10" uspid="379" ordinal="0" offset="0" sl="16" sc="9" el="16" ec="73" bec="0" bev="0" fileid="6">
                <TrackedMethodRefs>
                  <TrackedMethodRef uid="4" vc="5" />
                </TrackedMethodRefs>
              </MethodPoint>
            </Method>
            <Method visited="true" cyclomaticComplexity="1" nPathComplexity="0" sequenceCoverage="100" branchCoverage="100" crapScore="1" isConstructor="false" isStatic="false" isGetter="false" isSetter="false">
              <Summary numSequencePoints="3" visitedSequencePoints="3" numBranchPoints="1" visitedBranchPoints="1" sequenceCoverage="100" branchCoverage="100" maxCyclomaticComplexity="1" minCyclomaticComplexity="1" maxCrapScore="1" minCrapScore="1" visitedClasses="0" numClasses="0" visitedMethods="1" numMethods="1" />
              <MetadataToken>100663311</MetadataToken>
              <Name>System.Int32 Datos.Prueba::GetHashCode()</Name>
              <FileRef uid="6" />
              <SequencePoints>
                <SequencePoint vc="10" uspid="385" ordinal="0" offset="0" sl="24" sc="9" el="24" ec="10" bec="0" bev="0" fileid="6">
                  <TrackedMethodRefs>
                    <TrackedMethodRef uid="4" vc="5" />
                  </TrackedMethodRefs>
                </SequencePoint>
                <SequencePoint vc="10" uspid="386" ordinal="1" offset="1" sl="25" sc="13" el="25" ec="43" bec="0" bev="0" fileid="6">
                  <TrackedMethodRefs>
                    <TrackedMethodRef uid="4" vc="5" />
                  </TrackedMethodRefs>
                </SequencePoint>
                <SequencePoint vc="10" uspid="387" ordinal="2" offset="18" sl="26" sc="9" el="26" ec="10" bec="0" bev="0" fileid="6">
                  <TrackedMethodRefs>
                    <TrackedMethodRef uid="4" vc="5" />
                  </TrackedMethodRefs>
                </SequencePoint>
              </SequencePoints>
              <BranchPoints />
              <MethodPoint xsi:type="SequencePoint" vc="10" uspid="385" ordinal="0" offset="0" sl="24" sc="9" el="24" ec="10" bec="0" bev="0" fileid="6">
                <TrackedMethodRefs>
                  <TrackedMethodRef uid="4" vc="5" />
                </TrackedMethodRefs>
              </MethodPoint>
            </Method>
          </Methods>
        </Class>
        <Class>
          <Summary numSequencePoints="13" visitedSequencePoints="13" numBranchPoints="2" visitedBranchPoints="2" sequenceCoverage="100" branchCoverage="100" maxCyclomaticComplexity="1" minCyclomaticComplexity="1" maxCrapScore="1" minCrapScore="1" visitedClasses="1" numClasses="1" visitedMethods="2" numMethods="2" />
          <FullName>Datos.Usuario</FullName>
          <Methods>
            <Method skippedDueTo="AutoImplementedProperty" visited="false" cyclomaticComplexity="1" nPathComplexity="0" sequenceCoverage="0" branchCoverage="0" crapScore="0" isConstructor="false" isStatic="false" isGetter="true" isSetter="false">
              <MetadataToken>100663312</MetadataToken>
              <Name>System.Int32 Datos.Usuario::get_IdUsuario()</Name>
              <FileRef uid="7" />
              <SequencePoints />
              <BranchPoints />
            </Method>
            <Method skippedDueTo="AutoImplementedProperty" visited="false" cyclomaticComplexity="1" nPathComplexity="0" sequenceCoverage="0" branchCoverage="0" crapScore="0" isConstructor="false" isStatic="false" isGetter="true" isSetter="false">
              <MetadataToken>100663313</MetadataToken>
              <Name>System.String Datos.Usuario::get_Cuenta()</Name>
              <FileRef uid="7" />
              <SequencePoints />
              <BranchPoints />
            </Method>
            <Method skippedDueTo="AutoImplementedProperty" visited="false" cyclomaticComplexity="1" nPathComplexity="0" sequenceCoverage="0" branchCoverage="0" crapScore="0" isConstructor="false" isStatic="false" isGetter="false" isSetter="true">
              <MetadataToken>100663314</MetadataToken>
              <Name>System.Void Datos.Usuario::set_Cuenta(System.String)</Name>
              <FileRef uid="7" />
              <SequencePoints />
              <BranchPoints />
            </Method>
            <Method skippedDueTo="AutoImplementedProperty" visited="false" cyclomaticComplexity="1" nPathComplexity="0" sequenceCoverage="0" branchCoverage="0" crapScore="0" isConstructor="false" isStatic="false" isGetter="true" isSetter="false">
              <MetadataToken>100663315</MetadataToken>
              <Name>System.String Datos.Usuario::get_Nombre()</Name>
              <FileRef uid="7" />
              <SequencePoints />
              <BranchPoints />
            </Method>
            <Method skippedDueTo="AutoImplementedProperty" visited="false" cyclomaticComplexity="1" nPathComplexity="0" sequenceCoverage="0" branchCoverage="0" crapScore="0" isConstructor="false" isStatic="false" isGetter="false" isSetter="true">
              <MetadataToken>100663316</MetadataToken>
              <Name>System.Void Datos.Usuario::set_Nombre(System.String)</Name>
              <FileRef uid="7" />
              <SequencePoints />
              <BranchPoints />
            </Method>
            <Method skippedDueTo="AutoImplementedProperty" visited="false" cyclomaticComplexity="1" nPathComplexity="0" sequenceCoverage="0" branchCoverage="0" crapScore="0" isConstructor="false" isStatic="false" isGetter="true" isSetter="false">
              <MetadataToken>100663317</MetadataToken>
              <Name>System.String Datos.Usuario::get_Apellidos()</Name>
              <FileRef uid="7" />
              <SequencePoints />
              <BranchPoints />
            </Method>
            <Method skippedDueTo="AutoImplementedProperty" visited="false" cyclomaticComplexity="1" nPathComplexity="0" sequenceCoverage="0" branchCoverage="0" crapScore="0" isConstructor="false" isStatic="false" isGetter="false" isSetter="true">
              <MetadataToken>100663318</MetadataToken>
              <Name>System.Void Datos.Usuario::set_Apellidos(System.String)</Name>
              <FileRef uid="7" />
              <SequencePoints />
              <BranchPoints />
            </Method>
            <Method skippedDueTo="AutoImplementedProperty" visited="false" cyclomaticComplexity="1" nPathComplexity="0" sequenceCoverage="0" branchCoverage="0" crapScore="0" isConstructor="false" isStatic="false" isGetter="true" isSetter="false">
              <MetadataToken>100663319</MetadataToken>
              <Name>System.String Datos.Usuario::get_EMail()</Name>
              <FileRef uid="7" />
              <SequencePoints />
              <BranchPoints />
            </Method>
            <Method skippedDueTo="AutoImplementedProperty" visited="false" cyclomaticComplexity="1" nPathComplexity="0" sequenceCoverage="0" branchCoverage="0" crapScore="0" isConstructor="false" isStatic="false" isGetter="false" isSetter="true">
              <MetadataToken>100663320</MetadataToken>
              <Name>System.Void Datos.Usuario::set_EMail(System.String)</Name>
              <FileRef uid="7" />
              <SequencePoints />
              <BranchPoints />
            </Method>
            <Method skippedDueTo="AutoImplementedProperty" visited="false" cyclomaticComplexity="1" nPathComplexity="0" sequenceCoverage="0" branchCoverage="0" crapScore="0" isConstructor="false" isStatic="false" isGetter="true" isSetter="false">
              <MetadataToken>100663321</MetadataToken>
              <Name>Datos.Roles Datos.Usuario::get_Rol()</Name>
              <FileRef uid="7" />
              <SequencePoints />
              <BranchPoints />
            </Method>
            <Method skippedDueTo="AutoImplementedProperty" visited="false" cyclomaticComplexity="1" nPathComplexity="0" sequenceCoverage="0" branchCoverage="0" crapScore="0" isConstructor="false" isStatic="false" isGetter="false" isSetter="true">
              <MetadataToken>100663322</MetadataToken>
              <Name>System.Void Datos.Usuario::set_Rol(Datos.Roles)</Name>
              <FileRef uid="7" />
              <SequencePoints />
              <BranchPoints />
            </Method>
            <Method skippedDueTo="AutoImplementedProperty" visited="false" cyclomaticComplexity="1" nPathComplexity="0" sequenceCoverage="0" branchCoverage="0" crapScore="0" isConstructor="false" isStatic="false" isGetter="true" isSetter="false">
              <MetadataToken>100663323</MetadataToken>
              <Name>System.String Datos.Usuario::get_Password()</Name>
              <FileRef uid="7" />
              <SequencePoints />
              <BranchPoints />
            </Method>
            <Method skippedDueTo="AutoImplementedProperty" visited="false" cyclomaticComplexity="1" nPathComplexity="0" sequenceCoverage="0" branchCoverage="0" crapScore="0" isConstructor="false" isStatic="false" isGetter="false" isSetter="true">
              <MetadataToken>100663324</MetadataToken>
              <Name>System.Void Datos.Usuario::set_Password(System.String)</Name>
              <FileRef uid="7" />
              <SequencePoints />
              <BranchPoints />
            </Method>
            <Method visited="true" cyclomaticComplexity="1" nPathComplexity="0" sequenceCoverage="100" branchCoverage="100" crapScore="1" isConstructor="true" isStatic="false" isGetter="false" isSetter="false">
              <Summary numSequencePoints="10" visitedSequencePoints="10" numBranchPoints="1" visitedBranchPoints="1" sequenceCoverage="100" branchCoverage="100" maxCyclomaticComplexity="1" minCyclomaticComplexity="1" maxCrapScore="1" minCrapScore="1" visitedClasses="0" numClasses="0" visitedMethods="1" numMethods="1" />
              <MetadataToken>100663325</MetadataToken>
              <Name>System.Void Datos.Usuario::.ctor(System.Int32,System.String,System.String,System.String,Datos.Roles,System.String,System.String)</Name>
              <FileRef uid="7" />
              <SequencePoints>
                <SequencePoint vc="24" uspid="388" ordinal="0" offset="0" sl="24" sc="9" el="24" ec="135" bec="0" bev="0" fileid="7">
                  <TrackedMethodRefs>
                    <TrackedMethodRef uid="4" vc="12" />
                  </TrackedMethodRefs>
                </SequencePoint>
                <SequencePoint vc="24" uspid="389" ordinal="1" offset="7" sl="25" sc="9" el="25" ec="10" bec="0" bev="0" fileid="7">
                  <TrackedMethodRefs>
                    <TrackedMethodRef uid="4" vc="12" />
                  </TrackedMethodRefs>
                </SequencePoint>
                <SequencePoint vc="24" uspid="390" ordinal="2" offset="8" sl="26" sc="13" el="26" ec="41" bec="0" bev="0" fileid="7">
                  <TrackedMethodRefs>
                    <TrackedMethodRef uid="4" vc="12" />
                  </TrackedMethodRefs>
                </SequencePoint>
                <SequencePoint vc="24" uspid="391" ordinal="3" offset="15" sl="27" sc="13" el="27" ec="35" bec="0" bev="0" fileid="7">
                  <TrackedMethodRefs>
                    <TrackedMethodRef uid="4" vc="12" />
                  </TrackedMethodRefs>
                </SequencePoint>
                <SequencePoint vc="24" uspid="392" ordinal="4" offset="23" sl="28" sc="13" el="28" ec="35" bec="0" bev="0" fileid="7">
                  <TrackedMethodRefs>
                    <TrackedMethodRef uid="4" vc="12" />
                  </TrackedMethodRefs>
                </SequencePoint>
                <SequencePoint vc="24" uspid="393" ordinal="5" offset="31" sl="29" sc="13" el="29" ec="41" bec="0" bev="0" fileid="7">
                  <TrackedMethodRefs>
                    <TrackedMethodRef uid="4" vc="12" />
                  </TrackedMethodRefs>
                </SequencePoint>
                <SequencePoint vc="24" uspid="394" ordinal="6" offset="40" sl="30" sc="13" el="30" ec="29" bec="0" bev="0" fileid="7">
                  <TrackedMethodRefs>
                    <TrackedMethodRef uid="4" vc="12" />
                  </TrackedMethodRefs>
                </SequencePoint>
                <SequencePoint vc="24" uspid="395" ordinal="7" offset="49" sl="31" sc="13" el="31" ec="33" bec="0" bev="0" fileid="7">
                  <TrackedMethodRefs>
                    <TrackedMethodRef uid="4" vc="12" />
                  </TrackedMethodRefs>
                </SequencePoint>
                <SequencePoint vc="24" uspid="396" ordinal="8" offset="58" sl="32" sc="13" el="32" ec="39" bec="0" bev="0" fileid="7">
                  <TrackedMethodRefs>
                    <TrackedMethodRef uid="4" vc="12" />
                  </TrackedMethodRefs>
                </SequencePoint>
                <SequencePoint vc="24" uspid="397" ordinal="9" offset="67" sl="33" sc="9" el="33" ec="10" bec="0" bev="0" fileid="7">
                  <TrackedMethodRefs>
                    <TrackedMethodRef uid="4" vc="12" />
                  </TrackedMethodRefs>
                </SequencePoint>
              </SequencePoints>
              <BranchPoints />
              <MethodPoint xsi:type="SequencePoint" vc="24" uspid="388" ordinal="0" offset="0" sl="24" sc="9" el="24" ec="135" bec="0" bev="0" fileid="7">
                <TrackedMethodRefs>
                  <TrackedMethodRef uid="4" vc="12" />
                </TrackedMethodRefs>
              </MethodPoint>
            </Method>
            <Method visited="true" cyclomaticComplexity="1" nPathComplexity="0" sequenceCoverage="100" branchCoverage="100" crapScore="1" isConstructor="false" isStatic="false" isGetter="false" isSetter="false">
              <Summary numSequencePoints="3" visitedSequencePoints="3" numBranchPoints="1" visitedBranchPoints="1" sequenceCoverage="100" branchCoverage="100" maxCyclomaticComplexity="1" minCyclomaticComplexity="1" maxCrapScore="1" minCrapScore="1" visitedClasses="0" numClasses="0" visitedMethods="1" numMethods="1" />
              <MetadataToken>100663326</MetadataToken>
              <Name>System.Int32 Datos.Usuario::GetHashCode()</Name>
              <FileRef uid="7" />
              <SequencePoints>
                <SequencePoint vc="24" uspid="398" ordinal="0" offset="0" sl="36" sc="9" el="36" ec="10" bec="0" bev="0" fileid="7">
                  <TrackedMethodRefs>
                    <TrackedMethodRef uid="4" vc="12" />
                  </TrackedMethodRefs>
                </SequencePoint>
                <SequencePoint vc="24" uspid="399" ordinal="1" offset="1" sl="37" sc="13" el="37" ec="41" bec="0" bev="0" fileid="7">
                  <TrackedMethodRefs>
                    <TrackedMethodRef uid="4" vc="12" />
                  </TrackedMethodRefs>
                </SequencePoint>
                <SequencePoint vc="24" uspid="400" ordinal="2" offset="15" sl="38" sc="9" el="38" ec="10" bec="0" bev="0" fileid="7">
                  <TrackedMethodRefs>
                    <TrackedMethodRef uid="4" vc="12" />
                  </TrackedMethodRefs>
                </SequencePoint>
              </SequencePoints>
              <BranchPoints />
              <MethodPoint xsi:type="SequencePoint" vc="24" uspid="398" ordinal="0" offset="0" sl="36" sc="9" el="36" ec="10" bec="0" bev="0" fileid="7">
                <TrackedMethodRefs>
                  <TrackedMethodRef uid="4" vc="12" />
                </TrackedMethodRefs>
              </MethodPoint>
            </Method>
          </Methods>
        </Class>
      </Classes>
      <TrackedMethods />
    </Module>
  </Modules>
</CoverageSession>