<?xml version="1.0" encoding="utf-8"?>
<CoverageSession xmlns:xsd="http://www.w3.org/2001/XMLSchema" xmlns:xsi="http://www.w3.org/2001/XMLSchema-instance" Version="4.6.0.0">
  <Summary numSequencePoints="413" visitedSequencePoints="272" numBranchPoints="98" visitedBranchPoints="49" sequenceCoverage="65.86" branchCoverage="50" maxCyclomaticComplexity="6" minCyclomaticComplexity="1" maxCrapScore="30" minCrapScore="1" visitedClasses="9" numClasses="9" visitedMethods="31" numMethods="44" />
  <Modules>
    <Module hash="EE-C3-B0-97-BD-16-B1-BA-5C-E7-77-0A-2A-63-F3-73-B7-CE-3E-19">
      <Summary numSequencePoints="46" visitedSequencePoints="46" numBranchPoints="3" visitedBranchPoints="3" sequenceCoverage="100" branchCoverage="100" maxCyclomaticComplexity="1" minCyclomaticComplexity="1" maxCrapScore="2" minCrapScore="1" visitedClasses="3" numClasses="3" visitedMethods="3" numMethods="3" />
      <ModulePath>C:\Users\migue\Documents\Visual Studio 2017\Projects\KnowResult\DatosTest\bin\Debug\DatosTest.dll</ModulePath>
      <ModuleTime>2017-11-07T17:23:46.3643266Z</ModuleTime>
      <ModuleName>DatosTest</ModuleName>
      <Files>
        <File uid="1" fullPath="C:\Users\migue\Documents\Visual Studio 2017\Projects\KnowResult\DatosTest\CalificacionTest.cs" />
        <File uid="2" fullPath="C:\Users\migue\Documents\Visual Studio 2017\Projects\KnowResult\DatosTest\PruebaTest.cs" />
        <File uid="3" fullPath="C:\Users\migue\Documents\Visual Studio 2017\Projects\KnowResult\DatosTest\UsuarioTest.cs" />
      </Files>
      <Classes>
        <Class>
          <Summary numSequencePoints="14" visitedSequencePoints="14" numBranchPoints="1" visitedBranchPoints="1" sequenceCoverage="100" branchCoverage="100" maxCyclomaticComplexity="1" minCyclomaticComplexity="1" maxCrapScore="2" minCrapScore="1" visitedClasses="1" numClasses="1" visitedMethods="1" numMethods="1" />
          <FullName>DatosTest.CalificacionTest</FullName>
          <Methods>
            <Method visited="true" cyclomaticComplexity="1" nPathComplexity="0" sequenceCoverage="100" branchCoverage="100" crapScore="1" isConstructor="false" isStatic="false" isGetter="false" isSetter="false">
              <Summary numSequencePoints="14" visitedSequencePoints="14" numBranchPoints="1" visitedBranchPoints="1" sequenceCoverage="100" branchCoverage="100" maxCyclomaticComplexity="1" minCyclomaticComplexity="1" maxCrapScore="1" minCrapScore="1" visitedClasses="0" numClasses="0" visitedMethods="1" numMethods="1" />
              <MetadataToken>100663297</MetadataToken>
              <Name>System.Void DatosTest.CalificacionTest::TestConstructorSetyGetCalificacion()</Name>
              <FileRef uid="1" />
              <SequencePoints>
                <SequencePoint vc="1" uspid="1" ordinal="0" offset="0" sl="12" sc="9" el="12" ec="10" bec="0" bev="0" fileid="1">
                  <TrackedMethodRefs>
                    <TrackedMethodRef uid="1" vc="1" />
                  </TrackedMethodRefs>
                </SequencePoint>
                <SequencePoint vc="1" uspid="2" ordinal="1" offset="1" sl="13" sc="13" el="13" ec="135" bec="0" bev="0" fileid="1">
                  <TrackedMethodRefs>
                    <TrackedMethodRef uid="1" vc="1" />
                  </TrackedMethodRefs>
                </SequencePoint>
                <SequencePoint vc="1" uspid="3" ordinal="2" offset="34" sl="14" sc="13" el="14" ec="134" bec="0" bev="0" fileid="1">
                  <TrackedMethodRefs>
                    <TrackedMethodRef uid="1" vc="1" />
                  </TrackedMethodRefs>
                </SequencePoint>
                <SequencePoint vc="1" uspid="4" ordinal="3" offset="67" sl="15" sc="13" el="15" ec="65" bec="0" bev="0" fileid="1">
                  <TrackedMethodRefs>
                    <TrackedMethodRef uid="1" vc="1" />
                  </TrackedMethodRefs>
                </SequencePoint>
                <SequencePoint vc="1" uspid="5" ordinal="4" offset="80" sl="16" sc="13" el="16" ec="66" bec="0" bev="0" fileid="1">
                  <TrackedMethodRefs>
                    <TrackedMethodRef uid="1" vc="1" />
                  </TrackedMethodRefs>
                </SequencePoint>
                <SequencePoint vc="1" uspid="6" ordinal="5" offset="88" sl="18" sc="13" el="18" ec="46" bec="0" bev="0" fileid="1">
                  <TrackedMethodRefs>
                    <TrackedMethodRef uid="1" vc="1" />
                  </TrackedMethodRefs>
                </SequencePoint>
                <SequencePoint vc="1" uspid="7" ordinal="6" offset="101" sl="19" sc="13" el="19" ec="52" bec="0" bev="0" fileid="1">
                  <TrackedMethodRefs>
                    <TrackedMethodRef uid="1" vc="1" />
                  </TrackedMethodRefs>
                </SequencePoint>
                <SequencePoint vc="1" uspid="8" ordinal="7" offset="114" sl="20" sc="13" el="20" ec="40" bec="0" bev="0" fileid="1">
                  <TrackedMethodRefs>
                    <TrackedMethodRef uid="1" vc="1" />
                  </TrackedMethodRefs>
                </SequencePoint>
                <SequencePoint vc="1" uspid="9" ordinal="8" offset="135" sl="21" sc="13" el="21" ec="50" bec="0" bev="0" fileid="1">
                  <TrackedMethodRefs>
                    <TrackedMethodRef uid="1" vc="1" />
                  </TrackedMethodRefs>
                </SequencePoint>
                <SequencePoint vc="1" uspid="10" ordinal="9" offset="148" sl="23" sc="13" el="23" ec="26" bec="0" bev="0" fileid="1">
                  <TrackedMethodRefs>
                    <TrackedMethodRef uid="1" vc="1" />
                  </TrackedMethodRefs>
                </SequencePoint>
                <SequencePoint vc="1" uspid="11" ordinal="10" offset="164" sl="24" sc="13" el="24" ec="33" bec="0" bev="0" fileid="1">
                  <TrackedMethodRefs>
                    <TrackedMethodRef uid="1" vc="1" />
                  </TrackedMethodRefs>
                </SequencePoint>
                <SequencePoint vc="1" uspid="12" ordinal="11" offset="172" sl="26" sc="13" el="26" ec="42" bec="0" bev="0" fileid="1">
                  <TrackedMethodRefs>
                    <TrackedMethodRef uid="1" vc="1" />
                  </TrackedMethodRefs>
                </SequencePoint>
                <SequencePoint vc="1" uspid="13" ordinal="12" offset="193" sl="27" sc="13" el="27" ec="49" bec="0" bev="0" fileid="1">
                  <TrackedMethodRefs>
                    <TrackedMethodRef uid="1" vc="1" />
                  </TrackedMethodRefs>
                </SequencePoint>
                <SequencePoint vc="1" uspid="14" ordinal="13" offset="206" sl="28" sc="9" el="28" ec="10" bec="0" bev="0" fileid="1">
                  <TrackedMethodRefs>
                    <TrackedMethodRef uid="1" vc="1" />
                  </TrackedMethodRefs>
                </SequencePoint>
              </SequencePoints>
              <BranchPoints />
              <MethodPoint xsi:type="SequencePoint" vc="1" uspid="1" ordinal="0" offset="0" sl="12" sc="9" el="12" ec="10" bec="0" bev="0" fileid="1">
                <TrackedMethodRefs>
                  <TrackedMethodRef uid="1" vc="1" />
                </TrackedMethodRefs>
              </MethodPoint>
            </Method>
            <Method visited="false" cyclomaticComplexity="1" nPathComplexity="0" sequenceCoverage="0" branchCoverage="0" crapScore="2" isConstructor="true" isStatic="false" isGetter="false" isSetter="false">
              <Summary numSequencePoints="0" visitedSequencePoints="0" numBranchPoints="0" visitedBranchPoints="0" sequenceCoverage="0" branchCoverage="0" maxCyclomaticComplexity="1" minCyclomaticComplexity="1" maxCrapScore="2" minCrapScore="2" visitedClasses="0" numClasses="0" visitedMethods="0" numMethods="0" />
              <MetadataToken>100663298</MetadataToken>
              <Name>System.Void DatosTest.CalificacionTest::.ctor()</Name>
              <SequencePoints />
              <BranchPoints />
              <MethodPoint vc="0" uspid="15" ordinal="0" offset="0" />
            </Method>
          </Methods>
        </Class>
        <Class>
          <Summary numSequencePoints="12" visitedSequencePoints="12" numBranchPoints="1" visitedBranchPoints="1" sequenceCoverage="100" branchCoverage="100" maxCyclomaticComplexity="1" minCyclomaticComplexity="1" maxCrapScore="2" minCrapScore="1" visitedClasses="1" numClasses="1" visitedMethods="1" numMethods="1" />
          <FullName>DatosTest.PruebaTest</FullName>
          <Methods>
            <Method visited="true" cyclomaticComplexity="1" nPathComplexity="0" sequenceCoverage="100" branchCoverage="100" crapScore="1" isConstructor="false" isStatic="false" isGetter="false" isSetter="false">
              <Summary numSequencePoints="12" visitedSequencePoints="12" numBranchPoints="1" visitedBranchPoints="1" sequenceCoverage="100" branchCoverage="100" maxCyclomaticComplexity="1" minCyclomaticComplexity="1" maxCrapScore="1" minCrapScore="1" visitedClasses="0" numClasses="0" visitedMethods="1" numMethods="1" />
              <MetadataToken>100663299</MetadataToken>
              <Name>System.Void DatosTest.PruebaTest::TestConstructorSetyGetPrueba()</Name>
              <FileRef uid="2" />
              <SequencePoints>
                <SequencePoint vc="1" uspid="16" ordinal="0" offset="0" sl="12" sc="9" el="12" ec="10" bec="0" bev="0" fileid="2">
                  <TrackedMethodRefs>
                    <TrackedMethodRef uid="2" vc="1" />
                  </TrackedMethodRefs>
                </SequencePoint>
                <SequencePoint vc="1" uspid="17" ordinal="1" offset="1" sl="13" sc="13" el="13" ec="136" bec="0" bev="0" fileid="2">
                  <TrackedMethodRefs>
                    <TrackedMethodRef uid="2" vc="1" />
                  </TrackedMethodRefs>
                </SequencePoint>
                <SequencePoint vc="1" uspid="18" ordinal="2" offset="34" sl="14" sc="13" el="14" ec="135" bec="0" bev="0" fileid="2">
                  <TrackedMethodRefs>
                    <TrackedMethodRef uid="2" vc="1" />
                  </TrackedMethodRefs>
                </SequencePoint>
                <SequencePoint vc="1" uspid="19" ordinal="3" offset="67" sl="15" sc="13" el="15" ec="61" bec="0" bev="0" fileid="2">
                  <TrackedMethodRefs>
                    <TrackedMethodRef uid="2" vc="1" />
                  </TrackedMethodRefs>
                </SequencePoint>
                <SequencePoint vc="1" uspid="20" ordinal="4" offset="80" sl="17" sc="13" el="17" ec="44" bec="0" bev="0" fileid="2">
                  <TrackedMethodRefs>
                    <TrackedMethodRef uid="2" vc="1" />
                  </TrackedMethodRefs>
                </SequencePoint>
                <SequencePoint vc="1" uspid="21" ordinal="5" offset="93" sl="18" sc="13" el="18" ec="50" bec="0" bev="0" fileid="2">
                  <TrackedMethodRefs>
                    <TrackedMethodRef uid="2" vc="1" />
                  </TrackedMethodRefs>
                </SequencePoint>
                <SequencePoint vc="1" uspid="22" ordinal="6" offset="110" sl="19" sc="13" el="19" ec="53" bec="0" bev="0" fileid="2">
                  <TrackedMethodRefs>
                    <TrackedMethodRef uid="2" vc="1" />
                  </TrackedMethodRefs>
                </SequencePoint>
                <SequencePoint vc="1" uspid="23" ordinal="7" offset="123" sl="22" sc="13" el="22" ec="34" bec="0" bev="0" fileid="2">
                  <TrackedMethodRefs>
                    <TrackedMethodRef uid="2" vc="1" />
                  </TrackedMethodRefs>
                </SequencePoint>
                <SequencePoint vc="1" uspid="24" ordinal="8" offset="135" sl="23" sc="13" el="23" ec="38" bec="0" bev="0" fileid="2">
                  <TrackedMethodRefs>
                    <TrackedMethodRef uid="2" vc="1" />
                  </TrackedMethodRefs>
                </SequencePoint>
                <SequencePoint vc="1" uspid="25" ordinal="9" offset="143" sl="26" sc="13" el="26" ec="50" bec="0" bev="0" fileid="2">
                  <TrackedMethodRefs>
                    <TrackedMethodRef uid="2" vc="1" />
                  </TrackedMethodRefs>
                </SequencePoint>
                <SequencePoint vc="1" uspid="26" ordinal="10" offset="160" sl="27" sc="13" el="27" ec="53" bec="0" bev="0" fileid="2">
                  <TrackedMethodRefs>
                    <TrackedMethodRef uid="2" vc="1" />
                  </TrackedMethodRefs>
                </SequencePoint>
                <SequencePoint vc="1" uspid="27" ordinal="11" offset="173" sl="28" sc="9" el="28" ec="10" bec="0" bev="0" fileid="2">
                  <TrackedMethodRefs>
                    <TrackedMethodRef uid="2" vc="1" />
                  </TrackedMethodRefs>
                </SequencePoint>
              </SequencePoints>
              <BranchPoints />
              <MethodPoint xsi:type="SequencePoint" vc="1" uspid="16" ordinal="0" offset="0" sl="12" sc="9" el="12" ec="10" bec="0" bev="0" fileid="2">
                <TrackedMethodRefs>
                  <TrackedMethodRef uid="2" vc="1" />
                </TrackedMethodRefs>
              </MethodPoint>
            </Method>
            <Method visited="false" cyclomaticComplexity="1" nPathComplexity="0" sequenceCoverage="0" branchCoverage="0" crapScore="2" isConstructor="true" isStatic="false" isGetter="false" isSetter="false">
              <Summary numSequencePoints="0" visitedSequencePoints="0" numBranchPoints="0" visitedBranchPoints="0" sequenceCoverage="0" branchCoverage="0" maxCyclomaticComplexity="1" minCyclomaticComplexity="1" maxCrapScore="2" minCrapScore="2" visitedClasses="0" numClasses="0" visitedMethods="0" numMethods="0" />
              <MetadataToken>100663300</MetadataToken>
              <Name>System.Void DatosTest.PruebaTest::.ctor()</Name>
              <SequencePoints />
              <BranchPoints />
              <MethodPoint vc="0" uspid="28" ordinal="0" offset="0" />
            </Method>
          </Methods>
        </Class>
        <Class>
          <Summary numSequencePoints="20" visitedSequencePoints="20" numBranchPoints="1" visitedBranchPoints="1" sequenceCoverage="100" branchCoverage="100" maxCyclomaticComplexity="1" minCyclomaticComplexity="1" maxCrapScore="2" minCrapScore="1" visitedClasses="1" numClasses="1" visitedMethods="1" numMethods="1" />
          <FullName>DatosTest.UsuarioTest</FullName>
          <Methods>
            <Method visited="true" cyclomaticComplexity="1" nPathComplexity="0" sequenceCoverage="100" branchCoverage="100" crapScore="1" isConstructor="false" isStatic="false" isGetter="false" isSetter="false">
              <Summary numSequencePoints="20" visitedSequencePoints="20" numBranchPoints="1" visitedBranchPoints="1" sequenceCoverage="100" branchCoverage="100" maxCyclomaticComplexity="1" minCyclomaticComplexity="1" maxCrapScore="1" minCrapScore="1" visitedClasses="0" numClasses="0" visitedMethods="1" numMethods="1" />
              <MetadataToken>100663301</MetadataToken>
              <Name>System.Void DatosTest.UsuarioTest::TestConstructorSetyGetUsuario()</Name>
              <FileRef uid="3" />
              <SequencePoints>
                <SequencePoint vc="1" uspid="29" ordinal="0" offset="0" sl="12" sc="9" el="12" ec="10" bec="0" bev="0" fileid="3">
                  <TrackedMethodRefs>
                    <TrackedMethodRef uid="3" vc="1" />
                  </TrackedMethodRefs>
                </SequencePoint>
                <SequencePoint vc="1" uspid="30" ordinal="1" offset="1" sl="13" sc="13" el="13" ec="134" bec="0" bev="0" fileid="3">
                  <TrackedMethodRefs>
                    <TrackedMethodRef uid="3" vc="1" />
                  </TrackedMethodRefs>
                </SequencePoint>
                <SequencePoint vc="1" uspid="31" ordinal="2" offset="34" sl="15" sc="13" el="15" ec="45" bec="0" bev="0" fileid="3">
                  <TrackedMethodRefs>
                    <TrackedMethodRef uid="3" vc="1" />
                  </TrackedMethodRefs>
                </SequencePoint>
                <SequencePoint vc="1" uspid="32" ordinal="3" offset="47" sl="16" sc="13" el="16" ec="49" bec="0" bev="0" fileid="3">
                  <TrackedMethodRefs>
                    <TrackedMethodRef uid="3" vc="1" />
                  </TrackedMethodRefs>
                </SequencePoint>
                <SequencePoint vc="1" uspid="33" ordinal="4" offset="64" sl="17" sc="13" el="17" ec="62" bec="0" bev="0" fileid="3">
                  <TrackedMethodRefs>
                    <TrackedMethodRef uid="3" vc="1" />
                  </TrackedMethodRefs>
                </SequencePoint>
                <SequencePoint vc="1" uspid="34" ordinal="5" offset="81" sl="18" sc="13" el="18" ec="50" bec="0" bev="0" fileid="3">
                  <TrackedMethodRefs>
                    <TrackedMethodRef uid="3" vc="1" />
                  </TrackedMethodRefs>
                </SequencePoint>
                <SequencePoint vc="1" uspid="35" ordinal="6" offset="98" sl="19" sc="13" el="19" ec="61" bec="0" bev="0" fileid="3">
                  <TrackedMethodRefs>
                    <TrackedMethodRef uid="3" vc="1" />
                  </TrackedMethodRefs>
                </SequencePoint>
                <SequencePoint vc="1" uspid="36" ordinal="7" offset="115" sl="20" sc="13" el="20" ec="53" bec="0" bev="0" fileid="3">
                  <TrackedMethodRefs>
                    <TrackedMethodRef uid="3" vc="1" />
                  </TrackedMethodRefs>
                </SequencePoint>
                <SequencePoint vc="1" uspid="37" ordinal="8" offset="128" sl="21" sc="13" el="21" ec="54" bec="0" bev="0" fileid="3">
                  <TrackedMethodRefs>
                    <TrackedMethodRef uid="3" vc="1" />
                  </TrackedMethodRefs>
                </SequencePoint>
                <SequencePoint vc="1" uspid="38" ordinal="9" offset="145" sl="24" sc="13" el="24" ec="37" bec="0" bev="0" fileid="3">
                  <TrackedMethodRefs>
                    <TrackedMethodRef uid="3" vc="1" />
                  </TrackedMethodRefs>
                </SequencePoint>
                <SequencePoint vc="1" uspid="39" ordinal="10" offset="157" sl="25" sc="13" el="25" ec="32" bec="0" bev="0" fileid="3">
                  <TrackedMethodRefs>
                    <TrackedMethodRef uid="3" vc="1" />
                  </TrackedMethodRefs>
                </SequencePoint>
                <SequencePoint vc="1" uspid="40" ordinal="11" offset="169" sl="26" sc="13" el="26" ec="39" bec="0" bev="0" fileid="3">
                  <TrackedMethodRefs>
                    <TrackedMethodRef uid="3" vc="1" />
                  </TrackedMethodRefs>
                </SequencePoint>
                <SequencePoint vc="1" uspid="41" ordinal="12" offset="181" sl="27" sc="13" el="27" ec="37" bec="0" bev="0" fileid="3">
                  <TrackedMethodRefs>
                    <TrackedMethodRef uid="3" vc="1" />
                  </TrackedMethodRefs>
                </SequencePoint>
                <SequencePoint vc="1" uspid="42" ordinal="13" offset="189" sl="28" sc="13" el="28" ec="50" bec="0" bev="0" fileid="3">
                  <TrackedMethodRefs>
                    <TrackedMethodRef uid="3" vc="1" />
                  </TrackedMethodRefs>
                </SequencePoint>
                <SequencePoint vc="1" uspid="43" ordinal="14" offset="201" sl="31" sc="13" el="31" ec="53" bec="0" bev="0" fileid="3">
                  <TrackedMethodRefs>
                    <TrackedMethodRef uid="3" vc="1" />
                  </TrackedMethodRefs>
                </SequencePoint>
                <SequencePoint vc="1" uspid="44" ordinal="15" offset="218" sl="32" sc="13" el="32" ec="66" bec="0" bev="0" fileid="3">
                  <TrackedMethodRefs>
                    <TrackedMethodRef uid="3" vc="1" />
                  </TrackedMethodRefs>
                </SequencePoint>
                <SequencePoint vc="1" uspid="45" ordinal="16" offset="235" sl="33" sc="13" el="33" ec="48" bec="0" bev="0" fileid="3">
                  <TrackedMethodRefs>
                    <TrackedMethodRef uid="3" vc="1" />
                  </TrackedMethodRefs>
                </SequencePoint>
                <SequencePoint vc="1" uspid="46" ordinal="17" offset="252" sl="34" sc="13" el="34" ec="55" bec="0" bev="0" fileid="3">
                  <TrackedMethodRefs>
                    <TrackedMethodRef uid="3" vc="1" />
                  </TrackedMethodRefs>
                </SequencePoint>
                <SequencePoint vc="1" uspid="47" ordinal="18" offset="269" sl="35" sc="13" el="35" ec="53" bec="0" bev="0" fileid="3">
                  <TrackedMethodRefs>
                    <TrackedMethodRef uid="3" vc="1" />
                  </TrackedMethodRefs>
                </SequencePoint>
                <SequencePoint vc="1" uspid="48" ordinal="19" offset="282" sl="36" sc="9" el="36" ec="10" bec="0" bev="0" fileid="3">
                  <TrackedMethodRefs>
                    <TrackedMethodRef uid="3" vc="1" />
                  </TrackedMethodRefs>
                </SequencePoint>
              </SequencePoints>
              <BranchPoints />
              <MethodPoint xsi:type="SequencePoint" vc="1" uspid="29" ordinal="0" offset="0" sl="12" sc="9" el="12" ec="10" bec="0" bev="0" fileid="3">
                <TrackedMethodRefs>
                  <TrackedMethodRef uid="3" vc="1" />
                </TrackedMethodRefs>
              </MethodPoint>
            </Method>
            <Method visited="false" cyclomaticComplexity="1" nPathComplexity="0" sequenceCoverage="0" branchCoverage="0" crapScore="2" isConstructor="true" isStatic="false" isGetter="false" isSetter="false">
              <Summary numSequencePoints="0" visitedSequencePoints="0" numBranchPoints="0" visitedBranchPoints="0" sequenceCoverage="0" branchCoverage="0" maxCyclomaticComplexity="1" minCyclomaticComplexity="1" maxCrapScore="2" minCrapScore="2" visitedClasses="0" numClasses="0" visitedMethods="0" numMethods="0" />
              <MetadataToken>100663302</MetadataToken>
              <Name>System.Void DatosTest.UsuarioTest::.ctor()</Name>
              <SequencePoints />
              <BranchPoints />
              <MethodPoint vc="0" uspid="49" ordinal="0" offset="0" />
            </Method>
          </Methods>
        </Class>
      </Classes>
      <TrackedMethods>
        <TrackedMethod uid="1" token="100663297" name="System.Void DatosTest.CalificacionTest::TestConstructorSetyGetCalificacion()" strategy="MSTestTest" />
        <TrackedMethod uid="2" token="100663299" name="System.Void DatosTest.PruebaTest::TestConstructorSetyGetPrueba()" strategy="MSTestTest" />
        <TrackedMethod uid="3" token="100663301" name="System.Void DatosTest.UsuarioTest::TestConstructorSetyGetUsuario()" strategy="MSTestTest" />
      </TrackedMethods>
    </Module>
    <Module hash="15-7A-68-1B-6E-E1-60-47-9E-2F-CF-52-2C-39-67-22-13-00-2D-2C">
      <Summary numSequencePoints="33" visitedSequencePoints="33" numBranchPoints="6" visitedBranchPoints="6" sequenceCoverage="100" branchCoverage="100" maxCyclomaticComplexity="1" minCyclomaticComplexity="1" maxCrapScore="1" minCrapScore="1" visitedClasses="3" numClasses="3" visitedMethods="6" numMethods="6" />
      <ModulePath>C:\Users\migue\Documents\Visual Studio 2017\Projects\KnowResult\DatosTest\bin\Debug\Datos.dll</ModulePath>
      <ModuleTime>2017-11-07T17:23:45.1971222Z</ModuleTime>
      <ModuleName>Datos</ModuleName>
      <Files>
        <File uid="7" fullPath="C:\Users\migue\Documents\Visual Studio 2017\Projects\KnowResult\Datos\Calificacion.cs" />
        <File uid="8" fullPath="C:\Users\migue\Documents\Visual Studio 2017\Projects\KnowResult\Datos\Prueba.cs" />
        <File uid="9" fullPath="C:\Users\migue\Documents\Visual Studio 2017\Projects\KnowResult\Datos\Usuario.cs" />
      </Files>
      <Classes>
        <Class>
          <Summary numSequencePoints="11" visitedSequencePoints="11" numBranchPoints="2" visitedBranchPoints="2" sequenceCoverage="100" branchCoverage="100" maxCyclomaticComplexity="1" minCyclomaticComplexity="1" maxCrapScore="1" minCrapScore="1" visitedClasses="1" numClasses="1" visitedMethods="2" numMethods="2" />
          <FullName>Datos.Calificacion</FullName>
          <Methods>
            <Method skippedDueTo="AutoImplementedProperty" visited="false" cyclomaticComplexity="1" nPathComplexity="0" sequenceCoverage="0" branchCoverage="0" crapScore="0" isConstructor="false" isStatic="false" isGetter="true" isSetter="false">
              <MetadataToken>100663297</MetadataToken>
              <Name>Datos.Prueba Datos.Calificacion::get_Prueba()</Name>
              <FileRef uid="7" />
              <SequencePoints />
              <BranchPoints />
            </Method>
            <Method skippedDueTo="AutoImplementedProperty" visited="false" cyclomaticComplexity="1" nPathComplexity="0" sequenceCoverage="0" branchCoverage="0" crapScore="0" isConstructor="false" isStatic="false" isGetter="true" isSetter="false">
              <MetadataToken>100663298</MetadataToken>
              <Name>Datos.Usuario Datos.Calificacion::get_Aspirante()</Name>
              <FileRef uid="7" />
              <SequencePoints />
              <BranchPoints />
            </Method>
            <Method skippedDueTo="AutoImplementedProperty" visited="false" cyclomaticComplexity="1" nPathComplexity="0" sequenceCoverage="0" branchCoverage="0" crapScore="0" isConstructor="false" isStatic="false" isGetter="true" isSetter="false">
              <MetadataToken>100663299</MetadataToken>
              <Name>System.Double Datos.Calificacion::get_Nota()</Name>
              <FileRef uid="7" />
              <SequencePoints />
              <BranchPoints />
            </Method>
            <Method skippedDueTo="AutoImplementedProperty" visited="false" cyclomaticComplexity="1" nPathComplexity="0" sequenceCoverage="0" branchCoverage="0" crapScore="0" isConstructor="false" isStatic="false" isGetter="false" isSetter="true">
              <MetadataToken>100663300</MetadataToken>
              <Name>System.Void Datos.Calificacion::set_Nota(System.Double)</Name>
              <FileRef uid="7" />
              <SequencePoints />
              <BranchPoints />
            </Method>
            <Method skippedDueTo="AutoImplementedProperty" visited="false" cyclomaticComplexity="1" nPathComplexity="0" sequenceCoverage="0" branchCoverage="0" crapScore="0" isConstructor="false" isStatic="false" isGetter="true" isSetter="false">
              <MetadataToken>100663301</MetadataToken>
              <Name>System.Boolean Datos.Calificacion::get_Calificada()</Name>
              <FileRef uid="7" />
              <SequencePoints />
              <BranchPoints />
            </Method>
            <Method skippedDueTo="AutoImplementedProperty" visited="false" cyclomaticComplexity="1" nPathComplexity="0" sequenceCoverage="0" branchCoverage="0" crapScore="0" isConstructor="false" isStatic="false" isGetter="false" isSetter="true">
              <MetadataToken>100663302</MetadataToken>
              <Name>System.Void Datos.Calificacion::set_Calificada(System.Boolean)</Name>
              <FileRef uid="7" />
              <SequencePoints />
              <BranchPoints />
            </Method>
            <Method visited="true" cyclomaticComplexity="1" nPathComplexity="0" sequenceCoverage="100" branchCoverage="100" crapScore="1" isConstructor="true" isStatic="false" isGetter="false" isSetter="false">
              <Summary numSequencePoints="7" visitedSequencePoints="7" numBranchPoints="1" visitedBranchPoints="1" sequenceCoverage="100" branchCoverage="100" maxCyclomaticComplexity="1" minCyclomaticComplexity="1" maxCrapScore="1" minCrapScore="1" visitedClasses="0" numClasses="0" visitedMethods="1" numMethods="1" />
              <MetadataToken>100663303</MetadataToken>
              <Name>System.Void Datos.Calificacion::.ctor(Datos.Prueba,Datos.Usuario)</Name>
              <FileRef uid="7" />
              <SequencePoints>
                <SequencePoint vc="163" uspid="50" ordinal="0" offset="0" sl="19" sc="9" el="19" ec="64" bec="0" bev="0" fileid="7">
                  <TrackedMethodRefs>
                    <TrackedMethodRef uid="1" vc="1" />
                    <TrackedMethodRef uid="7" vc="27" />
                    <TrackedMethodRef uid="4" vc="27" />
                  </TrackedMethodRefs>
                </SequencePoint>
                <SequencePoint vc="163" uspid="51" ordinal="1" offset="7" sl="20" sc="9" el="20" ec="10" bec="0" bev="0" fileid="7">
                  <TrackedMethodRefs>
                    <TrackedMethodRef uid="1" vc="1" />
                    <TrackedMethodRef uid="7" vc="27" />
                    <TrackedMethodRef uid="4" vc="27" />
                  </TrackedMethodRefs>
                </SequencePoint>
                <SequencePoint vc="163" uspid="52" ordinal="2" offset="8" sl="21" sc="13" el="21" ec="35" bec="0" bev="0" fileid="7">
                  <TrackedMethodRefs>
                    <TrackedMethodRef uid="1" vc="1" />
                    <TrackedMethodRef uid="7" vc="27" />
                    <TrackedMethodRef uid="4" vc="27" />
                  </TrackedMethodRefs>
                </SequencePoint>
                <SequencePoint vc="163" uspid="53" ordinal="3" offset="15" sl="22" sc="13" el="22" ec="41" bec="0" bev="0" fileid="7">
                  <TrackedMethodRefs>
                    <TrackedMethodRef uid="1" vc="1" />
                    <TrackedMethodRef uid="7" vc="27" />
                    <TrackedMethodRef uid="4" vc="27" />
                  </TrackedMethodRefs>
                </SequencePoint>
                <SequencePoint vc="163" uspid="54" ordinal="4" offset="22" sl="24" sc="13" el="24" ec="27" bec="0" bev="0" fileid="7">
                  <TrackedMethodRefs>
                    <TrackedMethodRef uid="1" vc="1" />
                    <TrackedMethodRef uid="7" vc="27" />
                    <TrackedMethodRef uid="4" vc="27" />
                  </TrackedMethodRefs>
                </SequencePoint>
                <SequencePoint vc="163" uspid="55" ordinal="5" offset="38" sl="25" sc="13" el="25" ec="37" bec="0" bev="0" fileid="7">
                  <TrackedMethodRefs>
                    <TrackedMethodRef uid="1" vc="1" />
                    <TrackedMethodRef uid="7" vc="27" />
                    <TrackedMethodRef uid="4" vc="27" />
                  </TrackedMethodRefs>
                </SequencePoint>
                <SequencePoint vc="163" uspid="56" ordinal="6" offset="46" sl="26" sc="9" el="26" ec="10" bec="0" bev="0" fileid="7">
                  <TrackedMethodRefs>
                    <TrackedMethodRef uid="1" vc="1" />
                    <TrackedMethodRef uid="7" vc="27" />
                    <TrackedMethodRef uid="4" vc="27" />
                  </TrackedMethodRefs>
                </SequencePoint>
              </SequencePoints>
              <BranchPoints />
              <MethodPoint xsi:type="SequencePoint" vc="163" uspid="50" ordinal="0" offset="0" sl="19" sc="9" el="19" ec="64" bec="0" bev="0" fileid="7">
                <TrackedMethodRefs>
                  <TrackedMethodRef uid="1" vc="1" />
                  <TrackedMethodRef uid="7" vc="27" />
                  <TrackedMethodRef uid="4" vc="27" />
                </TrackedMethodRefs>
              </MethodPoint>
            </Method>
            <Method visited="true" cyclomaticComplexity="1" nPathComplexity="0" sequenceCoverage="100" branchCoverage="100" crapScore="1" isConstructor="false" isStatic="false" isGetter="false" isSetter="false">
              <Summary numSequencePoints="4" visitedSequencePoints="4" numBranchPoints="1" visitedBranchPoints="1" sequenceCoverage="100" branchCoverage="100" maxCyclomaticComplexity="1" minCyclomaticComplexity="1" maxCrapScore="1" minCrapScore="1" visitedClasses="0" numClasses="0" visitedMethods="1" numMethods="1" />
              <MetadataToken>100663304</MetadataToken>
              <Name>System.Int32 Datos.Calificacion::GetHashCode()</Name>
              <FileRef uid="7" />
              <SequencePoints>
                <SequencePoint vc="162" uspid="57" ordinal="0" offset="0" sl="29" sc="9" el="29" ec="10" bec="0" bev="0" fileid="7">
                  <TrackedMethodRefs>
                    <TrackedMethodRef uid="7" vc="27" />
                    <TrackedMethodRef uid="4" vc="27" />
                  </TrackedMethodRefs>
                </SequencePoint>
                <SequencePoint vc="162" uspid="58" ordinal="1" offset="1" sl="30" sc="13" el="30" ec="115" bec="0" bev="0" fileid="7">
                  <TrackedMethodRefs>
                    <TrackedMethodRef uid="7" vc="27" />
                    <TrackedMethodRef uid="4" vc="27" />
                  </TrackedMethodRefs>
                </SequencePoint>
                <SequencePoint vc="162" uspid="59" ordinal="2" offset="44" sl="31" sc="13" el="31" ec="37" bec="0" bev="0" fileid="7">
                  <TrackedMethodRefs>
                    <TrackedMethodRef uid="7" vc="27" />
                    <TrackedMethodRef uid="4" vc="27" />
                  </TrackedMethodRefs>
                </SequencePoint>
                <SequencePoint vc="162" uspid="60" ordinal="3" offset="53" sl="32" sc="9" el="32" ec="10" bec="0" bev="0" fileid="7">
                  <TrackedMethodRefs>
                    <TrackedMethodRef uid="7" vc="27" />
                    <TrackedMethodRef uid="4" vc="27" />
                  </TrackedMethodRefs>
                </SequencePoint>
              </SequencePoints>
              <BranchPoints />
              <MethodPoint xsi:type="SequencePoint" vc="162" uspid="57" ordinal="0" offset="0" sl="29" sc="9" el="29" ec="10" bec="0" bev="0" fileid="7">
                <TrackedMethodRefs>
                  <TrackedMethodRef uid="7" vc="27" />
                  <TrackedMethodRef uid="4" vc="27" />
                </TrackedMethodRefs>
              </MethodPoint>
            </Method>
          </Methods>
        </Class>
        <Class>
          <Summary numSequencePoints="9" visitedSequencePoints="9" numBranchPoints="2" visitedBranchPoints="2" sequenceCoverage="100" branchCoverage="100" maxCyclomaticComplexity="1" minCyclomaticComplexity="1" maxCrapScore="1" minCrapScore="1" visitedClasses="1" numClasses="1" visitedMethods="2" numMethods="2" />
          <FullName>Datos.Prueba</FullName>
          <Methods>
            <Method skippedDueTo="AutoImplementedProperty" visited="false" cyclomaticComplexity="1" nPathComplexity="0" sequenceCoverage="0" branchCoverage="0" crapScore="0" isConstructor="false" isStatic="false" isGetter="true" isSetter="false">
              <MetadataToken>100663305</MetadataToken>
              <Name>System.Int32 Datos.Prueba::get_IdPrueba()</Name>
              <FileRef uid="8" />
              <SequencePoints />
              <BranchPoints />
            </Method>
            <Method skippedDueTo="AutoImplementedProperty" visited="false" cyclomaticComplexity="1" nPathComplexity="0" sequenceCoverage="0" branchCoverage="0" crapScore="0" isConstructor="false" isStatic="false" isGetter="true" isSetter="false">
              <MetadataToken>100663306</MetadataToken>
              <Name>System.String Datos.Prueba::get_Nombre()</Name>
              <FileRef uid="8" />
              <SequencePoints />
              <BranchPoints />
            </Method>
            <Method skippedDueTo="AutoImplementedProperty" visited="false" cyclomaticComplexity="1" nPathComplexity="0" sequenceCoverage="0" branchCoverage="0" crapScore="0" isConstructor="false" isStatic="false" isGetter="false" isSetter="true">
              <MetadataToken>100663307</MetadataToken>
              <Name>System.Void Datos.Prueba::set_Nombre(System.String)</Name>
              <FileRef uid="8" />
              <SequencePoints />
              <BranchPoints />
            </Method>
            <Method skippedDueTo="AutoImplementedProperty" visited="false" cyclomaticComplexity="1" nPathComplexity="0" sequenceCoverage="0" branchCoverage="0" crapScore="0" isConstructor="false" isStatic="false" isGetter="true" isSetter="false">
              <MetadataToken>100663308</MetadataToken>
              <Name>Datos.Usuario Datos.Prueba::get_Evaluador()</Name>
              <FileRef uid="8" />
              <SequencePoints />
              <BranchPoints />
            </Method>
            <Method skippedDueTo="AutoImplementedProperty" visited="false" cyclomaticComplexity="1" nPathComplexity="0" sequenceCoverage="0" branchCoverage="0" crapScore="0" isConstructor="false" isStatic="false" isGetter="false" isSetter="true">
              <MetadataToken>100663309</MetadataToken>
              <Name>System.Void Datos.Prueba::set_Evaluador(Datos.Usuario)</Name>
              <FileRef uid="8" />
              <SequencePoints />
              <BranchPoints />
            </Method>
            <Method visited="true" cyclomaticComplexity="1" nPathComplexity="0" sequenceCoverage="100" branchCoverage="100" crapScore="1" isConstructor="true" isStatic="false" isGetter="false" isSetter="false">
              <Summary numSequencePoints="6" visitedSequencePoints="6" numBranchPoints="1" visitedBranchPoints="1" sequenceCoverage="100" branchCoverage="100" maxCyclomaticComplexity="1" minCyclomaticComplexity="1" maxCrapScore="1" minCrapScore="1" visitedClasses="0" numClasses="0" visitedMethods="1" numMethods="1" />
              <MetadataToken>100663310</MetadataToken>
              <Name>System.Void Datos.Prueba::.ctor(System.Int32,System.String,Datos.Usuario)</Name>
              <FileRef uid="8" />
              <SequencePoints>
                <SequencePoint vc="32" uspid="61" ordinal="0" offset="0" sl="16" sc="9" el="16" ec="73" bec="0" bev="0" fileid="8">
                  <TrackedMethodRefs>
                    <TrackedMethodRef uid="1" vc="1" />
                    <TrackedMethodRef uid="2" vc="1" />
                    <TrackedMethodRef uid="7" vc="5" />
                    <TrackedMethodRef uid="4" vc="5" />
                  </TrackedMethodRefs>
                </SequencePoint>
                <SequencePoint vc="32" uspid="62" ordinal="1" offset="7" sl="17" sc="9" el="17" ec="10" bec="0" bev="0" fileid="8">
                  <TrackedMethodRefs>
                    <TrackedMethodRef uid="1" vc="1" />
                    <TrackedMethodRef uid="2" vc="1" />
                    <TrackedMethodRef uid="7" vc="5" />
                    <TrackedMethodRef uid="4" vc="5" />
                  </TrackedMethodRefs>
                </SequencePoint>
                <SequencePoint vc="32" uspid="63" ordinal="2" offset="8" sl="18" sc="13" el="18" ec="39" bec="0" bev="0" fileid="8">
                  <TrackedMethodRefs>
                    <TrackedMethodRef uid="1" vc="1" />
                    <TrackedMethodRef uid="2" vc="1" />
                    <TrackedMethodRef uid="7" vc="5" />
                    <TrackedMethodRef uid="4" vc="5" />
                  </TrackedMethodRefs>
                </SequencePoint>
                <SequencePoint vc="32" uspid="64" ordinal="3" offset="15" sl="19" sc="13" el="19" ec="35" bec="0" bev="0" fileid="8">
                  <TrackedMethodRefs>
                    <TrackedMethodRef uid="1" vc="1" />
                    <TrackedMethodRef uid="2" vc="1" />
                    <TrackedMethodRef uid="7" vc="5" />
                    <TrackedMethodRef uid="4" vc="5" />
                  </TrackedMethodRefs>
                </SequencePoint>
                <SequencePoint vc="32" uspid="65" ordinal="4" offset="23" sl="20" sc="13" el="20" ec="41" bec="0" bev="0" fileid="8">
                  <TrackedMethodRefs>
                    <TrackedMethodRef uid="1" vc="1" />
                    <TrackedMethodRef uid="2" vc="1" />
                    <TrackedMethodRef uid="7" vc="5" />
                    <TrackedMethodRef uid="4" vc="5" />
                  </TrackedMethodRefs>
                </SequencePoint>
                <SequencePoint vc="32" uspid="66" ordinal="5" offset="31" sl="21" sc="9" el="21" ec="10" bec="0" bev="0" fileid="8">
                  <TrackedMethodRefs>
                    <TrackedMethodRef uid="1" vc="1" />
                    <TrackedMethodRef uid="2" vc="1" />
                    <TrackedMethodRef uid="7" vc="5" />
                    <TrackedMethodRef uid="4" vc="5" />
                  </TrackedMethodRefs>
                </SequencePoint>
              </SequencePoints>
              <BranchPoints />
              <MethodPoint xsi:type="SequencePoint" vc="32" uspid="61" ordinal="0" offset="0" sl="16" sc="9" el="16" ec="73" bec="0" bev="0" fileid="8">
                <TrackedMethodRefs>
                  <TrackedMethodRef uid="1" vc="1" />
                  <TrackedMethodRef uid="2" vc="1" />
                  <TrackedMethodRef uid="7" vc="5" />
                  <TrackedMethodRef uid="4" vc="5" />
                </TrackedMethodRefs>
              </MethodPoint>
            </Method>
            <Method visited="true" cyclomaticComplexity="1" nPathComplexity="0" sequenceCoverage="100" branchCoverage="100" crapScore="1" isConstructor="false" isStatic="false" isGetter="false" isSetter="false">
              <Summary numSequencePoints="3" visitedSequencePoints="3" numBranchPoints="1" visitedBranchPoints="1" sequenceCoverage="100" branchCoverage="100" maxCyclomaticComplexity="1" minCyclomaticComplexity="1" maxCrapScore="1" minCrapScore="1" visitedClasses="0" numClasses="0" visitedMethods="1" numMethods="1" />
              <MetadataToken>100663311</MetadataToken>
              <Name>System.Int32 Datos.Prueba::GetHashCode()</Name>
              <FileRef uid="8" />
              <SequencePoints>
                <SequencePoint vc="30" uspid="67" ordinal="0" offset="0" sl="24" sc="9" el="24" ec="10" bec="0" bev="0" fileid="8">
                  <TrackedMethodRefs>
                    <TrackedMethodRef uid="7" vc="5" />
                    <TrackedMethodRef uid="4" vc="5" />
                  </TrackedMethodRefs>
                </SequencePoint>
                <SequencePoint vc="30" uspid="68" ordinal="1" offset="1" sl="25" sc="13" el="25" ec="43" bec="0" bev="0" fileid="8">
                  <TrackedMethodRefs>
                    <TrackedMethodRef uid="7" vc="5" />
                    <TrackedMethodRef uid="4" vc="5" />
                  </TrackedMethodRefs>
                </SequencePoint>
                <SequencePoint vc="30" uspid="69" ordinal="2" offset="18" sl="26" sc="9" el="26" ec="10" bec="0" bev="0" fileid="8">
                  <TrackedMethodRefs>
                    <TrackedMethodRef uid="7" vc="5" />
                    <TrackedMethodRef uid="4" vc="5" />
                  </TrackedMethodRefs>
                </SequencePoint>
              </SequencePoints>
              <BranchPoints />
              <MethodPoint xsi:type="SequencePoint" vc="30" uspid="67" ordinal="0" offset="0" sl="24" sc="9" el="24" ec="10" bec="0" bev="0" fileid="8">
                <TrackedMethodRefs>
                  <TrackedMethodRef uid="7" vc="5" />
                  <TrackedMethodRef uid="4" vc="5" />
                </TrackedMethodRefs>
              </MethodPoint>
            </Method>
          </Methods>
        </Class>
        <Class>
          <Summary numSequencePoints="13" visitedSequencePoints="13" numBranchPoints="2" visitedBranchPoints="2" sequenceCoverage="100" branchCoverage="100" maxCyclomaticComplexity="1" minCyclomaticComplexity="1" maxCrapScore="1" minCrapScore="1" visitedClasses="1" numClasses="1" visitedMethods="2" numMethods="2" />
          <FullName>Datos.Usuario</FullName>
          <Methods>
            <Method skippedDueTo="AutoImplementedProperty" visited="false" cyclomaticComplexity="1" nPathComplexity="0" sequenceCoverage="0" branchCoverage="0" crapScore="0" isConstructor="false" isStatic="false" isGetter="true" isSetter="false">
              <MetadataToken>100663312</MetadataToken>
              <Name>System.Int32 Datos.Usuario::get_IdUsuario()</Name>
              <FileRef uid="9" />
              <SequencePoints />
              <BranchPoints />
            </Method>
            <Method skippedDueTo="AutoImplementedProperty" visited="false" cyclomaticComplexity="1" nPathComplexity="0" sequenceCoverage="0" branchCoverage="0" crapScore="0" isConstructor="false" isStatic="false" isGetter="true" isSetter="false">
              <MetadataToken>100663313</MetadataToken>
              <Name>System.String Datos.Usuario::get_Cuenta()</Name>
              <FileRef uid="9" />
              <SequencePoints />
              <BranchPoints />
            </Method>
            <Method skippedDueTo="AutoImplementedProperty" visited="false" cyclomaticComplexity="1" nPathComplexity="0" sequenceCoverage="0" branchCoverage="0" crapScore="0" isConstructor="false" isStatic="false" isGetter="false" isSetter="true">
              <MetadataToken>100663314</MetadataToken>
              <Name>System.Void Datos.Usuario::set_Cuenta(System.String)</Name>
              <FileRef uid="9" />
              <SequencePoints />
              <BranchPoints />
            </Method>
            <Method skippedDueTo="AutoImplementedProperty" visited="false" cyclomaticComplexity="1" nPathComplexity="0" sequenceCoverage="0" branchCoverage="0" crapScore="0" isConstructor="false" isStatic="false" isGetter="true" isSetter="false">
              <MetadataToken>100663315</MetadataToken>
              <Name>System.String Datos.Usuario::get_Nombre()</Name>
              <FileRef uid="9" />
              <SequencePoints />
              <BranchPoints />
            </Method>
            <Method skippedDueTo="AutoImplementedProperty" visited="false" cyclomaticComplexity="1" nPathComplexity="0" sequenceCoverage="0" branchCoverage="0" crapScore="0" isConstructor="false" isStatic="false" isGetter="false" isSetter="true">
              <MetadataToken>100663316</MetadataToken>
              <Name>System.Void Datos.Usuario::set_Nombre(System.String)</Name>
              <FileRef uid="9" />
              <SequencePoints />
              <BranchPoints />
            </Method>
            <Method skippedDueTo="AutoImplementedProperty" visited="false" cyclomaticComplexity="1" nPathComplexity="0" sequenceCoverage="0" branchCoverage="0" crapScore="0" isConstructor="false" isStatic="false" isGetter="true" isSetter="false">
              <MetadataToken>100663317</MetadataToken>
              <Name>System.String Datos.Usuario::get_Apellidos()</Name>
              <FileRef uid="9" />
              <SequencePoints />
              <BranchPoints />
            </Method>
            <Method skippedDueTo="AutoImplementedProperty" visited="false" cyclomaticComplexity="1" nPathComplexity="0" sequenceCoverage="0" branchCoverage="0" crapScore="0" isConstructor="false" isStatic="false" isGetter="false" isSetter="true">
              <MetadataToken>100663318</MetadataToken>
              <Name>System.Void Datos.Usuario::set_Apellidos(System.String)</Name>
              <FileRef uid="9" />
              <SequencePoints />
              <BranchPoints />
            </Method>
            <Method skippedDueTo="AutoImplementedProperty" visited="false" cyclomaticComplexity="1" nPathComplexity="0" sequenceCoverage="0" branchCoverage="0" crapScore="0" isConstructor="false" isStatic="false" isGetter="true" isSetter="false">
              <MetadataToken>100663319</MetadataToken>
              <Name>System.String Datos.Usuario::get_EMail()</Name>
              <FileRef uid="9" />
              <SequencePoints />
              <BranchPoints />
            </Method>
            <Method skippedDueTo="AutoImplementedProperty" visited="false" cyclomaticComplexity="1" nPathComplexity="0" sequenceCoverage="0" branchCoverage="0" crapScore="0" isConstructor="false" isStatic="false" isGetter="false" isSetter="true">
              <MetadataToken>100663320</MetadataToken>
              <Name>System.Void Datos.Usuario::set_EMail(System.String)</Name>
              <FileRef uid="9" />
              <SequencePoints />
              <BranchPoints />
            </Method>
            <Method skippedDueTo="AutoImplementedProperty" visited="false" cyclomaticComplexity="1" nPathComplexity="0" sequenceCoverage="0" branchCoverage="0" crapScore="0" isConstructor="false" isStatic="false" isGetter="true" isSetter="false">
              <MetadataToken>100663321</MetadataToken>
              <Name>Datos.Roles Datos.Usuario::get_Rol()</Name>
              <FileRef uid="9" />
              <SequencePoints />
              <BranchPoints />
            </Method>
            <Method skippedDueTo="AutoImplementedProperty" visited="false" cyclomaticComplexity="1" nPathComplexity="0" sequenceCoverage="0" branchCoverage="0" crapScore="0" isConstructor="false" isStatic="false" isGetter="false" isSetter="true">
              <MetadataToken>100663322</MetadataToken>
              <Name>System.Void Datos.Usuario::set_Rol(Datos.Roles)</Name>
              <FileRef uid="9" />
              <SequencePoints />
              <BranchPoints />
            </Method>
            <Method skippedDueTo="AutoImplementedProperty" visited="false" cyclomaticComplexity="1" nPathComplexity="0" sequenceCoverage="0" branchCoverage="0" crapScore="0" isConstructor="false" isStatic="false" isGetter="true" isSetter="false">
              <MetadataToken>100663323</MetadataToken>
              <Name>System.String Datos.Usuario::get_Password()</Name>
              <FileRef uid="9" />
              <SequencePoints />
              <BranchPoints />
            </Method>
            <Method skippedDueTo="AutoImplementedProperty" visited="false" cyclomaticComplexity="1" nPathComplexity="0" sequenceCoverage="0" branchCoverage="0" crapScore="0" isConstructor="false" isStatic="false" isGetter="false" isSetter="true">
              <MetadataToken>100663324</MetadataToken>
              <Name>System.Void Datos.Usuario::set_Password(System.String)</Name>
              <FileRef uid="9" />
              <SequencePoints />
              <BranchPoints />
            </Method>
            <Method visited="true" cyclomaticComplexity="1" nPathComplexity="0" sequenceCoverage="100" branchCoverage="100" crapScore="1" isConstructor="true" isStatic="false" isGetter="false" isSetter="false">
              <Summary numSequencePoints="10" visitedSequencePoints="10" numBranchPoints="1" visitedBranchPoints="1" sequenceCoverage="100" branchCoverage="100" maxCyclomaticComplexity="1" minCyclomaticComplexity="1" maxCrapScore="1" minCrapScore="1" visitedClasses="0" numClasses="0" visitedMethods="1" numMethods="1" />
              <MetadataToken>100663325</MetadataToken>
              <Name>System.Void Datos.Usuario::.ctor(System.Int32,System.String,System.String,System.String,Datos.Roles,System.String,System.String)</Name>
              <FileRef uid="9" />
              <SequencePoints>
                <SequencePoint vc="77" uspid="70" ordinal="0" offset="0" sl="24" sc="9" el="24" ec="135" bec="0" bev="0" fileid="9">
                  <TrackedMethodRefs>
                    <TrackedMethodRef uid="1" vc="2" />
                    <TrackedMethodRef uid="2" vc="2" />
                    <TrackedMethodRef uid="3" vc="1" />
                    <TrackedMethodRef uid="7" vc="12" />
                    <TrackedMethodRef uid="4" vc="12" />
                  </TrackedMethodRefs>
                </SequencePoint>
                <SequencePoint vc="77" uspid="71" ordinal="1" offset="7" sl="25" sc="9" el="25" ec="10" bec="0" bev="0" fileid="9">
                  <TrackedMethodRefs>
                    <TrackedMethodRef uid="1" vc="2" />
                    <TrackedMethodRef uid="2" vc="2" />
                    <TrackedMethodRef uid="3" vc="1" />
                    <TrackedMethodRef uid="7" vc="12" />
                    <TrackedMethodRef uid="4" vc="12" />
                  </TrackedMethodRefs>
                </SequencePoint>
                <SequencePoint vc="77" uspid="72" ordinal="2" offset="8" sl="26" sc="13" el="26" ec="41" bec="0" bev="0" fileid="9">
                  <TrackedMethodRefs>
                    <TrackedMethodRef uid="1" vc="2" />
                    <TrackedMethodRef uid="2" vc="2" />
                    <TrackedMethodRef uid="3" vc="1" />
                    <TrackedMethodRef uid="7" vc="12" />
                    <TrackedMethodRef uid="4" vc="12" />
                  </TrackedMethodRefs>
                </SequencePoint>
                <SequencePoint vc="77" uspid="73" ordinal="3" offset="15" sl="27" sc="13" el="27" ec="35" bec="0" bev="0" fileid="9">
                  <TrackedMethodRefs>
                    <TrackedMethodRef uid="1" vc="2" />
                    <TrackedMethodRef uid="2" vc="2" />
                    <TrackedMethodRef uid="3" vc="1" />
                    <TrackedMethodRef uid="7" vc="12" />
                    <TrackedMethodRef uid="4" vc="12" />
                  </TrackedMethodRefs>
                </SequencePoint>
                <SequencePoint vc="77" uspid="74" ordinal="4" offset="23" sl="28" sc="13" el="28" ec="35" bec="0" bev="0" fileid="9">
                  <TrackedMethodRefs>
                    <TrackedMethodRef uid="1" vc="2" />
                    <TrackedMethodRef uid="2" vc="2" />
                    <TrackedMethodRef uid="3" vc="1" />
                    <TrackedMethodRef uid="7" vc="12" />
                    <TrackedMethodRef uid="4" vc="12" />
                  </TrackedMethodRefs>
                </SequencePoint>
                <SequencePoint vc="77" uspid="75" ordinal="5" offset="31" sl="29" sc="13" el="29" ec="41" bec="0" bev="0" fileid="9">
                  <TrackedMethodRefs>
                    <TrackedMethodRef uid="1" vc="2" />
                    <TrackedMethodRef uid="2" vc="2" />
                    <TrackedMethodRef uid="3" vc="1" />
                    <TrackedMethodRef uid="7" vc="12" />
                    <TrackedMethodRef uid="4" vc="12" />
                  </TrackedMethodRefs>
                </SequencePoint>
                <SequencePoint vc="77" uspid="76" ordinal="6" offset="40" sl="30" sc="13" el="30" ec="29" bec="0" bev="0" fileid="9">
                  <TrackedMethodRefs>
                    <TrackedMethodRef uid="1" vc="2" />
                    <TrackedMethodRef uid="2" vc="2" />
                    <TrackedMethodRef uid="3" vc="1" />
                    <TrackedMethodRef uid="7" vc="12" />
                    <TrackedMethodRef uid="4" vc="12" />
                  </TrackedMethodRefs>
                </SequencePoint>
                <SequencePoint vc="77" uspid="77" ordinal="7" offset="49" sl="31" sc="13" el="31" ec="33" bec="0" bev="0" fileid="9">
                  <TrackedMethodRefs>
                    <TrackedMethodRef uid="1" vc="2" />
                    <TrackedMethodRef uid="2" vc="2" />
                    <TrackedMethodRef uid="3" vc="1" />
                    <TrackedMethodRef uid="7" vc="12" />
                    <TrackedMethodRef uid="4" vc="12" />
                  </TrackedMethodRefs>
                </SequencePoint>
                <SequencePoint vc="77" uspid="78" ordinal="8" offset="58" sl="32" sc="13" el="32" ec="39" bec="0" bev="0" fileid="9">
                  <TrackedMethodRefs>
                    <TrackedMethodRef uid="1" vc="2" />
                    <TrackedMethodRef uid="2" vc="2" />
                    <TrackedMethodRef uid="3" vc="1" />
                    <TrackedMethodRef uid="7" vc="12" />
                    <TrackedMethodRef uid="4" vc="12" />
                  </TrackedMethodRefs>
                </SequencePoint>
                <SequencePoint vc="77" uspid="79" ordinal="9" offset="67" sl="33" sc="9" el="33" ec="10" bec="0" bev="0" fileid="9">
                  <TrackedMethodRefs>
                    <TrackedMethodRef uid="1" vc="2" />
                    <TrackedMethodRef uid="2" vc="2" />
                    <TrackedMethodRef uid="3" vc="1" />
                    <TrackedMethodRef uid="7" vc="12" />
                    <TrackedMethodRef uid="4" vc="12" />
                  </TrackedMethodRefs>
                </SequencePoint>
              </SequencePoints>
              <BranchPoints />
              <MethodPoint xsi:type="SequencePoint" vc="77" uspid="70" ordinal="0" offset="0" sl="24" sc="9" el="24" ec="135" bec="0" bev="0" fileid="9">
                <TrackedMethodRefs>
                  <TrackedMethodRef uid="1" vc="2" />
                  <TrackedMethodRef uid="2" vc="2" />
                  <TrackedMethodRef uid="3" vc="1" />
                  <TrackedMethodRef uid="7" vc="12" />
                  <TrackedMethodRef uid="4" vc="12" />
                </TrackedMethodRefs>
              </MethodPoint>
            </Method>
            <Method visited="true" cyclomaticComplexity="1" nPathComplexity="0" sequenceCoverage="100" branchCoverage="100" crapScore="1" isConstructor="false" isStatic="false" isGetter="false" isSetter="false">
              <Summary numSequencePoints="3" visitedSequencePoints="3" numBranchPoints="1" visitedBranchPoints="1" sequenceCoverage="100" branchCoverage="100" maxCyclomaticComplexity="1" minCyclomaticComplexity="1" maxCrapScore="1" minCrapScore="1" visitedClasses="0" numClasses="0" visitedMethods="1" numMethods="1" />
              <MetadataToken>100663326</MetadataToken>
              <Name>System.Int32 Datos.Usuario::GetHashCode()</Name>
              <FileRef uid="9" />
              <SequencePoints>
                <SequencePoint vc="72" uspid="80" ordinal="0" offset="0" sl="36" sc="9" el="36" ec="10" bec="0" bev="0" fileid="9">
                  <TrackedMethodRefs>
                    <TrackedMethodRef uid="7" vc="12" />
                    <TrackedMethodRef uid="4" vc="12" />
                  </TrackedMethodRefs>
                </SequencePoint>
                <SequencePoint vc="72" uspid="81" ordinal="1" offset="1" sl="37" sc="13" el="37" ec="41" bec="0" bev="0" fileid="9">
                  <TrackedMethodRefs>
                    <TrackedMethodRef uid="7" vc="12" />
                    <TrackedMethodRef uid="4" vc="12" />
                  </TrackedMethodRefs>
                </SequencePoint>
                <SequencePoint vc="72" uspid="82" ordinal="2" offset="15" sl="38" sc="9" el="38" ec="10" bec="0" bev="0" fileid="9">
                  <TrackedMethodRefs>
                    <TrackedMethodRef uid="7" vc="12" />
                    <TrackedMethodRef uid="4" vc="12" />
                  </TrackedMethodRefs>
                </SequencePoint>
              </SequencePoints>
              <BranchPoints />
              <MethodPoint xsi:type="SequencePoint" vc="72" uspid="80" ordinal="0" offset="0" sl="36" sc="9" el="36" ec="10" bec="0" bev="0" fileid="9">
                <TrackedMethodRefs>
                  <TrackedMethodRef uid="7" vc="12" />
                  <TrackedMethodRef uid="4" vc="12" />
                </TrackedMethodRefs>
              </MethodPoint>
            </Method>
          </Methods>
        </Class>
      </Classes>
      <TrackedMethods />
    </Module>
    <Module hash="6B-E7-D9-E3-AA-0D-42-F0-CA-A8-CF-D3-98-C0-DF-41-8A-B3-CB-BC">
      <Summary numSequencePoints="23" visitedSequencePoints="23" numBranchPoints="5" visitedBranchPoints="5" sequenceCoverage="100" branchCoverage="100" maxCyclomaticComplexity="1" minCyclomaticComplexity="1" maxCrapScore="2" minCrapScore="1" visitedClasses="1" numClasses="1" visitedMethods="5" numMethods="5" />
      <ModulePath>C:\Users\migue\Documents\Visual Studio 2017\Projects\KnowResult\LogicaTest\bin\Debug\LogicaTest.dll</ModulePath>
      <ModuleTime>2017-11-13T19:30:13.6190466Z</ModuleTime>
      <ModuleName>LogicaTest</ModuleName>
      <Files>
        <File uid="13" fullPath="C:\Users\migue\Documents\Visual Studio 2017\Projects\KnowResult\LogicaTest\DBPruebasTest.cs" />
      </Files>
      <Classes>
        <Class>
          <Summary numSequencePoints="23" visitedSequencePoints="23" numBranchPoints="5" visitedBranchPoints="5" sequenceCoverage="100" branchCoverage="100" maxCyclomaticComplexity="1" minCyclomaticComplexity="1" maxCrapScore="2" minCrapScore="1" visitedClasses="1" numClasses="1" visitedMethods="5" numMethods="5" />
          <FullName>LogicaTest.DBPruebasTest</FullName>
          <Methods>
            <Method visited="true" cyclomaticComplexity="1" nPathComplexity="0" sequenceCoverage="100" branchCoverage="100" crapScore="1" isConstructor="false" isStatic="false" isGetter="false" isSetter="false">
              <Summary numSequencePoints="3" visitedSequencePoints="3" numBranchPoints="1" visitedBranchPoints="1" sequenceCoverage="100" branchCoverage="100" maxCyclomaticComplexity="1" minCyclomaticComplexity="1" maxCrapScore="1" minCrapScore="1" visitedClasses="0" numClasses="0" visitedMethods="1" numMethods="1" />
              <MetadataToken>100663297</MetadataToken>
              <Name>System.Void LogicaTest.DBPruebasTest::inicializar()</Name>
              <FileRef uid="13" />
              <SequencePoints>
                <SequencePoint vc="4" uspid="83" ordinal="0" offset="0" sl="19" sc="9" el="19" ec="10" bec="0" bev="0" fileid="13" />
                <SequencePoint vc="4" uspid="84" ordinal="1" offset="1" sl="20" sc="13" el="20" ec="38" bec="0" bev="0" fileid="13" />
                <SequencePoint vc="4" uspid="85" ordinal="2" offset="12" sl="21" sc="9" el="21" ec="10" bec="0" bev="0" fileid="13" />
              </SequencePoints>
              <BranchPoints />
              <MethodPoint xsi:type="SequencePoint" vc="4" uspid="83" ordinal="0" offset="0" sl="19" sc="9" el="19" ec="10" bec="0" bev="0" fileid="13" />
            </Method>
            <Method visited="true" cyclomaticComplexity="1" nPathComplexity="0" sequenceCoverage="100" branchCoverage="100" crapScore="1" isConstructor="false" isStatic="false" isGetter="false" isSetter="false">
              <Summary numSequencePoints="7" visitedSequencePoints="7" numBranchPoints="1" visitedBranchPoints="1" sequenceCoverage="100" branchCoverage="100" maxCyclomaticComplexity="1" minCyclomaticComplexity="1" maxCrapScore="1" minCrapScore="1" visitedClasses="0" numClasses="0" visitedMethods="1" numMethods="1" />
              <MetadataToken>100663298</MetadataToken>
              <Name>System.Void LogicaTest.DBPruebasTest::TestCargaDatosIniciales()</Name>
              <FileRef uid="13" />
              <SequencePoints>
                <SequencePoint vc="1" uspid="86" ordinal="0" offset="0" sl="25" sc="9" el="25" ec="10" bec="0" bev="0" fileid="13">
                  <TrackedMethodRefs>
                    <TrackedMethodRef uid="4" vc="1" />
                  </TrackedMethodRefs>
                </SequencePoint>
                <SequencePoint vc="1" uspid="87" ordinal="1" offset="1" sl="26" sc="13" el="26" ec="57" bec="0" bev="0" fileid="13">
                  <TrackedMethodRefs>
                    <TrackedMethodRef uid="4" vc="1" />
                  </TrackedMethodRefs>
                </SequencePoint>
                <SequencePoint vc="1" uspid="88" ordinal="2" offset="18" sl="27" sc="13" el="27" ec="66" bec="0" bev="0" fileid="13">
                  <TrackedMethodRefs>
                    <TrackedMethodRef uid="4" vc="1" />
                  </TrackedMethodRefs>
                </SequencePoint>
                <SequencePoint vc="1" uspid="89" ordinal="3" offset="41" sl="28" sc="13" el="28" ec="65" bec="0" bev="0" fileid="13">
                  <TrackedMethodRefs>
                    <TrackedMethodRef uid="4" vc="1" />
                  </TrackedMethodRefs>
                </SequencePoint>
                <SequencePoint vc="1" uspid="90" ordinal="4" offset="65" sl="29" sc="13" el="29" ec="62" bec="0" bev="0" fileid="13">
                  <TrackedMethodRefs>
                    <TrackedMethodRef uid="4" vc="1" />
                  </TrackedMethodRefs>
                </SequencePoint>
                <SequencePoint vc="1" uspid="91" ordinal="5" offset="88" sl="30" sc="13" el="30" ec="73" bec="0" bev="0" fileid="13">
                  <TrackedMethodRefs>
                    <TrackedMethodRef uid="4" vc="1" />
                  </TrackedMethodRefs>
                </SequencePoint>
                <SequencePoint vc="1" uspid="92" ordinal="6" offset="116" sl="31" sc="9" el="31" ec="10" bec="0" bev="0" fileid="13">
                  <TrackedMethodRefs>
                    <TrackedMethodRef uid="4" vc="1" />
                  </TrackedMethodRefs>
                </SequencePoint>
              </SequencePoints>
              <BranchPoints />
              <MethodPoint xsi:type="SequencePoint" vc="1" uspid="86" ordinal="0" offset="0" sl="25" sc="9" el="25" ec="10" bec="0" bev="0" fileid="13">
                <TrackedMethodRefs>
                  <TrackedMethodRef uid="4" vc="1" />
                </TrackedMethodRefs>
              </MethodPoint>
            </Method>
            <Method visited="true" cyclomaticComplexity="1" nPathComplexity="0" sequenceCoverage="100" branchCoverage="100" crapScore="1" isConstructor="false" isStatic="false" isGetter="false" isSetter="false">
              <Summary numSequencePoints="5" visitedSequencePoints="5" numBranchPoints="1" visitedBranchPoints="1" sequenceCoverage="100" branchCoverage="100" maxCyclomaticComplexity="1" minCyclomaticComplexity="1" maxCrapScore="1" minCrapScore="1" visitedClasses="0" numClasses="0" visitedMethods="1" numMethods="1" />
              <MetadataToken>100663299</MetadataToken>
              <Name>System.Void LogicaTest.DBPruebasTest::TestcomprobarContraseña()</Name>
              <FileRef uid="13" />
              <SequencePoints>
                <SequencePoint vc="1" uspid="93" ordinal="0" offset="0" sl="35" sc="9" el="35" ec="10" bec="0" bev="0" fileid="13">
                  <TrackedMethodRefs>
                    <TrackedMethodRef uid="5" vc="1" />
                  </TrackedMethodRefs>
                </SequencePoint>
                <SequencePoint vc="1" uspid="94" ordinal="1" offset="1" sl="36" sc="13" el="36" ec="73" bec="0" bev="0" fileid="13">
                  <TrackedMethodRefs>
                    <TrackedMethodRef uid="5" vc="1" />
                  </TrackedMethodRefs>
                </SequencePoint>
                <SequencePoint vc="1" uspid="95" ordinal="2" offset="28" sl="37" sc="13" el="37" ec="74" bec="0" bev="0" fileid="13">
                  <TrackedMethodRefs>
                    <TrackedMethodRef uid="5" vc="1" />
                  </TrackedMethodRefs>
                </SequencePoint>
                <SequencePoint vc="1" uspid="96" ordinal="3" offset="55" sl="38" sc="13" el="38" ec="71" bec="0" bev="0" fileid="13">
                  <TrackedMethodRefs>
                    <TrackedMethodRef uid="5" vc="1" />
                  </TrackedMethodRefs>
                </SequencePoint>
                <SequencePoint vc="1" uspid="97" ordinal="4" offset="82" sl="39" sc="9" el="39" ec="10" bec="0" bev="0" fileid="13">
                  <TrackedMethodRefs>
                    <TrackedMethodRef uid="5" vc="1" />
                  </TrackedMethodRefs>
                </SequencePoint>
              </SequencePoints>
              <BranchPoints />
              <MethodPoint xsi:type="SequencePoint" vc="1" uspid="93" ordinal="0" offset="0" sl="35" sc="9" el="35" ec="10" bec="0" bev="0" fileid="13">
                <TrackedMethodRefs>
                  <TrackedMethodRef uid="5" vc="1" />
                </TrackedMethodRefs>
              </MethodPoint>
            </Method>
            <Method visited="true" cyclomaticComplexity="1" nPathComplexity="0" sequenceCoverage="100" branchCoverage="100" crapScore="1" isConstructor="false" isStatic="false" isGetter="false" isSetter="false">
              <Summary numSequencePoints="3" visitedSequencePoints="3" numBranchPoints="1" visitedBranchPoints="1" sequenceCoverage="100" branchCoverage="100" maxCyclomaticComplexity="1" minCyclomaticComplexity="1" maxCrapScore="1" minCrapScore="1" visitedClasses="0" numClasses="0" visitedMethods="1" numMethods="1" />
              <MetadataToken>100663300</MetadataToken>
              <Name>System.Void LogicaTest.DBPruebasTest::TestleeUsuario()</Name>
              <FileRef uid="13" />
              <SequencePoints>
                <SequencePoint vc="1" uspid="98" ordinal="0" offset="0" sl="43" sc="9" el="43" ec="10" bec="0" bev="0" fileid="13">
                  <TrackedMethodRefs>
                    <TrackedMethodRef uid="6" vc="1" />
                  </TrackedMethodRefs>
                </SequencePoint>
                <SequencePoint vc="1" uspid="99" ordinal="1" offset="1" sl="44" sc="13" el="44" ec="77" bec="0" bev="0" fileid="13">
                  <TrackedMethodRefs>
                    <TrackedMethodRef uid="6" vc="1" />
                  </TrackedMethodRefs>
                </SequencePoint>
                <SequencePoint vc="1" uspid="100" ordinal="2" offset="33" sl="45" sc="9" el="45" ec="10" bec="0" bev="0" fileid="13">
                  <TrackedMethodRefs>
                    <TrackedMethodRef uid="6" vc="1" />
                  </TrackedMethodRefs>
                </SequencePoint>
              </SequencePoints>
              <BranchPoints />
              <MethodPoint xsi:type="SequencePoint" vc="1" uspid="98" ordinal="0" offset="0" sl="43" sc="9" el="43" ec="10" bec="0" bev="0" fileid="13">
                <TrackedMethodRefs>
                  <TrackedMethodRef uid="6" vc="1" />
                </TrackedMethodRefs>
              </MethodPoint>
            </Method>
            <Method visited="true" cyclomaticComplexity="1" nPathComplexity="0" sequenceCoverage="100" branchCoverage="100" crapScore="1" isConstructor="false" isStatic="false" isGetter="false" isSetter="false">
              <Summary numSequencePoints="5" visitedSequencePoints="5" numBranchPoints="1" visitedBranchPoints="1" sequenceCoverage="100" branchCoverage="100" maxCyclomaticComplexity="1" minCyclomaticComplexity="1" maxCrapScore="1" minCrapScore="1" visitedClasses="0" numClasses="0" visitedMethods="1" numMethods="1" />
              <MetadataToken>100663301</MetadataToken>
              <Name>System.Void LogicaTest.DBPruebasTest::TestañadeUsuario()</Name>
              <FileRef uid="13" />
              <SequencePoints>
                <SequencePoint vc="1" uspid="101" ordinal="0" offset="0" sl="49" sc="9" el="49" ec="10" bec="0" bev="0" fileid="13">
                  <TrackedMethodRefs>
                    <TrackedMethodRef uid="7" vc="1" />
                  </TrackedMethodRefs>
                </SequencePoint>
                <SequencePoint vc="1" uspid="102" ordinal="1" offset="1" sl="50" sc="13" el="50" ec="42" bec="0" bev="0" fileid="13">
                  <TrackedMethodRefs>
                    <TrackedMethodRef uid="7" vc="1" />
                  </TrackedMethodRefs>
                </SequencePoint>
                <SequencePoint vc="1" uspid="103" ordinal="2" offset="13" sl="51" sc="13" el="51" ec="144" bec="0" bev="0" fileid="13">
                  <TrackedMethodRefs>
                    <TrackedMethodRef uid="7" vc="1" />
                  </TrackedMethodRefs>
                </SequencePoint>
                <SequencePoint vc="1" uspid="104" ordinal="3" offset="56" sl="52" sc="13" el="52" ec="65" bec="0" bev="0" fileid="13">
                  <TrackedMethodRefs>
                    <TrackedMethodRef uid="7" vc="1" />
                  </TrackedMethodRefs>
                </SequencePoint>
                <SequencePoint vc="1" uspid="105" ordinal="4" offset="80" sl="53" sc="9" el="53" ec="10" bec="0" bev="0" fileid="13">
                  <TrackedMethodRefs>
                    <TrackedMethodRef uid="7" vc="1" />
                  </TrackedMethodRefs>
                </SequencePoint>
              </SequencePoints>
              <BranchPoints />
              <MethodPoint xsi:type="SequencePoint" vc="1" uspid="101" ordinal="0" offset="0" sl="49" sc="9" el="49" ec="10" bec="0" bev="0" fileid="13">
                <TrackedMethodRefs>
                  <TrackedMethodRef uid="7" vc="1" />
                </TrackedMethodRefs>
              </MethodPoint>
            </Method>
            <Method visited="false" cyclomaticComplexity="1" nPathComplexity="0" sequenceCoverage="0" branchCoverage="0" crapScore="2" isConstructor="true" isStatic="false" isGetter="false" isSetter="false">
              <Summary numSequencePoints="0" visitedSequencePoints="0" numBranchPoints="0" visitedBranchPoints="0" sequenceCoverage="0" branchCoverage="0" maxCyclomaticComplexity="1" minCyclomaticComplexity="1" maxCrapScore="2" minCrapScore="2" visitedClasses="0" numClasses="0" visitedMethods="0" numMethods="0" />
              <MetadataToken>100663302</MetadataToken>
              <Name>System.Void LogicaTest.DBPruebasTest::.ctor()</Name>
              <SequencePoints />
              <BranchPoints />
              <MethodPoint vc="0" uspid="106" ordinal="0" offset="0" />
            </Method>
          </Methods>
        </Class>
      </Classes>
      <TrackedMethods>
        <TrackedMethod uid="4" token="100663298" name="System.Void LogicaTest.DBPruebasTest::TestCargaDatosIniciales()" strategy="MSTestTest" />
        <TrackedMethod uid="5" token="100663299" name="System.Void LogicaTest.DBPruebasTest::TestcomprobarContraseña()" strategy="MSTestTest" />
        <TrackedMethod uid="6" token="100663300" name="System.Void LogicaTest.DBPruebasTest::TestleeUsuario()" strategy="MSTestTest" />
        <TrackedMethod uid="7" token="100663301" name="System.Void LogicaTest.DBPruebasTest::TestañadeUsuario()" strategy="MSTestTest" />
      </TrackedMethods>
    </Module>
    <Module hash="07-24-2A-F6-E0-4A-FA-38-EF-24-A7-45-5D-1D-F4-82-B7-E1-80-80">
      <Summary numSequencePoints="255" visitedSequencePoints="149" numBranchPoints="75" visitedBranchPoints="31" sequenceCoverage="58.43" branchCoverage="41.33" maxCyclomaticComplexity="6" minCyclomaticComplexity="1" maxCrapScore="30" minCrapScore="1" visitedClasses="1" numClasses="1" visitedMethods="13" numMethods="23" />
      <ModulePath>C:\Users\migue\Documents\Visual Studio 2017\Projects\KnowResult\LogicaTest\bin\Debug\Logica.dll</ModulePath>
      <ModuleTime>2017-11-12T18:43:42.0296371Z</ModuleTime>
      <ModuleName>Logica</ModuleName>
      <Files>
        <File uid="15" fullPath="C:\Users\migue\Documents\Visual Studio 2017\Projects\KnowResult\Logica\DBPruebas.cs" />
      </Files>
      <Classes>
        <Class>
          <Summary numSequencePoints="255" visitedSequencePoints="149" numBranchPoints="75" visitedBranchPoints="31" sequenceCoverage="58.43" branchCoverage="41.33" maxCyclomaticComplexity="6" minCyclomaticComplexity="1" maxCrapScore="30" minCrapScore="1" visitedClasses="1" numClasses="1" visitedMethods="13" numMethods="23" />
          <FullName>Logica.DBPruebas</FullName>
          <Methods>
            <Method visited="true" cyclomaticComplexity="1" nPathComplexity="0" sequenceCoverage="100" branchCoverage="100" crapScore="1" isConstructor="true" isStatic="false" isGetter="false" isSetter="false">
              <Summary numSequencePoints="4" visitedSequencePoints="4" numBranchPoints="1" visitedBranchPoints="1" sequenceCoverage="100" branchCoverage="100" maxCyclomaticComplexity="1" minCyclomaticComplexity="1" maxCrapScore="1" minCrapScore="1" visitedClasses="0" numClasses="0" visitedMethods="1" numMethods="1" />
              <MetadataToken>100663297</MetadataToken>
              <Name>System.Void Logica.DBPruebas::.ctor()</Name>
              <FileRef uid="15" />
              <SequencePoints>
                <SequencePoint vc="4" uspid="107" ordinal="0" offset="0" sl="17" sc="9" el="17" ec="27" bec="0" bev="0" fileid="15" />
                <SequencePoint vc="4" uspid="108" ordinal="1" offset="7" sl="18" sc="9" el="18" ec="10" bec="0" bev="0" fileid="15" />
                <SequencePoint vc="4" uspid="109" ordinal="2" offset="8" sl="19" sc="13" el="19" ec="35" bec="0" bev="0" fileid="15" />
                <SequencePoint vc="4" uspid="110" ordinal="3" offset="15" sl="20" sc="9" el="20" ec="10" bec="0" bev="0" fileid="15" />
              </SequencePoints>
              <BranchPoints />
              <MethodPoint xsi:type="SequencePoint" vc="4" uspid="107" ordinal="0" offset="0" sl="17" sc="9" el="17" ec="27" bec="0" bev="0" fileid="15" />
            </Method>
            <Method visited="true" cyclomaticComplexity="3" nPathComplexity="2" sequenceCoverage="100" branchCoverage="100" crapScore="3" isConstructor="false" isStatic="false" isGetter="false" isSetter="false">
              <Summary numSequencePoints="6" visitedSequencePoints="6" numBranchPoints="3" visitedBranchPoints="3" sequenceCoverage="100" branchCoverage="100" maxCyclomaticComplexity="3" minCyclomaticComplexity="3" maxCrapScore="3" minCrapScore="3" visitedClasses="0" numClasses="0" visitedMethods="1" numMethods="1" />
              <MetadataToken>100663298</MetadataToken>
              <Name>System.Boolean Logica.DBPruebas::comprobarContraseña(System.String,System.String)</Name>
              <FileRef uid="15" />
              <SequencePoints>
                <SequencePoint vc="3" uspid="111" ordinal="0" offset="0" sl="23" sc="9" el="23" ec="10" bec="0" bev="0" fileid="15">
                  <TrackedMethodRefs>
                    <TrackedMethodRef uid="5" vc="3" />
                  </TrackedMethodRefs>
                </SequencePoint>
                <SequencePoint vc="3" uspid="112" ordinal="1" offset="1" sl="24" sc="13" el="24" ec="45" bec="0" bev="0" fileid="15">
                  <TrackedMethodRefs>
                    <TrackedMethodRef uid="5" vc="3" />
                  </TrackedMethodRefs>
                </SequencePoint>
                <SequencePoint vc="3" uspid="113" ordinal="2" offset="9" sl="25" sc="13" el="25" ec="59" bec="2" bev="2" fileid="15">
                  <TrackedMethodRefs>
                    <TrackedMethodRef uid="5" vc="3" />
                  </TrackedMethodRefs>
                </SequencePoint>
                <SequencePoint vc="1" uspid="114" ordinal="3" offset="31" sl="26" sc="17" el="26" ec="29" bec="0" bev="0" fileid="15">
                  <TrackedMethodRefs>
                    <TrackedMethodRef uid="5" vc="1" />
                  </TrackedMethodRefs>
                </SequencePoint>
                <SequencePoint vc="2" uspid="115" ordinal="4" offset="35" sl="27" sc="13" el="27" ec="26" bec="0" bev="0" fileid="15">
                  <TrackedMethodRefs>
                    <TrackedMethodRef uid="5" vc="2" />
                  </TrackedMethodRefs>
                </SequencePoint>
                <SequencePoint vc="3" uspid="116" ordinal="5" offset="39" sl="28" sc="9" el="28" ec="10" bec="0" bev="0" fileid="15">
                  <TrackedMethodRefs>
                    <TrackedMethodRef uid="5" vc="3" />
                  </TrackedMethodRefs>
                </SequencePoint>
              </SequencePoints>
              <BranchPoints>
                <BranchPoint vc="1" uspid="119" ordinal="2" offset="29" sl="25" path="0" offsetend="31" fileid="15">
                  <TrackedMethodRefs>
                    <TrackedMethodRef uid="5" vc="1" />
                  </TrackedMethodRefs>
                </BranchPoint>
                <BranchPoint vc="2" uspid="120" ordinal="3" offset="29" sl="25" path="1" offsetend="35" fileid="15">
                  <TrackedMethodRefs>
                    <TrackedMethodRef uid="5" vc="2" />
                  </TrackedMethodRefs>
                </BranchPoint>
              </BranchPoints>
[...]
              <Summary numSequencePoints="3" visitedSequencePoints="3" numBranchPoints="1" visitedBranchPoints="1" sequenceCoverage="100" branchCoverage="100" maxCyclomaticComplexity="1" minCyclomaticComplexity="1" maxCrapScore="1" minCrapScore="1" visitedClasses="0" numClasses="0" visitedMethods="1" numMethods="1" />
              <MetadataToken>100663319</MetadataToken>
              <Name>System.Collections.Generic.List`1&lt;Datos.Prueba&gt; Logica.DBPruebas::listarPruebas()</Name>
              <FileRef uid="15" />
              <SequencePoints>
                <SequencePoint vc="1" uspid="447" ordinal="0" offset="0" sl="305" sc="9" el="305" ec="10" bec="0" bev="0" fileid="15">
                  <TrackedMethodRefs>
                    <TrackedMethodRef uid="4" vc="1" />
                  </TrackedMethodRefs>
                </SequencePoint>
                <SequencePoint vc="1" uspid="448" ordinal="1" offset="1" sl="306" sc="13" el="306" ec="53" bec="0" bev="0" fileid="15">
                  <TrackedMethodRefs>
                    <TrackedMethodRef uid="4" vc="1" />
                  </TrackedMethodRefs>
                </SequencePoint>
                <SequencePoint vc="1" uspid="449" ordinal="2" offset="20" sl="307" sc="9" el="307" ec="10" bec="0" bev="0" fileid="15">
                  <TrackedMethodRefs>
                    <TrackedMethodRef uid="4" vc="1" />
                  </TrackedMethodRefs>
                </SequencePoint>
              </SequencePoints>
              <BranchPoints />
              <MethodPoint xsi:type="SequencePoint" vc="1" uspid="447" ordinal="0" offset="0" sl="305" sc="9" el="305" ec="10" bec="0" bev="0" fileid="15">
                <TrackedMethodRefs>
                  <TrackedMethodRef uid="4" vc="1" />
                </TrackedMethodRefs>
              </MethodPoint>
            </Method>
          </Methods>
        </Class>
      </Classes>
      <TrackedMethods />
    </Module>
    <Module hash="03-15-31-50-BB-1C-F0-05-C7-25-3A-D9-0E-66-2E-2D-B3-66-D5-E5">
      <Summary numSequencePoints="56" visitedSequencePoints="21" numBranchPoints="9" visitedBranchPoints="4" sequenceCoverage="37.5" branchCoverage="44.44" maxCyclomaticComplexity="2" minCyclomaticComplexity="1" maxCrapScore="6" minCrapScore="1" visitedClasses="1" numClasses="1" visitedMethods="4" numMethods="7" />
      <ModulePath>C:\Users\migue\Documents\Visual Studio 2017\Projects\KnowResult\wwwTest\bin\Debug\wwwTest.dll</ModulePath>
      <ModuleTime>2017-12-04T18:50:18.4282952Z</ModuleTime>
      <ModuleName>wwwTest</ModuleName>
      <Files>
        <File uid="23" fullPath="C:\Users\migue\Documents\Visual Studio 2017\Projects\KnowResult\wwwTest\LoginCorrecto.cs" />
      </Files>
      <Classes>
        <Class>
          <Summary numSequencePoints="56" visitedSequencePoints="21" numBranchPoints="9" visitedBranchPoints="4" sequenceCoverage="37.5" branchCoverage="44.44" maxCyclomaticComplexity="2" minCyclomaticComplexity="1" maxCrapScore="6" minCrapScore="1" visitedClasses="1" numClasses="1" visitedMethods="4" numMethods="7" />
          <FullName>SeleniumTests.LoginCorrecto</FullName>
          <Methods>
            <Method visited="true" cyclomaticComplexity="1" nPathComplexity="0" sequenceCoverage="100" branchCoverage="100" crapScore="1" isConstructor="false" isStatic="false" isGetter="false" isSetter="false">
              <Summary numSequencePoints="5" visitedSequencePoints="5" numBranchPoints="1" visitedBranchPoints="1" sequenceCoverage="100" branchCoverage="100" maxCyclomaticComplexity="1" minCyclomaticComplexity="1" maxCrapScore="1" minCrapScore="1" visitedClasses="0" numClasses="0" visitedMethods="1" numMethods="1" />
              <MetadataToken>100663297</MetadataToken>
              <Name>System.Void SeleniumTests.LoginCorrecto::SetupTest()</Name>
              <FileRef uid="23" />
              <SequencePoints>
                <SequencePoint vc="1" uspid="483" ordinal="0" offset="0" sl="22" sc="9" el="22" ec="10" bec="0" bev="0" fileid="23" />
                <SequencePoint vc="1" uspid="484" ordinal="1" offset="1" sl="23" sc="13" el="23" ec="42" bec="0" bev="0" fileid="23" />
                <SequencePoint vc="1" uspid="485" ordinal="2" offset="12" sl="24" sc="13" el="24" ec="59" bec="0" bev="0" fileid="23" />
                <SequencePoint vc="1" uspid="486" ordinal="3" offset="23" sl="25" sc="13" el="25" ec="54" bec="0" bev="0" fileid="23" />
                <SequencePoint vc="1" uspid="487" ordinal="4" offset="34" sl="26" sc="9" el="26" ec="10" bec="0" bev="0" fileid="23" />
              </SequencePoints>
              <BranchPoints />
              <MethodPoint xsi:type="SequencePoint" vc="1" uspid="483" ordinal="0" offset="0" sl="22" sc="9" el="22" ec="10" bec="0" bev="0" fileid="23" />
            </Method>
            <Method visited="true" cyclomaticComplexity="1" nPathComplexity="0" sequenceCoverage="66.67" branchCoverage="100" crapScore="1.04" isConstructor="false" isStatic="false" isGetter="false" isSetter="false">
              <Summary numSequencePoints="9" visitedSequencePoints="6" numBranchPoints="1" visitedBranchPoints="1" sequenceCoverage="66.67" branchCoverage="100" maxCyclomaticComplexity="1" minCyclomaticComplexity="1" maxCrapScore="1.04" minCrapScore="1.04" visitedClasses="0" numClasses="0" visitedMethods="1" numMethods="1" />
              <MetadataToken>100663298</MetadataToken>
              <Name>System.Void SeleniumTests.LoginCorrecto::TeardownTest()</Name>
              <FileRef uid="23" />
              <SequencePoints>
                <SequencePoint vc="1" uspid="488" ordinal="0" offset="0" sl="30" sc="9" el="30" ec="10" bec="0" bev="0" fileid="23" />
                <SequencePoint vc="1" uspid="489" ordinal="1" offset="1" sl="32" sc="13" el="32" ec="14" bec="0" bev="0" fileid="23" />
                <SequencePoint vc="1" uspid="490" ordinal="2" offset="2" sl="33" sc="17" el="33" ec="31" bec="0" bev="0" fileid="23" />
                <SequencePoint vc="1" uspid="491" ordinal="3" offset="14" sl="34" sc="13" el="34" ec="14" bec="0" bev="0" fileid="23" />
                <SequencePoint vc="0" uspid="492" ordinal="4" offset="17" sl="35" sc="13" el="35" ec="30" bec="0" bev="0" fileid="23" />
                <SequencePoint vc="0" uspid="493" ordinal="5" offset="18" sl="36" sc="13" el="36" ec="14" bec="0" bev="0" fileid="23" />
                <SequencePoint vc="0" uspid="494" ordinal="6" offset="19" sl="38" sc="13" el="38" ec="14" bec="0" bev="0" fileid="23" />
                <SequencePoint vc="1" uspid="495" ordinal="7" offset="22" sl="39" sc="13" el="39" ec="64" bec="0" bev="0" fileid="23" />
                <SequencePoint vc="1" uspid="496" ordinal="8" offset="44" sl="40" sc="9" el="40" ec="10" bec="0" bev="0" fileid="23" />
              </SequencePoints>
              <BranchPoints />
              <MethodPoint xsi:type="SequencePoint" vc="1" uspid="488" ordinal="0" offset="0" sl="30" sc="9" el="30" ec="10" bec="0" bev="0" fileid="23" />
            </Method>
            <Method visited="true" cyclomaticComplexity="1" nPathComplexity="0" sequenceCoverage="100" branchCoverage="100" crapScore="1" isConstructor="false" isStatic="false" isGetter="false" isSetter="false">
              <Summary numSequencePoints="9" visitedSequencePoints="9" numBranchPoints="1" visitedBranchPoints="1" sequenceCoverage="100" branchCoverage="100" maxCyclomaticComplexity="1" minCyclomaticComplexity="1" maxCrapScore="1" minCrapScore="1" visitedClasses="0" numClasses="0" visitedMethods="1" numMethods="1" />
              <MetadataToken>100663299</MetadataToken>
              <Name>System.Void SeleniumTests.LoginCorrecto::TheLoginCorrectoTest()</Name>
              <FileRef uid="23" />
              <SequencePoints>
                <SequencePoint vc="1" uspid="497" ordinal="0" offset="0" sl="44" sc="9" el="44" ec="10" bec="0" bev="0" fileid="23">
                  <TrackedMethodRefs>
                    <TrackedMethodRef uid="8" vc="1" />
                  </TrackedMethodRefs>
                </SequencePoint>
                <SequencePoint vc="1" uspid="498" ordinal="1" offset="1" sl="45" sc="13" el="45" ec="64" bec="0" bev="0" fileid="23">
                  <TrackedMethodRefs>
                    <TrackedMethodRef uid="8" vc="1" />
                  </TrackedMethodRefs>
                </SequencePoint>
                <SequencePoint vc="1" uspid="499" ordinal="2" offset="34" sl="46" sc="13" el="46" ec="59" bec="0" bev="0" fileid="23">
                  <TrackedMethodRefs>
                    <TrackedMethodRef uid="8" vc="1" />
                  </TrackedMethodRefs>
                </SequencePoint>
                <SequencePoint vc="1" uspid="500" ordinal="3" offset="61" sl="47" sc="13" el="47" ec="71" bec="0" bev="0" fileid="23">
                  <TrackedMethodRefs>
                    <TrackedMethodRef uid="8" vc="1" />
                  </TrackedMethodRefs>
                </SequencePoint>
                <SequencePoint vc="1" uspid="501" ordinal="4" offset="93" sl="48" sc="13" el="48" ec="59" bec="0" bev="0" fileid="23">
                  <TrackedMethodRefs>
                    <TrackedMethodRef uid="8" vc="1" />
                  </TrackedMethodRefs>
                </SequencePoint>
                <SequencePoint vc="1" uspid="502" ordinal="5" offset="120" sl="49" sc="13" el="49" ec="67" bec="0" bev="0" fileid="23">
                  <TrackedMethodRefs>
                    <TrackedMethodRef uid="8" vc="1" />
                  </TrackedMethodRefs>
                </SequencePoint>
                <SequencePoint vc="1" uspid="503" ordinal="6" offset="152" sl="50" sc="13" el="50" ec="58" bec="0" bev="0" fileid="23">
                  <TrackedMethodRefs>
                    <TrackedMethodRef uid="8" vc="1" />
                  </TrackedMethodRefs>
                </SequencePoint>
                <SequencePoint vc="1" uspid="504" ordinal="7" offset="179" sl="51" sc="13" el="51" ec="91" bec="0" bev="0" fileid="23">
                  <TrackedMethodRefs>
                    <TrackedMethodRef uid="8" vc="1" />
                  </TrackedMethodRefs>
                </SequencePoint>
                <SequencePoint vc="1" uspid="505" ordinal="8" offset="216" sl="52" sc="9" el="52" ec="10" bec="0" bev="0" fileid="23">
                  <TrackedMethodRefs>
                    <TrackedMethodRef uid="8" vc="1" />
                  </TrackedMethodRefs>
                </SequencePoint>
              </SequencePoints>
              <BranchPoints />
              <MethodPoint xsi:type="SequencePoint" vc="1" uspid="497" ordinal="0" offset="0" sl="44" sc="9" el="44" ec="10" bec="0" bev="0" fileid="23">
                <TrackedMethodRefs>
                  <TrackedMethodRef uid="8" vc="1" />
                </TrackedMethodRefs>
              </MethodPoint>
            </Method>
            <Method visited="false" cyclomaticComplexity="1" nPathComplexity="0" sequenceCoverage="0" branchCoverage="0" crapScore="2" isConstructor="false" isStatic="false" isGetter="false" isSetter="false">
              <Summary numSequencePoints="8" visitedSequencePoints="0" numBranchPoints="1" visitedBranchPoints="0" sequenceCoverage="0" branchCoverage="0" maxCyclomaticComplexity="1" minCyclomaticComplexity="1" maxCrapScore="2" minCrapScore="2" visitedClasses="0" numClasses="0" visitedMethods="0" numMethods="1" />
              <MetadataToken>100663300</MetadataToken>
              <Name>System.Boolean SeleniumTests.LoginCorrecto::IsElementPresent(OpenQA.Selenium.By)</Name>
              <FileRef uid="23" />
              <SequencePoints>
                <SequencePoint vc="0" uspid="506" ordinal="0" offset="0" sl="54" sc="9" el="54" ec="10" bec="0" bev="0" fileid="23" />
                <SequencePoint vc="0" uspid="507" ordinal="1" offset="1" sl="56" sc="13" el="56" ec="14" bec="0" bev="0" fileid="23" />
                <SequencePoint vc="0" uspid="508" ordinal="2" offset="2" sl="57" sc="17" el="57" ec="40" bec="0" bev="0" fileid="23" />
                <SequencePoint vc="0" uspid="509" ordinal="3" offset="15" sl="58" sc="17" el="58" ec="29" bec="0" bev="0" fileid="23" />
                <SequencePoint vc="0" uspid="510" ordinal="4" offset="19" sl="60" sc="13" el="60" ec="43" bec="0" bev="0" fileid="23" />
                <SequencePoint vc="0" uspid="511" ordinal="5" offset="20" sl="61" sc="13" el="61" ec="14" bec="0" bev="0" fileid="23" />
                <SequencePoint vc="0" uspid="512" ordinal="6" offset="21" sl="62" sc="17" el="62" ec="30" bec="0" bev="0" fileid="23" />
                <SequencePoint vc="0" uspid="513" ordinal="7" offset="25" sl="64" sc="9" el="64" ec="10" bec="0" bev="0" fileid="23" />
              </SequencePoints>
              <BranchPoints />
              <MethodPoint xsi:type="SequencePoint" vc="0" uspid="506" ordinal="0" offset="0" sl="54" sc="9" el="54" ec="10" bec="0" bev="0" fileid="23" />
            </Method>
            <Method visited="false" cyclomaticComplexity="1" nPathComplexity="0" sequenceCoverage="0" branchCoverage="0" crapScore="2" isConstructor="false" isStatic="false" isGetter="false" isSetter="false">
              <Summary numSequencePoints="8" visitedSequencePoints="0" numBranchPoints="1" visitedBranchPoints="0" sequenceCoverage="0" branchCoverage="0" maxCyclomaticComplexity="1" minCyclomaticComplexity="1" maxCrapScore="2" minCrapScore="2" visitedClasses="0" numClasses="0" visitedMethods="0" numMethods="1" />
              <MetadataToken>100663301</MetadataToken>
              <Name>System.Boolean SeleniumTests.LoginCorrecto::IsAlertPresent()</Name>
              <FileRef uid="23" />
              <SequencePoints>
                <SequencePoint vc="0" uspid="514" ordinal="0" offset="0" sl="67" sc="9" el="67" ec="10" bec="0" bev="0" fileid="23" />
                <SequencePoint vc="0" uspid="515" ordinal="1" offset="1" sl="69" sc="13" el="69" ec="14" bec="0" bev="0" fileid="23" />
                <SequencePoint vc="0" uspid="516" ordinal="2" offset="2" sl="70" sc="17" el="70" ec="43" bec="0" bev="0" fileid="23" />
                <SequencePoint vc="0" uspid="517" ordinal="3" offset="19" sl="71" sc="17" el="71" ec="29" bec="0" bev="0" fileid="23" />
                <SequencePoint vc="0" uspid="518" ordinal="4" offset="23" sl="73" sc="13" el="73" ec="44" bec="0" bev="0" fileid="23" />
                <SequencePoint vc="0" uspid="519" ordinal="5" offset="24" sl="74" sc="13" el="74" ec="14" bec="0" bev="0" fileid="23" />
                <SequencePoint vc="0" uspid="520" ordinal="6" offset="25" sl="75" sc="17" el="75" ec="30" bec="0" bev="0" fileid="23" />
                <SequencePoint vc="0" uspid="521" ordinal="7" offset="29" sl="77" sc="9" el="77" ec="10" bec="0" bev="0" fileid="23" />
              </SequencePoints>
              <BranchPoints />
              <MethodPoint xsi:type="SequencePoint" vc="0" uspid="514" ordinal="0" offset="0" sl="67" sc="9" el="67" ec="10" bec="0" bev="0" fileid="23" />
            </Method>
            <Method visited="false" cyclomaticComplexity="2" nPathComplexity="2" sequenceCoverage="0" branchCoverage="0" crapScore="6" isConstructor="false" isStatic="false" isGetter="false" isSetter="false">
              <Summary numSequencePoints="16" visitedSequencePoints="0" numBranchPoints="3" visitedBranchPoints="0" sequenceCoverage="0" branchCoverage="0" maxCyclomaticComplexity="2" minCyclomaticComplexity="2" maxCrapScore="6" minCrapScore="6" visitedClasses="0" numClasses="0" visitedMethods="0" numMethods="1" />
              <MetadataToken>100663302</MetadataToken>
              <Name>System.String SeleniumTests.LoginCorrecto::CloseAlertAndGetItsText()</Name>
              <FileRef uid="23" />
              <SequencePoints>
                <SequencePoint vc="0" uspid="522" ordinal="0" offset="0" sl="79" sc="50" el="79" ec="51" bec="0" bev="0" fileid="23" />
                <SequencePoint vc="0" uspid="523" ordinal="1" offset="1" sl="80" sc="17" el="80" ec="18" bec="0" bev="0" fileid="23" />
                <SequencePoint vc="0" uspid="524" ordinal="2" offset="2" sl="81" sc="17" el="81" ec="58" bec="0" bev="0" fileid="23" />
                <SequencePoint vc="0" uspid="525" ordinal="3" offset="19" sl="82" sc="17" el="82" ec="47" bec="0" bev="0" fileid="23" />
                <SequencePoint vc="0" uspid="526" ordinal="4" offset="26" sl="83" sc="17" el="83" ec="37" bec="2" bev="0" fileid="23" />
                <SequencePoint vc="0" uspid="527" ordinal="5" offset="36" sl="83" sc="38" el="83" ec="39" bec="0" bev="0" fileid="23" />
                <SequencePoint vc="0" uspid="528" ordinal="6" offset="37" sl="84" sc="21" el="84" ec="36" bec="0" bev="0" fileid="23" />
                <SequencePoint vc="0" uspid="529" ordinal="7" offset="44" sl="85" sc="17" el="85" ec="18" bec="0" bev="0" fileid="23" />
                <SequencePoint vc="0" uspid="530" ordinal="8" offset="47" sl="85" sc="24" el="85" ec="25" bec="0" bev="0" fileid="23" />
                <SequencePoint vc="0" uspid="531" ordinal="9" offset="48" sl="86" sc="21" el="86" ec="37" bec="0" bev="0" fileid="23" />
                <SequencePoint vc="0" uspid="532" ordinal="10" offset="55" sl="87" sc="17" el="87" ec="18" bec="0" bev="0" fileid="23" />
                <SequencePoint vc="0" uspid="533" ordinal="11" offset="56" sl="88" sc="17" el="88" ec="34" bec="0" bev="0" fileid="23" />
                <SequencePoint vc="0" uspid="534" ordinal="12" offset="60" sl="89" sc="23" el="89" ec="24" bec="0" bev="0" fileid="23" />
                <SequencePoint vc="0" uspid="535" ordinal="13" offset="61" sl="90" sc="17" el="90" ec="40" bec="0" bev="0" fileid="23" />
                <SequencePoint vc="0" uspid="536" ordinal="14" offset="68" sl="91" sc="13" el="91" ec="14" bec="0" bev="0" fileid="23" />
                <SequencePoint vc="0" uspid="537" ordinal="15" offset="70" sl="92" sc="9" el="92" ec="10" bec="0" bev="0" fileid="23" />
              </SequencePoints>
              <BranchPoints>
                <BranchPoint vc="0" uspid="538" ordinal="0" offset="34" sl="83" path="0" offsetend="36" fileid="23" />
                <BranchPoint vc="0" uspid="539" ordinal="1" offset="34" sl="83" path="1" offsetend="47" fileid="23" />
              </BranchPoints>
              <MethodPoint xsi:type="SequencePoint" vc="0" uspid="522" ordinal="0" offset="0" sl="79" sc="50" el="79" ec="51" bec="0" bev="0" fileid="23" />
            </Method>
            <Method visited="true" cyclomaticComplexity="1" nPathComplexity="0" sequenceCoverage="100" branchCoverage="100" crapScore="1" isConstructor="true" isStatic="false" isGetter="false" isSetter="false">
              <Summary numSequencePoints="1" visitedSequencePoints="1" numBranchPoints="1" visitedBranchPoints="1" sequenceCoverage="100" branchCoverage="100" maxCyclomaticComplexity="1" minCyclomaticComplexity="1" maxCrapScore="1" minCrapScore="1" visitedClasses="0" numClasses="0" visitedMethods="1" numMethods="1" />
              <MetadataToken>100663303</MetadataToken>
              <Name>System.Void SeleniumTests.LoginCorrecto::.ctor()</Name>
              <FileRef uid="23" />
              <SequencePoints>
                <SequencePoint vc="1" uspid="540" ordinal="0" offset="0" sl="18" sc="9" el="18" ec="45" bec="0" bev="0" fileid="23" />
              </SequencePoints>
              <BranchPoints />
              <MethodPoint xsi:type="SequencePoint" vc="1" uspid="540" ordinal="0" offset="0" sl="18" sc="9" el="18" ec="45" bec="0" bev="0" fileid="23" />
            </Method>
          </Methods>
        </Class>
      </Classes>
      <TrackedMethods>
        <TrackedMethod uid="8" token="100663299" name="System.Void SeleniumTests.LoginCorrecto::TheLoginCorrectoTest()" strategy="MSTestTest" />
      </TrackedMethods>
    </Module>
  </Modules>
</CoverageSession>